<?xml version="1.0" encoding="UTF-8"?>
<testsuite name="com.orevan.serenity.DefinitionTestSuite" time="28.215" tests="57" errors="0" skipped="0" failures="0">
  <properties>
    <property name="java.runtime.name" value="Java(TM) SE Runtime Environment"/>
    <property name="sun.boot.library.path" value="C:\Program Files\Java\jdk1.8.0_101\jre\bin"/>
    <property name="java.vm.version" value="25.101-b13"/>
    <property name="java.vm.vendor" value="Oracle Corporation"/>
    <property name="maven.multiModuleProjectDirectory" value="C:\Automation Framework\ExampleAutomationFramework\mycucumber_serenity_arche\mySerenity"/>
    <property name="java.vendor.url" value="http://java.oracle.com/"/>
    <property name="path.separator" value=";"/>
    <property name="guice.disable.misplaced.annotation.check" value="true"/>
    <property name="java.vm.name" value="Java HotSpot(TM) 64-Bit Server VM"/>
    <property name="file.encoding.pkg" value="sun.io"/>
    <property name="user.script" value=""/>
    <property name="user.country" value="GB"/>
    <property name="sun.java.launcher" value="SUN_STANDARD"/>
    <property name="sun.os.patch.level" value=""/>
    <property name="java.vm.specification.name" value="Java Virtual Machine Specification"/>
    <property name="user.dir" value="C:\Automation Framework\ExampleAutomationFramework\mycucumber_serenity_arche\mySerenity"/>
    <property name="java.runtime.version" value="1.8.0_101-b13"/>
    <property name="java.awt.graphicsenv" value="sun.awt.Win32GraphicsEnvironment"/>
    <property name="java.endorsed.dirs" value="C:\Program Files\Java\jdk1.8.0_101\jre\lib\endorsed"/>
    <property name="os.arch" value="amd64"/>
    <property name="java.io.tmpdir" value="C:\Users\tolaf\AppData\Local\Temp\"/>
    <property name="line.separator" value="&#10;"/>
    <property name="java.vm.specification.vendor" value="Oracle Corporation"/>
    <property name="user.variant" value=""/>
    <property name="os.name" value="Windows 10"/>
    <property name="classworlds.conf" value="C:\Automation Framework\apache-maven-3.3.9\bin\m2.conf"/>
    <property name="sun.jnu.encoding" value="Cp1252"/>
    <property name="java.library.path" value="C:\Program Files\Java\jdk1.8.0_101\bin;C:\WINDOWS\Sun\Java\bin;C:\WINDOWS\system32;C:\WINDOWS;C:\ProgramData\Oracle\Java\javapath;C:\Program Files (x86)\Intel\iCLS Client\;C:\Program Files\Intel\iCLS Client\;C:\WINDOWS\system32;C:\WINDOWS;C:\WINDOWS\System32\Wbem;C:\WINDOWS\System32\WindowsPowerShell\v1.0\;C:\Program Files (x86)\Intel\Intel(R) Management Engine Components\DAL;C:\Program Files\Intel\Intel(R) Management Engine Components\DAL;C:\Program Files (x86)\Intel\Intel(R) Management Engine Components\IPT;C:\Program Files\Intel\Intel(R) Management Engine Components\IPT;C:\Program Files\Intel\WiFi\bin\;C:\Program Files\Common Files\Intel\WirelessCommon\;C:\Program Files (x86)\Skype\Phone\;C:\Program Files\Git\cmd;C:\Automation Framework\apache-maven-3.3.9\bin;C:\Automation Framework\gradle-2.14.1\bin;C:\Users\tolaf\AppData\Local\Microsoft\WindowsApps;;."/>
    <property name="java.specification.name" value="Java Platform API Specification"/>
    <property name="java.class.version" value="52.0"/>
    <property name="sun.management.compiler" value="HotSpot 64-Bit Tiered Compilers"/>
    <property name="os.version" value="10.0"/>
    <property name="user.home" value="C:\Users\tolaf"/>
    <property name="user.timezone" value="Europe/London"/>
    <property name="java.awt.printerjob" value="sun.awt.windows.WPrinterJob"/>
    <property name="java.specification.version" value="1.8"/>
    <property name="file.encoding" value="Cp1252"/>
    <property name="user.name" value="tolaf"/>
    <property name="java.class.path" value="C:\Automation Framework\apache-maven-3.3.9\boot\plexus-classworlds-2.5.2.jar"/>
    <property name="java.vm.specification.version" value="1.8"/>
    <property name="sun.arch.data.model" value="64"/>
    <property name="java.home" value="C:\Program Files\Java\jdk1.8.0_101\jre"/>
    <property name="sun.java.command" value="org.codehaus.plexus.classworlds.launcher.Launcher verify"/>
    <property name="java.specification.vendor" value="Oracle Corporation"/>
    <property name="user.language" value="en"/>
    <property name="awt.toolkit" value="sun.awt.windows.WToolkit"/>
    <property name="java.vm.info" value="mixed mode"/>
    <property name="java.version" value="1.8.0_101"/>
    <property name="java.ext.dirs" value="C:\Program Files\Java\jdk1.8.0_101\jre\lib\ext;C:\WINDOWS\Sun\Java\lib\ext"/>
    <property name="sun.boot.class.path" value="C:\Program Files\Java\jdk1.8.0_101\jre\lib\resources.jar;C:\Program Files\Java\jdk1.8.0_101\jre\lib\rt.jar;C:\Program Files\Java\jdk1.8.0_101\jre\lib\sunrsasign.jar;C:\Program Files\Java\jdk1.8.0_101\jre\lib\jsse.jar;C:\Program Files\Java\jdk1.8.0_101\jre\lib\jce.jar;C:\Program Files\Java\jdk1.8.0_101\jre\lib\charsets.jar;C:\Program Files\Java\jdk1.8.0_101\jre\lib\jfr.jar;C:\Program Files\Java\jdk1.8.0_101\jre\classes"/>
    <property name="sun.stderr.encoding" value="cp850"/>
    <property name="java.vendor" value="Oracle Corporation"/>
    <property name="maven.home" value="C:\Automation Framework\apache-maven-3.3.9"/>
    <property name="file.separator" value="\"/>
    <property name="java.vendor.url.bug" value="http://bugreport.sun.com/bugreport/"/>
    <property name="sun.cpu.endian" value="little"/>
    <property name="sun.io.unicode.encoding" value="UnicodeLittle"/>
    <property name="sun.stdout.encoding" value="cp850"/>
    <property name="sun.desktop" value="windows"/>
    <property name="sun.cpu.isalist" value="amd64"/>
  </properties>
  <testcase name="Given Luma Home Page" classname="Scenario: Open and Close Mini Cart" time="0.001"/>
  <testcase name="When User Trigger Mini Cart" classname="Scenario: Open and Close Mini Cart" time="0"/>
  <testcase name="Then Mini Cart remain Open" classname="Scenario: Open and Close Mini Cart" time="0"/>
  <testcase name="When User Close Mini Cart" classname="Scenario: Open and Close Mini Cart" time="0"/>
  <testcase name="Then Mini Cart is Closed" classname="Scenario: Open and Close Mini Cart" time="0"/>
  <testcase name="Scenario: Open and Close Mini Cart" classname="Scenario: Open and Close Mini Cart" time="2.772"/>
  <testcase name="Given Luma Home Page" classname="| What&apos;s New | Wayfarer Messenger Bag |" time="0"/>
  <testcase name="And User Trigger Top Level Entry &quot;What&apos;s New&quot;" classname="| What&apos;s New | Wayfarer Messenger Bag |" time="0"/>
  <testcase name="And User Add One of Listed Products &quot;Wayfarer Messenger Bag&quot; to Cart" classname="| What&apos;s New | Wayfarer Messenger Bag |" time="0"/>
  <testcase name="When User Trigger Mini Cart" classname="| What&apos;s New | Wayfarer Messenger Bag |" time="0"/>
  <testcase name="Then Product &quot;Wayfarer Messenger Bag&quot; is Visible in Mini Cart" classname="| What&apos;s New | Wayfarer Messenger Bag |" time="0"/>
  <testcase name="| What&apos;s New | Wayfarer Messenger Bag |" classname="| What&apos;s New | Wayfarer Messenger Bag |" time="2.302"/>
  <testcase name="Given Luma Home Page" classname="| Gear | Fusion Backpack |" time="0"/>
  <testcase name="And User Trigger Top Level Entry &quot;Gear&quot;" classname="| Gear | Fusion Backpack |" time="0"/>
  <testcase name="And User Add One of Listed Products &quot;Fusion Backpack&quot; to Cart" classname="| Gear | Fusion Backpack |" time="0"/>
  <testcase name="When User Trigger Mini Cart" classname="| Gear | Fusion Backpack |" time="0"/>
  <testcase name="Then Product &quot;Fusion Backpack&quot; is Visible in Mini Cart" classname="| Gear | Fusion Backpack |" time="0"/>
  <testcase name="| Gear | Fusion Backpack |" classname="| Gear | Fusion Backpack |" time="4.854"/>
  <testcase name="Given Luma Home Page" classname="| What&apos;s New | Rival Field Messenger |" time="0"/>
  <testcase name="And User Trigger Top Level Entry &quot;What&apos;s New&quot;" classname="| What&apos;s New | Rival Field Messenger |" time="0"/>
  <testcase name="And User Add One of Listed Products &quot;Rival Field Messenger&quot; to Cart" classname="| What&apos;s New | Rival Field Messenger |" time="0"/>
  <testcase name="When User Trigger Mini Cart" classname="| What&apos;s New | Rival Field Messenger |" time="0"/>
  <testcase name="And Remove Product &quot;Rival Field Messenger&quot; in Mini Cart" classname="| What&apos;s New | Rival Field Messenger |" time="0"/>
  <testcase name="Then Mini Cart is Empty" classname="| What&apos;s New | Rival Field Messenger |" time="0"/>
  <testcase name="| What&apos;s New | Rival Field Messenger |" classname="| What&apos;s New | Rival Field Messenger |" time="2.347"/>
  <testcase name="Given Luma Home Page" classname="| Gear | Affirm Water Bottle |" time="0"/>
  <testcase name="And User Trigger Top Level Entry &quot;Gear&quot;" classname="| Gear | Affirm Water Bottle |" time="0"/>
  <testcase name="And User Add One of Listed Products &quot;Affirm Water Bottle&quot; to Cart" classname="| Gear | Affirm Water Bottle |" time="0"/>
  <testcase name="When User Trigger Mini Cart" classname="| Gear | Affirm Water Bottle |" time="0"/>
  <testcase name="And Remove Product &quot;Affirm Water Bottle&quot; in Mini Cart" classname="| Gear | Affirm Water Bottle |" time="0"/>
  <testcase name="Then Mini Cart is Empty" classname="| Gear | Affirm Water Bottle |" time="0"/>
  <testcase name="| Gear | Affirm Water Bottle |" classname="| Gear | Affirm Water Bottle |" time="5.752"/>
  <testcase name="Given Luma Home Page" classname="| Men | Men Bottoms | Meteor Workout Short | 3 |" time="0"/>
  <testcase name="And User Trigger Top Level &quot;Men&quot; then Sub Category Level &quot;Men Bottoms&quot;" classname="| Men | Men Bottoms | Meteor Workout Short | 3 |" time="0"/>
  <testcase name="And User Click Configurable Product &quot;Meteor Workout Short&quot;" classname="| Men | Men Bottoms | Meteor Workout Short | 3 |" time="0"/>
  <testcase name="And User Select Random Swatch Options" classname="| Men | Men Bottoms | Meteor Workout Short | 3 |" time="0"/>
  <testcase name="And User Add PDP Product &quot;Meteor Workout Short&quot; to Cart" classname="| Men | Men Bottoms | Meteor Workout Short | 3 |" time="0"/>
  <testcase name="When User Trigger Mini Cart" classname="| Men | Men Bottoms | Meteor Workout Short | 3 |" time="0"/>
  <testcase name="And Update Product Quantity with &quot;3&quot;" classname="| Men | Men Bottoms | Meteor Workout Short | 3 |" time="0"/>
  <testcase name="Then Product &quot;Meteor Workout Short&quot; Quantity is Updated to &quot;3&quot;" classname="| Men | Men Bottoms | Meteor Workout Short | 3 |" time="0"/>
  <testcase name="| Men | Men Bottoms | Meteor Workout Short | 3 |" classname="| Men | Men Bottoms | Meteor Workout Short | 3 |" time="4.697"/>
  <testcase name="Given Luma Home Page" classname="| Gear | Fusion Backpack | 7 |" time="0"/>
  <testcase name="And User Trigger Top Level Entry &quot;Gear&quot;" classname="| Gear | Fusion Backpack | 7 |" time="0"/>
  <testcase name="And User Add One of Listed Products &quot;Fusion Backpack&quot; to Cart" classname="| Gear | Fusion Backpack | 7 |" time="0"/>
  <testcase name="When User Trigger Mini Cart" classname="| Gear | Fusion Backpack | 7 |" time="0"/>
  <testcase name="And Edit Product with Quantity &quot;7&quot;" classname="| Gear | Fusion Backpack | 7 |" time="0"/>
  <testcase name="Then Product &quot;Fusion Backpack&quot; Quantity is Updated to &quot;7&quot;" classname="| Gear | Fusion Backpack | 7 |" time="0.001"/>
  <testcase name="| Gear | Fusion Backpack | 7 |" classname="| Gear | Fusion Backpack | 7 |" time="1.208"/>
  <testcase name="Given Luma Home Page" classname="| Women | Women Tops | Gwyn Endurance Tee | Yellow |" time="0.001"/>
  <testcase name="And User Trigger Top Level &quot;Women&quot; then Sub Category Level &quot;Women Tops&quot;" classname="| Women | Women Tops | Gwyn Endurance Tee | Yellow |" time="0"/>
  <testcase name="And User Click Configurable Product &quot;Gwyn Endurance Tee&quot;" classname="| Women | Women Tops | Gwyn Endurance Tee | Yellow |" time="0"/>
  <testcase name="And User Select Random Swatch Options" classname="| Women | Women Tops | Gwyn Endurance Tee | Yellow |" time="0"/>
  <testcase name="And User Add PDP Product &quot;Gwyn Endurance Tee&quot; to Cart" classname="| Women | Women Tops | Gwyn Endurance Tee | Yellow |" time="0"/>
  <testcase name="When User Trigger Mini Cart" classname="| Women | Women Tops | Gwyn Endurance Tee | Yellow |" time="0"/>
  <testcase name="And Edit Product with Swatch &quot;Yellow&quot;" classname="| Women | Women Tops | Gwyn Endurance Tee | Yellow |" time="0"/>
  <testcase name="Then Product &quot;Gwyn Endurance Tee&quot; Swatch is Updated to &quot;Yellow&quot;" classname="| Women | Women Tops | Gwyn Endurance Tee | Yellow |" time="0"/>
  <testcase name="| Women | Women Tops | Gwyn Endurance Tee | Yellow |" classname="| Women | Women Tops | Gwyn Endurance Tee | Yellow |" time="4.28"/>
</testsuite>