<?xml version="1.0" encoding="UTF-8"?>
<testsuite name="com.orevan.serenity.DefinitionTestSuite" time="30.876" tests="118" errors="2" skipped="2" failures="0">
  <properties>
    <property name="java.runtime.name" value="Java(TM) SE Runtime Environment"/>
    <property name="sun.boot.library.path" value="C:\Program Files\Java\jdk1.8.0_101\jre\bin"/>
    <property name="java.vm.version" value="25.101-b13"/>
    <property name="java.vm.vendor" value="Oracle Corporation"/>
    <property name="maven.multiModuleProjectDirectory" value="C:\Automation Framework\ExampleAutomationFramework\mycucumber_serenity_arche\mySerenity"/>
    <property name="java.vendor.url" value="http://java.oracle.com/"/>
    <property name="path.separator" value=";"/>
    <property name="guice.disable.misplaced.annotation.check" value="true"/>
    <property name="java.vm.name" value="Java HotSpot(TM) 64-Bit Server VM"/>
    <property name="file.encoding.pkg" value="sun.io"/>
    <property name="user.script" value=""/>
    <property name="user.country" value="GB"/>
    <property name="sun.java.launcher" value="SUN_STANDARD"/>
    <property name="sun.os.patch.level" value=""/>
    <property name="java.vm.specification.name" value="Java Virtual Machine Specification"/>
    <property name="user.dir" value="C:\Automation Framework\ExampleAutomationFramework\mycucumber_serenity_arche\mySerenity"/>
    <property name="java.runtime.version" value="1.8.0_101-b13"/>
    <property name="java.awt.graphicsenv" value="sun.awt.Win32GraphicsEnvironment"/>
    <property name="java.endorsed.dirs" value="C:\Program Files\Java\jdk1.8.0_101\jre\lib\endorsed"/>
    <property name="os.arch" value="amd64"/>
    <property name="java.io.tmpdir" value="C:\Users\tolaf\AppData\Local\Temp\"/>
    <property name="line.separator" value="&#10;"/>
    <property name="java.vm.specification.vendor" value="Oracle Corporation"/>
    <property name="user.variant" value=""/>
    <property name="os.name" value="Windows 10"/>
    <property name="classworlds.conf" value="C:\Automation Framework\apache-maven-3.3.9\bin\m2.conf"/>
    <property name="sun.jnu.encoding" value="Cp1252"/>
    <property name="java.library.path" value="C:\Program Files\Java\jdk1.8.0_101\bin;C:\WINDOWS\Sun\Java\bin;C:\WINDOWS\system32;C:\WINDOWS;C:\ProgramData\Oracle\Java\javapath;C:\Program Files (x86)\Intel\iCLS Client\;C:\Program Files\Intel\iCLS Client\;C:\WINDOWS\system32;C:\WINDOWS;C:\WINDOWS\System32\Wbem;C:\WINDOWS\System32\WindowsPowerShell\v1.0\;C:\Program Files (x86)\Intel\Intel(R) Management Engine Components\DAL;C:\Program Files\Intel\Intel(R) Management Engine Components\DAL;C:\Program Files (x86)\Intel\Intel(R) Management Engine Components\IPT;C:\Program Files\Intel\Intel(R) Management Engine Components\IPT;C:\Program Files\Intel\WiFi\bin\;C:\Program Files\Common Files\Intel\WirelessCommon\;C:\Program Files (x86)\Skype\Phone\;C:\Program Files\Git\cmd;C:\Automation Framework\apache-maven-3.3.9\bin;C:\Automation Framework\gradle-2.14.1\bin;C:\Users\tolaf\AppData\Local\Microsoft\WindowsApps;;."/>
    <property name="java.specification.name" value="Java Platform API Specification"/>
    <property name="java.class.version" value="52.0"/>
    <property name="sun.management.compiler" value="HotSpot 64-Bit Tiered Compilers"/>
    <property name="os.version" value="10.0"/>
    <property name="user.home" value="C:\Users\tolaf"/>
    <property name="user.timezone" value="Europe/London"/>
    <property name="java.awt.printerjob" value="sun.awt.windows.WPrinterJob"/>
    <property name="java.specification.version" value="1.8"/>
    <property name="file.encoding" value="Cp1252"/>
    <property name="user.name" value="tolaf"/>
    <property name="java.class.path" value="C:\Automation Framework\apache-maven-3.3.9\boot\plexus-classworlds-2.5.2.jar"/>
    <property name="java.vm.specification.version" value="1.8"/>
    <property name="sun.arch.data.model" value="64"/>
    <property name="java.home" value="C:\Program Files\Java\jdk1.8.0_101\jre"/>
    <property name="sun.java.command" value="org.codehaus.plexus.classworlds.launcher.Launcher verify"/>
    <property name="java.specification.vendor" value="Oracle Corporation"/>
    <property name="user.language" value="en"/>
    <property name="awt.toolkit" value="sun.awt.windows.WToolkit"/>
    <property name="java.vm.info" value="mixed mode"/>
    <property name="java.version" value="1.8.0_101"/>
    <property name="java.ext.dirs" value="C:\Program Files\Java\jdk1.8.0_101\jre\lib\ext;C:\WINDOWS\Sun\Java\lib\ext"/>
    <property name="sun.boot.class.path" value="C:\Program Files\Java\jdk1.8.0_101\jre\lib\resources.jar;C:\Program Files\Java\jdk1.8.0_101\jre\lib\rt.jar;C:\Program Files\Java\jdk1.8.0_101\jre\lib\sunrsasign.jar;C:\Program Files\Java\jdk1.8.0_101\jre\lib\jsse.jar;C:\Program Files\Java\jdk1.8.0_101\jre\lib\jce.jar;C:\Program Files\Java\jdk1.8.0_101\jre\lib\charsets.jar;C:\Program Files\Java\jdk1.8.0_101\jre\lib\jfr.jar;C:\Program Files\Java\jdk1.8.0_101\jre\classes"/>
    <property name="sun.stderr.encoding" value="cp850"/>
    <property name="java.vendor" value="Oracle Corporation"/>
    <property name="maven.home" value="C:\Automation Framework\apache-maven-3.3.9"/>
    <property name="file.separator" value="\"/>
    <property name="java.vendor.url.bug" value="http://bugreport.sun.com/bugreport/"/>
    <property name="sun.cpu.endian" value="little"/>
    <property name="sun.io.unicode.encoding" value="UnicodeLittle"/>
    <property name="sun.stdout.encoding" value="cp850"/>
    <property name="sun.desktop" value="windows"/>
    <property name="sun.cpu.isalist" value="amd64"/>
  </properties>
  <testcase name="Given Luma Home Page" classname="Scenario: Guest User Trigger Wish List" time="0.001"/>
  <testcase name="When User Trigger Wish List Entry Point CTA" classname="Scenario: Guest User Trigger Wish List" time="0"/>
  <testcase name="Then Registered User Entry Point is Displayed" classname="Scenario: Guest User Trigger Wish List" time="0"/>
  <testcase name="Scenario: Guest User Trigger Wish List" classname="Scenario: Guest User Trigger Wish List" time="1.345"/>
  <testcase name="Given Luma Home Page" classname="| BDD1002 Duduosun | bdd1002@duduosun.com | salmon02 | What&apos;s New | Rival Field Messenger |" time="0"/>
  <testcase name="And Trigger Registered &quot;BDD1002 Duduosun&quot; Action with &quot;bdd1002@duduosun.com&quot; and &quot;salmon02&quot;" classname="| BDD1002 Duduosun | bdd1002@duduosun.com | salmon02 | What&apos;s New | Rival Field Messenger |" time="0"/>
  <testcase name="When User Trigger Top Level Entry &quot;What&apos;s New&quot;" classname="| BDD1002 Duduosun | bdd1002@duduosun.com | salmon02 | What&apos;s New | Rival Field Messenger |" time="0"/>
  <testcase name="And User Add One of Listed Products &quot;Rival Field Messenger&quot; to Wish List" classname="| BDD1002 Duduosun | bdd1002@duduosun.com | salmon02 | What&apos;s New | Rival Field Messenger |" time="0"/>
  <testcase name="Then My Wish List &quot;Rival Field Messenger&quot; is Displayed" classname="| BDD1002 Duduosun | bdd1002@duduosun.com | salmon02 | What&apos;s New | Rival Field Messenger |" time="0"/>
  <testcase name="And Luma Module for Registered &quot;BDD1002 Duduosun&quot; remain available" classname="| BDD1002 Duduosun | bdd1002@duduosun.com | salmon02 | What&apos;s New | Rival Field Messenger |" time="0"/>
  <testcase name="| BDD1002 Duduosun | bdd1002@duduosun.com | salmon02 | What&apos;s New | Rival Field Messenger |" classname="| BDD1002 Duduosun | bdd1002@duduosun.com | salmon02 | What&apos;s New | Rival Field Messenger |" time="1.251"/>
  <testcase name="Given Luma Home Page" classname="| BDD1002 Duduosun | bdd1002@duduosun.com | salmon02 | Women | Breathe-Easy Tank |" time="0"/>
  <testcase name="And Trigger Registered &quot;BDD1002 Duduosun&quot; Action with &quot;bdd1002@duduosun.com&quot; and &quot;salmon02&quot;" classname="| BDD1002 Duduosun | bdd1002@duduosun.com | salmon02 | Women | Breathe-Easy Tank |" time="0"/>
  <testcase name="When User Trigger Top Level Entry &quot;Women&quot;" classname="| BDD1002 Duduosun | bdd1002@duduosun.com | salmon02 | Women | Breathe-Easy Tank |" time="0"/>
  <testcase name="And User Add One of Listed Products &quot;Breathe-Easy Tank&quot; to Wish List" classname="| BDD1002 Duduosun | bdd1002@duduosun.com | salmon02 | Women | Breathe-Easy Tank |" time="0"/>
  <testcase name="Then My Wish List &quot;Breathe-Easy Tank&quot; is Displayed" classname="| BDD1002 Duduosun | bdd1002@duduosun.com | salmon02 | Women | Breathe-Easy Tank |" time="0"/>
  <testcase name="And Luma Module for Registered &quot;BDD1002 Duduosun&quot; remain available" classname="| BDD1002 Duduosun | bdd1002@duduosun.com | salmon02 | Women | Breathe-Easy Tank |" time="0"/>
  <testcase name="| BDD1002 Duduosun | bdd1002@duduosun.com | salmon02 | Women | Breathe-Easy Tank |" classname="| BDD1002 Duduosun | bdd1002@duduosun.com | salmon02 | Women | Breathe-Easy Tank |" time="3.616"/>
  <testcase name="Given Luma Home Page" classname="| BDD1002 Duduosun | bdd1002@duduosun.com | salmon02 | Rival Field Messenger |" time="0"/>
  <testcase name="And Trigger Registered &quot;BDD1002 Duduosun&quot; Action with &quot;bdd1002@duduosun.com&quot; and &quot;salmon02&quot;" classname="| BDD1002 Duduosun | bdd1002@duduosun.com | salmon02 | Rival Field Messenger |" time="0"/>
  <testcase name="When User Remove Product &quot;Rival Field Messenger&quot; from Sidebar Wish List" classname="| BDD1002 Duduosun | bdd1002@duduosun.com | salmon02 | Rival Field Messenger |" time="0"/>
  <testcase name="Then Product &quot;Rival Field Messenger&quot; is not Visible in My Wish List" classname="| BDD1002 Duduosun | bdd1002@duduosun.com | salmon02 | Rival Field Messenger |" time="0"/>
  <testcase name="And Luma Module for Registered &quot;BDD1002 Duduosun&quot; remain available" classname="| BDD1002 Duduosun | bdd1002@duduosun.com | salmon02 | Rival Field Messenger |" time="0"/>
  <testcase name="| BDD1002 Duduosun | bdd1002@duduosun.com | salmon02 | Rival Field Messenger |" classname="| BDD1002 Duduosun | bdd1002@duduosun.com | salmon02 | Rival Field Messenger |" time="1.293"/>
  <testcase name="Given Luma Home Page" classname="| BDD1002 Duduosun | bdd1002@duduosun.com | salmon02 | Breathe-Easy Tank |" time="0"/>
  <testcase name="And Trigger Registered &quot;BDD1002 Duduosun&quot; Action with &quot;bdd1002@duduosun.com&quot; and &quot;salmon02&quot;" classname="| BDD1002 Duduosun | bdd1002@duduosun.com | salmon02 | Breathe-Easy Tank |" time="0"/>
  <testcase name="When User Remove Product &quot;Breathe-Easy Tank&quot; from Sidebar Wish List" classname="| BDD1002 Duduosun | bdd1002@duduosun.com | salmon02 | Breathe-Easy Tank |" time="0"/>
  <testcase name="Then Product &quot;Breathe-Easy Tank&quot; is not Visible in My Wish List" classname="| BDD1002 Duduosun | bdd1002@duduosun.com | salmon02 | Breathe-Easy Tank |" time="0"/>
  <testcase name="And Luma Module for Registered &quot;BDD1002 Duduosun&quot; remain available" classname="| BDD1002 Duduosun | bdd1002@duduosun.com | salmon02 | Breathe-Easy Tank |" time="0"/>
  <testcase name="| BDD1002 Duduosun | bdd1002@duduosun.com | salmon02 | Breathe-Easy Tank |" classname="| BDD1002 Duduosun | bdd1002@duduosun.com | salmon02 | Breathe-Easy Tank |" time="2.319"/>
  <testcase name="Given Luma Home Page" classname="| BDD1003 Duduosun | bdd1003@duduosun.com | salmon03 | Men | Men Tops | Balboa Persistence Tee |" time="0"/>
  <testcase name="And Trigger Registered &quot;BDD1003 Duduosun&quot; Action with &quot;bdd1003@duduosun.com&quot; and &quot;salmon03&quot;" classname="| BDD1003 Duduosun | bdd1003@duduosun.com | salmon03 | Men | Men Tops | Balboa Persistence Tee |" time="0"/>
  <testcase name="When User Trigger Top Level &quot;Men&quot; then Sub Category Level &quot;Men Tops&quot;" classname="| BDD1003 Duduosun | bdd1003@duduosun.com | salmon03 | Men | Men Tops | Balboa Persistence Tee |" time="0"/>
  <testcase name="And User Add One of Listed Products &quot;Balboa Persistence Tee&quot; to Wish List" classname="| BDD1003 Duduosun | bdd1003@duduosun.com | salmon03 | Men | Men Tops | Balboa Persistence Tee |" time="0"/>
  <testcase name="Then My Wish List &quot;Balboa Persistence Tee&quot; is Displayed" classname="| BDD1003 Duduosun | bdd1003@duduosun.com | salmon03 | Men | Men Tops | Balboa Persistence Tee |" time="0"/>
  <testcase name="And Luma Module for Registered &quot;BDD1003 Duduosun&quot; remain available" classname="| BDD1003 Duduosun | bdd1003@duduosun.com | salmon03 | Men | Men Tops | Balboa Persistence Tee |" time="0"/>
  <testcase name="| BDD1003 Duduosun | bdd1003@duduosun.com | salmon03 | Men | Men Tops | Balboa Persistence Tee |" classname="| BDD1003 Duduosun | bdd1003@duduosun.com | salmon03 | Men | Men Tops | Balboa Persistence Tee |" time="1.198"/>
  <testcase name="Given Luma Home Page" classname="| BDD1003 Duduosun | bdd1003@duduosun.com | salmon03 | Gear | Bags | Voyage Yoga Bag |" time="0"/>
  <testcase name="And Trigger Registered &quot;BDD1003 Duduosun&quot; Action with &quot;bdd1003@duduosun.com&quot; and &quot;salmon03&quot;" classname="| BDD1003 Duduosun | bdd1003@duduosun.com | salmon03 | Gear | Bags | Voyage Yoga Bag |" time="0"/>
  <testcase name="When User Trigger Top Level &quot;Gear&quot; then Sub Category Level &quot;Bags&quot;" classname="| BDD1003 Duduosun | bdd1003@duduosun.com | salmon03 | Gear | Bags | Voyage Yoga Bag |" time="0"/>
  <testcase name="And User Add One of Listed Products &quot;Voyage Yoga Bag&quot; to Wish List" classname="| BDD1003 Duduosun | bdd1003@duduosun.com | salmon03 | Gear | Bags | Voyage Yoga Bag |" time="0"/>
  <testcase name="Then My Wish List &quot;Voyage Yoga Bag&quot; is Displayed" classname="| BDD1003 Duduosun | bdd1003@duduosun.com | salmon03 | Gear | Bags | Voyage Yoga Bag |" time="0"/>
  <testcase name="And Luma Module for Registered &quot;BDD1003 Duduosun&quot; remain available" classname="| BDD1003 Duduosun | bdd1003@duduosun.com | salmon03 | Gear | Bags | Voyage Yoga Bag |" time="0"/>
  <testcase name="| BDD1003 Duduosun | bdd1003@duduosun.com | salmon03 | Gear | Bags | Voyage Yoga Bag |" classname="| BDD1003 Duduosun | bdd1003@duduosun.com | salmon03 | Gear | Bags | Voyage Yoga Bag |" time="1.082"/>
  <testcase name="Given Luma Home Page" classname="| BDD1003 Duduosun | bdd1003@duduosun.com | salmon03 | Men | Men Tops | Zoltan Gym Tee |" time="0"/>
  <testcase name="And Trigger Registered &quot;BDD1003 Duduosun&quot; Action with &quot;bdd1003@duduosun.com&quot; and &quot;salmon03&quot;" classname="| BDD1003 Duduosun | bdd1003@duduosun.com | salmon03 | Men | Men Tops | Zoltan Gym Tee |" time="0"/>
  <testcase name="When User Trigger Top Level &quot;Men&quot; then Sub Category Level &quot;Men Tops&quot;" classname="| BDD1003 Duduosun | bdd1003@duduosun.com | salmon03 | Men | Men Tops | Zoltan Gym Tee |" time="0.001"/>
  <testcase name="And User Add One of Listed Products &quot;Zoltan Gym Tee&quot; to Wish List" classname="| BDD1003 Duduosun | bdd1003@duduosun.com | salmon03 | Men | Men Tops | Zoltan Gym Tee |" time="0"/>
  <testcase name="Then My Wish List &quot;Zoltan Gym Tee&quot; is Displayed" classname="| BDD1003 Duduosun | bdd1003@duduosun.com | salmon03 | Men | Men Tops | Zoltan Gym Tee |" time="0"/>
  <testcase name="And Luma Module for Registered &quot;BDD1003 Duduosun&quot; remain available" classname="| BDD1003 Duduosun | bdd1003@duduosun.com | salmon03 | Men | Men Tops | Zoltan Gym Tee |" time="0"/>
  <testcase name="| BDD1003 Duduosun | bdd1003@duduosun.com | salmon03 | Men | Men Tops | Zoltan Gym Tee |" classname="| BDD1003 Duduosun | bdd1003@duduosun.com | salmon03 | Men | Men Tops | Zoltan Gym Tee |" time="1.346"/>
  <testcase name="Given Luma Home Page" classname="| BDD1003 Duduosun | bdd1003@duduosun.com | salmon03 | Gear | Watches | Cruise Dual Analog Watch |" time="0"/>
  <testcase name="Given Luma Home Page" classname="| BDD1003 Duduosun | bdd1003@duduosun.com | salmon03 | Gear | Watches | Cruise Dual Analog Watch |" time="0"/>
  <testcase name="And Trigger Registered &quot;BDD1003 Duduosun&quot; Action with &quot;bdd1003@duduosun.com&quot; and &quot;salmon03&quot;" classname="| BDD1003 Duduosun | bdd1003@duduosun.com | salmon03 | Gear | Watches | Cruise Dual Analog Watch |" time="0"/>
  <testcase name="And Trigger Registered &quot;BDD1003 Duduosun&quot; Action with &quot;bdd1003@duduosun.com&quot; and &quot;salmon03&quot;" classname="| BDD1003 Duduosun | bdd1003@duduosun.com | salmon03 | Gear | Watches | Cruise Dual Analog Watch |" time="0"/>
  <testcase name="When User Trigger Top Level &quot;Gear&quot; then Sub Category Level &quot;Watches&quot;" classname="| BDD1003 Duduosun | bdd1003@duduosun.com | salmon03 | Gear | Watches | Cruise Dual Analog Watch |" time="0"/>
  <testcase name="And User Add One of Listed Products &quot;Cruise Dual Analog Watch&quot; to Wish List" classname="| BDD1003 Duduosun | bdd1003@duduosun.com | salmon03 | Gear | Watches | Cruise Dual Analog Watch |" time="0"/>
  <testcase name="Then My Wish List &quot;Cruise Dual Analog Watch&quot; is Displayed" classname="| BDD1003 Duduosun | bdd1003@duduosun.com | salmon03 | Gear | Watches | Cruise Dual Analog Watch |" time="0"/>
  <testcase name="And Luma Module for Registered &quot;BDD1003 Duduosun&quot; remain available" classname="| BDD1003 Duduosun | bdd1003@duduosun.com | salmon03 | Gear | Watches | Cruise Dual Analog Watch |" time="0"/>
  <testcase name="And Luma Module for Registered &quot;BDD1003 Duduosun&quot; remain available" classname="| BDD1003 Duduosun | bdd1003@duduosun.com | salmon03 | Gear | Watches | Cruise Dual Analog Watch |" time="0"/>
  <testcase name="| BDD1003 Duduosun | bdd1003@duduosun.com | salmon03 | Gear | Watches | Cruise Dual Analog Watch |" classname="| BDD1003 Duduosun | bdd1003@duduosun.com | salmon03 | Gear | Watches | Cruise Dual Analog Watch |" time="7.287"/>
  <testcase name="| BDD1003 Duduosun | bdd1003@duduosun.com | salmon03 | Gear | Watches | Cruise Dual Analog Watch |" classname="| BDD1003 Duduosun | bdd1003@duduosun.com | salmon03 | Gear | Watches | Cruise Dual Analog Watch |" time="3.577"/>
  <testcase name="Given Luma Home Page" classname="| BDD1003 Duduosun | bdd1003@duduosun.com | salmon03 | My Wish List | Balboa Persistence Tee |" time="0"/>
  <testcase name="And Trigger Registered &quot;BDD1003 Duduosun&quot; Action with &quot;bdd1003@duduosun.com&quot; and &quot;salmon03&quot;" classname="| BDD1003 Duduosun | bdd1003@duduosun.com | salmon03 | My Wish List | Balboa Persistence Tee |" time="0"/>
  <testcase name="And User Trigger My Account &quot;My Wish List&quot; Tab" classname="| BDD1003 Duduosun | bdd1003@duduosun.com | salmon03 | My Wish List | Balboa Persistence Tee |" time="0"/>
  <testcase name="And My Wish List &quot;Balboa Persistence Tee&quot; is Displayed" classname="| BDD1003 Duduosun | bdd1003@duduosun.com | salmon03 | My Wish List | Balboa Persistence Tee |" time="0"/>
  <testcase name="When User Remove Product &quot;Balboa Persistence Tee&quot; from My Wish List Dasboard" classname="| BDD1003 Duduosun | bdd1003@duduosun.com | salmon03 | My Wish List | Balboa Persistence Tee |" time="0"/>
  <testcase name="Then Product &quot;Balboa Persistence Tee&quot; is not Visible in My Wish List" classname="| BDD1003 Duduosun | bdd1003@duduosun.com | salmon03 | My Wish List | Balboa Persistence Tee |" time="0"/>
  <testcase name="And Luma Module for Registered &quot;BDD1003 Duduosun&quot; remain available" classname="| BDD1003 Duduosun | bdd1003@duduosun.com | salmon03 | My Wish List | Balboa Persistence Tee |" time="0"/>
  <testcase name="| BDD1003 Duduosun | bdd1003@duduosun.com | salmon03 | My Wish List | Balboa Persistence Tee |" classname="| BDD1003 Duduosun | bdd1003@duduosun.com | salmon03 | My Wish List | Balboa Persistence Tee |" time="1.388"/>
  <testcase name="Given Luma Home Page" classname="| BDD1003 Duduosun | bdd1003@duduosun.com | salmon03 | My Wish List | Voyage Yoga Bag |" time="0"/>
  <testcase name="And Trigger Registered &quot;BDD1003 Duduosun&quot; Action with &quot;bdd1003@duduosun.com&quot; and &quot;salmon03&quot;" classname="| BDD1003 Duduosun | bdd1003@duduosun.com | salmon03 | My Wish List | Voyage Yoga Bag |" time="0"/>
  <testcase name="And User Trigger My Account &quot;My Wish List&quot; Tab" classname="| BDD1003 Duduosun | bdd1003@duduosun.com | salmon03 | My Wish List | Voyage Yoga Bag |" time="0"/>
  <testcase name="And My Wish List &quot;Voyage Yoga Bag&quot; is Displayed" classname="| BDD1003 Duduosun | bdd1003@duduosun.com | salmon03 | My Wish List | Voyage Yoga Bag |" time="0"/>
  <testcase name="When User Remove Product &quot;Voyage Yoga Bag&quot; from My Wish List Dasboard" classname="| BDD1003 Duduosun | bdd1003@duduosun.com | salmon03 | My Wish List | Voyage Yoga Bag |" time="0"/>
  <testcase name="Then Product &quot;Voyage Yoga Bag&quot; is not Visible in My Wish List" classname="| BDD1003 Duduosun | bdd1003@duduosun.com | salmon03 | My Wish List | Voyage Yoga Bag |" time="0"/>
  <testcase name="And Luma Module for Registered &quot;BDD1003 Duduosun&quot; remain available" classname="| BDD1003 Duduosun | bdd1003@duduosun.com | salmon03 | My Wish List | Voyage Yoga Bag |" time="0"/>
  <testcase name="| BDD1003 Duduosun | bdd1003@duduosun.com | salmon03 | My Wish List | Voyage Yoga Bag |" classname="| BDD1003 Duduosun | bdd1003@duduosun.com | salmon03 | My Wish List | Voyage Yoga Bag |" time="4.251"/>
  <testcase name="Given Luma Home Page" classname="| BDD1004 Duduosun | bdd1004@duduosun.com | salmon04 | Women | Selene Yoga Hoodie |" time="0"/>
  <testcase name="Given Luma Home Page" classname="| BDD1004 Duduosun | bdd1004@duduosun.com | salmon04 | Women | Selene Yoga Hoodie |" time="0"/>
  <testcase name="And Trigger Registered &quot;BDD1004 Duduosun&quot; Action with &quot;bdd1004@duduosun.com&quot; and &quot;salmon04&quot;" classname="| BDD1004 Duduosun | bdd1004@duduosun.com | salmon04 | Women | Selene Yoga Hoodie |" time="0.001"/>
  <testcase name="And Trigger Registered &quot;BDD1004 Duduosun&quot; Action with &quot;bdd1004@duduosun.com&quot; and &quot;salmon04&quot;" classname="| BDD1004 Duduosun | bdd1004@duduosun.com | salmon04 | Women | Selene Yoga Hoodie |" time="0"/>
  <testcase name="When User Trigger Top Level Entry &quot;Women&quot;" classname="| BDD1004 Duduosun | bdd1004@duduosun.com | salmon04 | Women | Selene Yoga Hoodie |" time="0"/>
  <testcase name="And User Click Configurable Product &quot;Selene Yoga Hoodie&quot;" classname="| BDD1004 Duduosun | bdd1004@duduosun.com | salmon04 | Women | Selene Yoga Hoodie |" time="0"/>
  <testcase name="And User Add PDP Product &quot;Selene Yoga Hoodie&quot; to Wish List" classname="| BDD1004 Duduosun | bdd1004@duduosun.com | salmon04 | Women | Selene Yoga Hoodie |" time="0"/>
  <testcase name="Then My Wish List &quot;Selene Yoga Hoodie&quot; is Displayed" classname="| BDD1004 Duduosun | bdd1004@duduosun.com | salmon04 | Women | Selene Yoga Hoodie |" time="0"/>
  <testcase name="And Luma Module for Registered &quot;BDD1004 Duduosun&quot; remain available" classname="| BDD1004 Duduosun | bdd1004@duduosun.com | salmon04 | Women | Selene Yoga Hoodie |" time="0"/>
  <testcase name="And Luma Module for Registered &quot;BDD1004 Duduosun&quot; remain available" classname="| BDD1004 Duduosun | bdd1004@duduosun.com | salmon04 | Women | Selene Yoga Hoodie |" time="0"/>
  <testcase name="| BDD1004 Duduosun | bdd1004@duduosun.com | salmon04 | Women | Selene Yoga Hoodie |" classname="| BDD1004 Duduosun | bdd1004@duduosun.com | salmon04 | Women | Selene Yoga Hoodie |" time="1.232"/>
  <testcase name="| BDD1004 Duduosun | bdd1004@duduosun.com | salmon04 | Women | Selene Yoga Hoodie |" classname="| BDD1004 Duduosun | bdd1004@duduosun.com | salmon04 | Women | Selene Yoga Hoodie |" time="1.062"/>
  <testcase name="Given Luma Home Page" classname="| BDD1004 Duduosun | bdd1004@duduosun.com | salmon04 | Men | Hero Hoodie |" time="0"/>
  <testcase name="Given Luma Home Page" classname="| BDD1004 Duduosun | bdd1004@duduosun.com | salmon04 | Men | Hero Hoodie |" time="0"/>
  <testcase name="And Trigger Registered &quot;BDD1004 Duduosun&quot; Action with &quot;bdd1004@duduosun.com&quot; and &quot;salmon04&quot;" classname="| BDD1004 Duduosun | bdd1004@duduosun.com | salmon04 | Men | Hero Hoodie |" time="0"/>
  <testcase name="And Trigger Registered &quot;BDD1004 Duduosun&quot; Action with &quot;bdd1004@duduosun.com&quot; and &quot;salmon04&quot;" classname="| BDD1004 Duduosun | bdd1004@duduosun.com | salmon04 | Men | Hero Hoodie |" time="0"/>
  <testcase name="When User Trigger Top Level Entry &quot;Men&quot;" classname="| BDD1004 Duduosun | bdd1004@duduosun.com | salmon04 | Men | Hero Hoodie |" time="0"/>
  <testcase name="And User Click Configurable Product &quot;Hero Hoodie&quot;" classname="| BDD1004 Duduosun | bdd1004@duduosun.com | salmon04 | Men | Hero Hoodie |" time="0"/>
  <testcase name="And User Add PDP Product &quot;Hero Hoodie&quot; to Wish List" classname="| BDD1004 Duduosun | bdd1004@duduosun.com | salmon04 | Men | Hero Hoodie |" time="0"/>
  <testcase name="Then My Wish List &quot;Hero Hoodie&quot; is Displayed" classname="| BDD1004 Duduosun | bdd1004@duduosun.com | salmon04 | Men | Hero Hoodie |" time="0"/>
  <testcase name="And Luma Module for Registered &quot;BDD1004 Duduosun&quot; remain available" classname="| BDD1004 Duduosun | bdd1004@duduosun.com | salmon04 | Men | Hero Hoodie |" time="0"/>
  <testcase name="And Luma Module for Registered &quot;BDD1004 Duduosun&quot; remain available" classname="| BDD1004 Duduosun | bdd1004@duduosun.com | salmon04 | Men | Hero Hoodie |" time="0">
    <skipped/>
  </testcase>
  <testcase name="| BDD1004 Duduosun | bdd1004@duduosun.com | salmon04 | Men | Hero Hoodie |" classname="| BDD1004 Duduosun | bdd1004@duduosun.com | salmon04 | Men | Hero Hoodie |" time="2.009"/>
  <testcase name="| BDD1004 Duduosun | bdd1004@duduosun.com | salmon04 | Men | Hero Hoodie |" classname="| BDD1004 Duduosun | bdd1004@duduosun.com | salmon04 | Men | Hero Hoodie |" time="0.031">
    <error message="Unable to locate element: {&quot;method&quot;:&quot;css selector&quot;,&quot;selector&quot;:&quot;.action.details&quot;}&#10;Command duration or timeout: 2.04 seconds&#10;For documentation on this error, please visit: http://seleniumhq.org/exceptions/no_such_element.html&#10;Build info: version: &apos;2.53.0&apos;, revision: &apos;35ae25b1534ae328c771e0856c93e187490ca824&apos;, time: &apos;2016-03-15 10:43:46&apos;&#10;System info: host: &apos;Duduosun&apos;, ip: &apos;192.168.1.66&apos;, os.name: &apos;Windows 10&apos;, os.arch: &apos;amd64&apos;, os.version: &apos;10.0&apos;, java.version: &apos;1.8.0_101&apos;&#10;Driver info: org.openqa.selenium.firefox.FirefoxDriver&#10;Capabilities [{applicationCacheEnabled=true, rotatable=false, handlesAlerts=true, databaseEnabled=true, version=44.0, platform=WINDOWS, nativeEvents=false, acceptSslCerts=true, webStorageEnabled=true, locationContextEnabled=true, browserName=firefox, takesScreenshot=true, javascriptEnabled=true, cssSelectorsEnabled=true}]&#10;Session ID: b0bb1700-e5a6-4634-8a0e-2c6f0e05f3b5&#10;*** Element info: {Using=css selector, value=.action.details}" type="net.serenitybdd.core.exceptions.SerenityManagedException"><![CDATA[net.serenitybdd.core.exceptions.SerenityManagedException: Unable to locate element: {"method":"css selector","selector":".action.details"}
Command duration or timeout: 2.04 seconds
For documentation on this error, please visit: http://seleniumhq.org/exceptions/no_such_element.html
Build info: version: '2.53.0', revision: '35ae25b1534ae328c771e0856c93e187490ca824', time: '2016-03-15 10:43:46'
System info: host: 'Duduosun', ip: '192.168.1.66', os.name: 'Windows 10', os.arch: 'amd64', os.version: '10.0', java.version: '1.8.0_101'
Driver info: org.openqa.selenium.firefox.FirefoxDriver
Capabilities [{applicationCacheEnabled=true, rotatable=false, handlesAlerts=true, databaseEnabled=true, version=44.0, platform=WINDOWS, nativeEvents=false, acceptSslCerts=true, webStorageEnabled=true, locationContextEnabled=true, browserName=firefox, takesScreenshot=true, javascriptEnabled=true, cssSelectorsEnabled=true}]
Session ID: b0bb1700-e5a6-4634-8a0e-2c6f0e05f3b5
*** Element info: {Using=css selector, value=.action.details}
	at sun.reflect.NativeConstructorAccessorImpl.newInstance0(Native Method)
	at sun.reflect.NativeConstructorAccessorImpl.newInstance(NativeConstructorAccessorImpl.java:62)
	at sun.reflect.DelegatingConstructorAccessorImpl.newInstance(DelegatingConstructorAccessorImpl.java:45)
	at java.lang.reflect.Constructor.newInstance(Constructor.java:423)
	at org.openqa.selenium.remote.ErrorHandler.createThrowable(ErrorHandler.java:206)
	at org.openqa.selenium.remote.ErrorHandler.throwIfResponseFailed(ErrorHandler.java:158)
	at org.openqa.selenium.remote.RemoteWebDriver.execute(RemoteWebDriver.java:678)
	at org.openqa.selenium.remote.RemoteWebDriver.findElement(RemoteWebDriver.java:363)
	at org.openqa.selenium.remote.RemoteWebDriver.findElementByCssSelector(RemoteWebDriver.java:492)
	at org.openqa.selenium.By$ByCssSelector.findElement(By.java:430)
	at org.openqa.selenium.remote.RemoteWebDriver.findElement(RemoteWebDriver.java:355)
	at net.thucydides.core.webdriver.WebDriverFacade.findElement(WebDriverFacade.java:241)
	at net.serenitybdd.core.pages.PageObject.element(PageObject.java:902)
	at com.orevan.serenity.pages.luma.LumaCatPage$$EnhancerByCGLIB$$885c6c87.CGLIB$element$28(<generated>)
	at com.orevan.serenity.pages.luma.LumaCatPage$$EnhancerByCGLIB$$885c6c87$$FastClassByCGLIB$$698c26b6.invoke(<generated>)
	at net.sf.cglib.proxy.MethodProxy.invokeSuper(MethodProxy.java:228)
	at net.thucydides.core.steps.StepInterceptor.invokeMethod(StepInterceptor.java:369)
	at net.thucydides.core.steps.StepInterceptor.runBaseObjectMethod(StepInterceptor.java:256)
	at net.thucydides.core.steps.StepInterceptor.intercept(StepInterceptor.java:59)
	at com.orevan.serenity.pages.luma.LumaCatPage$$EnhancerByCGLIB$$885c6c87.element(<generated>)
	at com.orevan.serenity.pages.luma.LumaCatPage.goToWishList(LumaCatPage.java:271)
	at com.orevan.serenity.pages.luma.LumaCatPage$$EnhancerByCGLIB$$885c6c87.CGLIB$goToWishList$4(<generated>)
	at com.orevan.serenity.pages.luma.LumaCatPage$$EnhancerByCGLIB$$885c6c87$$FastClassByCGLIB$$698c26b6.invoke(<generated>)
	at net.sf.cglib.proxy.MethodProxy.invokeSuper(MethodProxy.java:228)
	at net.thucydides.core.steps.BaseMethodRunner.invokeMethod(BaseMethodRunner.java:10)
	at net.thucydides.core.steps.NormalMethodRunner.invokeMethodAndNotifyFailures(NormalMethodRunner.java:20)
	at net.thucydides.core.steps.StepInterceptor.runNormalMethod(StepInterceptor.java:269)
	at net.thucydides.core.steps.StepInterceptor.testStepResult(StepInterceptor.java:127)
	at net.thucydides.core.steps.StepInterceptor.intercept(StepInterceptor.java:61)
	at com.orevan.serenity.pages.luma.LumaCatPage$$EnhancerByCGLIB$$885c6c87.goToWishList(<generated>)
	at com.orevan.serenity.steps.luma.WishListSteps.userRemoveProductFromWishList(WishListSteps.java:60)
	at sun.reflect.NativeMethodAccessorImpl.invoke0(Native Method)
	at sun.reflect.NativeMethodAccessorImpl.invoke(NativeMethodAccessorImpl.java:62)
	at sun.reflect.DelegatingMethodAccessorImpl.invoke(DelegatingMethodAccessorImpl.java:43)
	at java.lang.reflect.Method.invoke(Method.java:498)
	at cucumber.runtime.Utils$1.call(Utils.java:37)
	at cucumber.runtime.Timeout.timeout(Timeout.java:13)
	at cucumber.runtime.Utils.invoke(Utils.java:31)
	at cucumber.runtime.java.JavaStepDefinition.execute(JavaStepDefinition.java:38)
	at cucumber.runtime.StepDefinitionMatch.runStep(StepDefinitionMatch.java:37)
	at cucumber.runtime.Runtime.runStep(Runtime.java:299)
	at cucumber.runtime.model.StepContainer.runStep(StepContainer.java:44)
	at cucumber.runtime.model.StepContainer.runSteps(StepContainer.java:39)
	at cucumber.runtime.model.CucumberScenario.run(CucumberScenario.java:44)
	at cucumber.runtime.junit.ExecutionUnitRunner.run(ExecutionUnitRunner.java:91)
	at org.junit.runners.Suite.runChild(Suite.java:128)
	at org.junit.runners.Suite.runChild(Suite.java:27)
	at org.junit.runners.ParentRunner$3.run(ParentRunner.java:290)
	at org.junit.runners.ParentRunner$1.schedule(ParentRunner.java:71)
	at org.junit.runners.ParentRunner.runChildren(ParentRunner.java:288)
	at org.junit.runners.ParentRunner.access$000(ParentRunner.java:58)
	at org.junit.runners.ParentRunner$2.evaluate(ParentRunner.java:268)
	at org.junit.runners.ParentRunner.run(ParentRunner.java:363)
	at cucumber.runtime.junit.ExamplesRunner.run(ExamplesRunner.java:59)
	at org.junit.runners.Suite.runChild(Suite.java:128)
	at org.junit.runners.Suite.runChild(Suite.java:27)
	at org.junit.runners.ParentRunner$3.run(ParentRunner.java:290)
	at org.junit.runners.ParentRunner$1.schedule(ParentRunner.java:71)
	at org.junit.runners.ParentRunner.runChildren(ParentRunner.java:288)
	at org.junit.runners.ParentRunner.access$000(ParentRunner.java:58)
	at org.junit.runners.ParentRunner$2.evaluate(ParentRunner.java:268)
	at org.junit.runners.ParentRunner.run(ParentRunner.java:363)
	at cucumber.runtime.junit.ScenarioOutlineRunner.run(ScenarioOutlineRunner.java:53)
	at cucumber.runtime.junit.FeatureRunner.runChild(FeatureRunner.java:63)
	at cucumber.runtime.junit.FeatureRunner.runChild(FeatureRunner.java:18)
	at org.junit.runners.ParentRunner$3.run(ParentRunner.java:290)
	at org.junit.runners.ParentRunner$1.schedule(ParentRunner.java:71)
	at org.junit.runners.ParentRunner.runChildren(ParentRunner.java:288)
	at org.junit.runners.ParentRunner.access$000(ParentRunner.java:58)
	at org.junit.runners.ParentRunner$2.evaluate(ParentRunner.java:268)
	at org.junit.runners.ParentRunner.run(ParentRunner.java:363)
	at cucumber.runtime.junit.FeatureRunner.run(FeatureRunner.java:70)
	at cucumber.api.junit.Cucumber.runChild(Cucumber.java:93)
	at cucumber.api.junit.Cucumber.runChild(Cucumber.java:37)
	at org.junit.runners.ParentRunner$3.run(ParentRunner.java:290)
	at org.junit.runners.ParentRunner$1.schedule(ParentRunner.java:71)
	at org.junit.runners.ParentRunner.runChildren(ParentRunner.java:288)
	at org.junit.runners.ParentRunner.access$000(ParentRunner.java:58)
	at org.junit.runners.ParentRunner$2.evaluate(ParentRunner.java:268)
	at org.junit.runners.ParentRunner.run(ParentRunner.java:363)
	at cucumber.api.junit.Cucumber.run(Cucumber.java:98)
	at org.apache.maven.surefire.junit4.JUnit4Provider.execute(JUnit4Provider.java:283)
	at org.apache.maven.surefire.junit4.JUnit4Provider.executeWithRerun(JUnit4Provider.java:173)
	at org.apache.maven.surefire.junit4.JUnit4Provider.executeTestSet(JUnit4Provider.java:153)
	at org.apache.maven.surefire.junit4.JUnit4Provider.invoke(JUnit4Provider.java:128)
	at org.apache.maven.surefire.booter.ForkedBooter.invokeProviderInSameClassLoader(ForkedBooter.java:203)
	at org.apache.maven.surefire.booter.ForkedBooter.runSuitesInProcess(ForkedBooter.java:155)
	at org.apache.maven.surefire.booter.ForkedBooter.main(ForkedBooter.java:103)
Caused by: org.openqa.selenium.NoSuchElementException: Unable to locate element: {"method":"css selector","selector":".action.details"}
For documentation on this error, please visit: http://seleniumhq.org/exceptions/no_such_element.html
Build info: version: '2.53.0', revision: '35ae25b1534ae328c771e0856c93e187490ca824', time: '2016-03-15 10:43:46'
System info: host: 'Duduosun', ip: '192.168.1.66', os.name: 'Windows 10', os.arch: 'amd64', os.version: '10.0', java.version: '1.8.0_101'
Driver info: driver.version: unknown
	at <anonymous class>.FirefoxDriver.prototype.findElementInternal_(file:///C:/Users/tolaf/AppData/Local/Temp/anonymous8399922894029997649webdriver-profile/extensions/fxdriver@googlecode.com/components/driver-component.js:10770)
	at <anonymous class>.fxdriver.Timer.prototype.setTimeout/<.notify(file:///C:/Users/tolaf/AppData/Local/Temp/anonymous8399922894029997649webdriver-profile/extensions/fxdriver@googlecode.com/components/driver-component.js:625)
]]></error>
  </testcase>
  <testcase name="And User Trigger Top Level Entry &quot;Women&quot;" classname="| BDD1004 Duduosun | bdd1004@duduosun.com | salmon04 | Women | Selene Yoga Hoodie |" time="0.001"/>
  <testcase name="When User Remove Product &quot;Selene Yoga Hoodie&quot; from Sidebar Wish List" classname="| BDD1004 Duduosun | bdd1004@duduosun.com | salmon04 | Women | Selene Yoga Hoodie |" time="0"/>
  <testcase name="Then Product &quot;Selene Yoga Hoodie&quot; is not Visible in My Wish List" classname="| BDD1004 Duduosun | bdd1004@duduosun.com | salmon04 | Women | Selene Yoga Hoodie |" time="0"/>
  <testcase name="And User Trigger Top Level Entry &quot;Men&quot;" classname="| BDD1004 Duduosun | bdd1004@duduosun.com | salmon04 | Men | Hero Hoodie |" time="0"/>
  <testcase name="When User Remove Product &quot;Hero Hoodie&quot; from Sidebar Wish List" classname="| BDD1004 Duduosun | bdd1004@duduosun.com | salmon04 | Men | Hero Hoodie |" time="0.03">
    <error message="Unable to locate element: {&quot;method&quot;:&quot;css selector&quot;,&quot;selector&quot;:&quot;.action.details&quot;}&#10;Command duration or timeout: 2.04 seconds&#10;For documentation on this error, please visit: http://seleniumhq.org/exceptions/no_such_element.html&#10;Build info: version: &apos;2.53.0&apos;, revision: &apos;35ae25b1534ae328c771e0856c93e187490ca824&apos;, time: &apos;2016-03-15 10:43:46&apos;&#10;System info: host: &apos;Duduosun&apos;, ip: &apos;192.168.1.66&apos;, os.name: &apos;Windows 10&apos;, os.arch: &apos;amd64&apos;, os.version: &apos;10.0&apos;, java.version: &apos;1.8.0_101&apos;&#10;Driver info: org.openqa.selenium.firefox.FirefoxDriver&#10;Capabilities [{applicationCacheEnabled=true, rotatable=false, handlesAlerts=true, databaseEnabled=true, version=44.0, platform=WINDOWS, nativeEvents=false, acceptSslCerts=true, webStorageEnabled=true, locationContextEnabled=true, browserName=firefox, takesScreenshot=true, javascriptEnabled=true, cssSelectorsEnabled=true}]&#10;Session ID: b0bb1700-e5a6-4634-8a0e-2c6f0e05f3b5&#10;*** Element info: {Using=css selector, value=.action.details}" type="net.serenitybdd.core.exceptions.SerenityManagedException"><![CDATA[net.serenitybdd.core.exceptions.SerenityManagedException: Unable to locate element: {"method":"css selector","selector":".action.details"}
Command duration or timeout: 2.04 seconds
For documentation on this error, please visit: http://seleniumhq.org/exceptions/no_such_element.html
Build info: version: '2.53.0', revision: '35ae25b1534ae328c771e0856c93e187490ca824', time: '2016-03-15 10:43:46'
System info: host: 'Duduosun', ip: '192.168.1.66', os.name: 'Windows 10', os.arch: 'amd64', os.version: '10.0', java.version: '1.8.0_101'
Driver info: org.openqa.selenium.firefox.FirefoxDriver
Capabilities [{applicationCacheEnabled=true, rotatable=false, handlesAlerts=true, databaseEnabled=true, version=44.0, platform=WINDOWS, nativeEvents=false, acceptSslCerts=true, webStorageEnabled=true, locationContextEnabled=true, browserName=firefox, takesScreenshot=true, javascriptEnabled=true, cssSelectorsEnabled=true}]
Session ID: b0bb1700-e5a6-4634-8a0e-2c6f0e05f3b5
*** Element info: {Using=css selector, value=.action.details}
	at sun.reflect.NativeConstructorAccessorImpl.newInstance0(Native Method)
	at sun.reflect.NativeConstructorAccessorImpl.newInstance(NativeConstructorAccessorImpl.java:62)
	at sun.reflect.DelegatingConstructorAccessorImpl.newInstance(DelegatingConstructorAccessorImpl.java:45)
	at java.lang.reflect.Constructor.newInstance(Constructor.java:423)
	at org.openqa.selenium.remote.ErrorHandler.createThrowable(ErrorHandler.java:206)
	at org.openqa.selenium.remote.ErrorHandler.throwIfResponseFailed(ErrorHandler.java:158)
	at org.openqa.selenium.remote.RemoteWebDriver.execute(RemoteWebDriver.java:678)
	at org.openqa.selenium.remote.RemoteWebDriver.findElement(RemoteWebDriver.java:363)
	at org.openqa.selenium.remote.RemoteWebDriver.findElementByCssSelector(RemoteWebDriver.java:492)
	at org.openqa.selenium.By$ByCssSelector.findElement(By.java:430)
	at org.openqa.selenium.remote.RemoteWebDriver.findElement(RemoteWebDriver.java:355)
	at net.thucydides.core.webdriver.WebDriverFacade.findElement(WebDriverFacade.java:241)
	at net.serenitybdd.core.pages.PageObject.element(PageObject.java:902)
	at com.orevan.serenity.pages.luma.LumaCatPage$$EnhancerByCGLIB$$885c6c87.CGLIB$element$28(<generated>)
	at com.orevan.serenity.pages.luma.LumaCatPage$$EnhancerByCGLIB$$885c6c87$$FastClassByCGLIB$$698c26b6.invoke(<generated>)
	at net.sf.cglib.proxy.MethodProxy.invokeSuper(MethodProxy.java:228)
	at net.thucydides.core.steps.StepInterceptor.invokeMethod(StepInterceptor.java:369)
	at net.thucydides.core.steps.StepInterceptor.runBaseObjectMethod(StepInterceptor.java:256)
	at net.thucydides.core.steps.StepInterceptor.intercept(StepInterceptor.java:59)
	at com.orevan.serenity.pages.luma.LumaCatPage$$EnhancerByCGLIB$$885c6c87.element(<generated>)
	at com.orevan.serenity.pages.luma.LumaCatPage.goToWishList(LumaCatPage.java:271)
	at com.orevan.serenity.pages.luma.LumaCatPage$$EnhancerByCGLIB$$885c6c87.CGLIB$goToWishList$4(<generated>)
	at com.orevan.serenity.pages.luma.LumaCatPage$$EnhancerByCGLIB$$885c6c87$$FastClassByCGLIB$$698c26b6.invoke(<generated>)
	at net.sf.cglib.proxy.MethodProxy.invokeSuper(MethodProxy.java:228)
	at net.thucydides.core.steps.BaseMethodRunner.invokeMethod(BaseMethodRunner.java:10)
	at net.thucydides.core.steps.NormalMethodRunner.invokeMethodAndNotifyFailures(NormalMethodRunner.java:20)
	at net.thucydides.core.steps.StepInterceptor.runNormalMethod(StepInterceptor.java:269)
	at net.thucydides.core.steps.StepInterceptor.testStepResult(StepInterceptor.java:127)
	at net.thucydides.core.steps.StepInterceptor.intercept(StepInterceptor.java:61)
	at com.orevan.serenity.pages.luma.LumaCatPage$$EnhancerByCGLIB$$885c6c87.goToWishList(<generated>)
	at com.orevan.serenity.steps.luma.WishListSteps.userRemoveProductFromWishList(WishListSteps.java:60)
	at sun.reflect.NativeMethodAccessorImpl.invoke0(Native Method)
	at sun.reflect.NativeMethodAccessorImpl.invoke(NativeMethodAccessorImpl.java:62)
	at sun.reflect.DelegatingMethodAccessorImpl.invoke(DelegatingMethodAccessorImpl.java:43)
	at java.lang.reflect.Method.invoke(Method.java:498)
	at cucumber.runtime.Utils$1.call(Utils.java:37)
	at cucumber.runtime.Timeout.timeout(Timeout.java:13)
	at cucumber.runtime.Utils.invoke(Utils.java:31)
	at cucumber.runtime.java.JavaStepDefinition.execute(JavaStepDefinition.java:38)
	at cucumber.runtime.StepDefinitionMatch.runStep(StepDefinitionMatch.java:37)
	at cucumber.runtime.Runtime.runStep(Runtime.java:299)
	at cucumber.runtime.model.StepContainer.runStep(StepContainer.java:44)
	at cucumber.runtime.model.StepContainer.runSteps(StepContainer.java:39)
	at cucumber.runtime.model.CucumberScenario.run(CucumberScenario.java:44)
	at cucumber.runtime.junit.ExecutionUnitRunner.run(ExecutionUnitRunner.java:91)
	at org.junit.runners.Suite.runChild(Suite.java:128)
	at org.junit.runners.Suite.runChild(Suite.java:27)
	at org.junit.runners.ParentRunner$3.run(ParentRunner.java:290)
	at org.junit.runners.ParentRunner$1.schedule(ParentRunner.java:71)
	at org.junit.runners.ParentRunner.runChildren(ParentRunner.java:288)
	at org.junit.runners.ParentRunner.access$000(ParentRunner.java:58)
	at org.junit.runners.ParentRunner$2.evaluate(ParentRunner.java:268)
	at org.junit.runners.ParentRunner.run(ParentRunner.java:363)
	at cucumber.runtime.junit.ExamplesRunner.run(ExamplesRunner.java:59)
	at org.junit.runners.Suite.runChild(Suite.java:128)
	at org.junit.runners.Suite.runChild(Suite.java:27)
	at org.junit.runners.ParentRunner$3.run(ParentRunner.java:290)
	at org.junit.runners.ParentRunner$1.schedule(ParentRunner.java:71)
	at org.junit.runners.ParentRunner.runChildren(ParentRunner.java:288)
	at org.junit.runners.ParentRunner.access$000(ParentRunner.java:58)
	at org.junit.runners.ParentRunner$2.evaluate(ParentRunner.java:268)
	at org.junit.runners.ParentRunner.run(ParentRunner.java:363)
	at cucumber.runtime.junit.ScenarioOutlineRunner.run(ScenarioOutlineRunner.java:53)
	at cucumber.runtime.junit.FeatureRunner.runChild(FeatureRunner.java:63)
	at cucumber.runtime.junit.FeatureRunner.runChild(FeatureRunner.java:18)
	at org.junit.runners.ParentRunner$3.run(ParentRunner.java:290)
	at org.junit.runners.ParentRunner$1.schedule(ParentRunner.java:71)
	at org.junit.runners.ParentRunner.runChildren(ParentRunner.java:288)
	at org.junit.runners.ParentRunner.access$000(ParentRunner.java:58)
	at org.junit.runners.ParentRunner$2.evaluate(ParentRunner.java:268)
	at org.junit.runners.ParentRunner.run(ParentRunner.java:363)
	at cucumber.runtime.junit.FeatureRunner.run(FeatureRunner.java:70)
	at cucumber.api.junit.Cucumber.runChild(Cucumber.java:93)
	at cucumber.api.junit.Cucumber.runChild(Cucumber.java:37)
	at org.junit.runners.ParentRunner$3.run(ParentRunner.java:290)
	at org.junit.runners.ParentRunner$1.schedule(ParentRunner.java:71)
	at org.junit.runners.ParentRunner.runChildren(ParentRunner.java:288)
	at org.junit.runners.ParentRunner.access$000(ParentRunner.java:58)
	at org.junit.runners.ParentRunner$2.evaluate(ParentRunner.java:268)
	at org.junit.runners.ParentRunner.run(ParentRunner.java:363)
	at cucumber.api.junit.Cucumber.run(Cucumber.java:98)
	at org.apache.maven.surefire.junit4.JUnit4Provider.execute(JUnit4Provider.java:283)
	at org.apache.maven.surefire.junit4.JUnit4Provider.executeWithRerun(JUnit4Provider.java:173)
	at org.apache.maven.surefire.junit4.JUnit4Provider.executeTestSet(JUnit4Provider.java:153)
	at org.apache.maven.surefire.junit4.JUnit4Provider.invoke(JUnit4Provider.java:128)
	at org.apache.maven.surefire.booter.ForkedBooter.invokeProviderInSameClassLoader(ForkedBooter.java:203)
	at org.apache.maven.surefire.booter.ForkedBooter.runSuitesInProcess(ForkedBooter.java:155)
	at org.apache.maven.surefire.booter.ForkedBooter.main(ForkedBooter.java:103)
Caused by: org.openqa.selenium.NoSuchElementException: Unable to locate element: {"method":"css selector","selector":".action.details"}
For documentation on this error, please visit: http://seleniumhq.org/exceptions/no_such_element.html
Build info: version: '2.53.0', revision: '35ae25b1534ae328c771e0856c93e187490ca824', time: '2016-03-15 10:43:46'
System info: host: 'Duduosun', ip: '192.168.1.66', os.name: 'Windows 10', os.arch: 'amd64', os.version: '10.0', java.version: '1.8.0_101'
Driver info: driver.version: unknown
	at <anonymous class>.FirefoxDriver.prototype.findElementInternal_(file:///C:/Users/tolaf/AppData/Local/Temp/anonymous8399922894029997649webdriver-profile/extensions/fxdriver@googlecode.com/components/driver-component.js:10770)
	at <anonymous class>.fxdriver.Timer.prototype.setTimeout/<.notify(file:///C:/Users/tolaf/AppData/Local/Temp/anonymous8399922894029997649webdriver-profile/extensions/fxdriver@googlecode.com/components/driver-component.js:625)
]]></error>
  </testcase>
  <testcase name="Then Product &quot;Hero Hoodie&quot; is not Visible in My Wish List" classname="| BDD1004 Duduosun | bdd1004@duduosun.com | salmon04 | Men | Hero Hoodie |" time="0">
    <skipped/>
  </testcase>
  <testcase name="Given Luma Home Page" classname="| BDD1003 Duduosun | bdd1003@duduosun.com | salmon03 | Men | Men Top | Zoltan Gym Tee |" time="0"/>
  <testcase name="And Trigger Registered &quot;BDD1003 Duduosun&quot; Action with &quot;bdd1003@duduosun.com&quot; and &quot;salmon03&quot;" classname="| BDD1003 Duduosun | bdd1003@duduosun.com | salmon03 | Men | Men Top | Zoltan Gym Tee |" time="0"/>
  <testcase name="And User Trigger Top Level &quot;Men&quot; then Sub Category Level &quot;Men Top&quot;" classname="| BDD1003 Duduosun | bdd1003@duduosun.com | salmon03 | Men | Men Top | Zoltan Gym Tee |" time="0"/>
  <testcase name="When User Remove Product &quot;Zoltan Gym Tee&quot; from Sidebar Wish List" classname="| BDD1003 Duduosun | bdd1003@duduosun.com | salmon03 | Men | Men Top | Zoltan Gym Tee |" time="0"/>
  <testcase name="Then Product &quot;Zoltan Gym Tee&quot; is not Visible in My Wish List" classname="| BDD1003 Duduosun | bdd1003@duduosun.com | salmon03 | Men | Men Top | Zoltan Gym Tee |" time="0"/>
  <testcase name="And Luma Module for Registered &quot;BDD1003 Duduosun&quot; remain available" classname="| BDD1003 Duduosun | bdd1003@duduosun.com | salmon03 | Men | Men Top | Zoltan Gym Tee |" time="0"/>
  <testcase name="| BDD1003 Duduosun | bdd1003@duduosun.com | salmon03 | Men | Men Top | Zoltan Gym Tee |" classname="| BDD1003 Duduosun | bdd1003@duduosun.com | salmon03 | Men | Men Top | Zoltan Gym Tee |" time="1.225"/>
  <testcase name="And User Trigger Top Level &quot;Gear&quot; then Sub Category Level &quot;Watches&quot;" classname="| BDD1003 Duduosun | bdd1003@duduosun.com | salmon03 | Gear | Watches | Cruise Dual Analog Watch |" time="0"/>
  <testcase name="When User Remove Product &quot;Cruise Dual Analog Watch&quot; from Sidebar Wish List" classname="| BDD1003 Duduosun | bdd1003@duduosun.com | salmon03 | Gear | Watches | Cruise Dual Analog Watch |" time="0"/>
  <testcase name="Then Product &quot;Cruise Dual Analog Watch&quot; is not Visible in My Wish List" classname="| BDD1003 Duduosun | bdd1003@duduosun.com | salmon03 | Gear | Watches | Cruise Dual Analog Watch |" time="0"/>
</testsuite>