<?xml version="1.0" encoding="UTF-8"?>
<testsuite name="com.orevan.serenity.DefinitionTestSuite" time="89.238" tests="211" errors="0" skipped="0" failures="0">
  <properties>
    <property name="java.runtime.name" value="Java(TM) SE Runtime Environment"/>
    <property name="sun.boot.library.path" value="C:\Program Files\Java\jdk1.8.0_101\jre\bin"/>
    <property name="java.vm.version" value="25.101-b13"/>
    <property name="java.vm.vendor" value="Oracle Corporation"/>
    <property name="maven.multiModuleProjectDirectory" value="C:\Automation Framework\ExampleAutomationFramework\mycucumber_serenity_arche\mySerenity"/>
    <property name="java.vendor.url" value="http://java.oracle.com/"/>
    <property name="path.separator" value=";"/>
    <property name="guice.disable.misplaced.annotation.check" value="true"/>
    <property name="java.vm.name" value="Java HotSpot(TM) 64-Bit Server VM"/>
    <property name="file.encoding.pkg" value="sun.io"/>
    <property name="user.script" value=""/>
    <property name="user.country" value="GB"/>
    <property name="sun.java.launcher" value="SUN_STANDARD"/>
    <property name="sun.os.patch.level" value=""/>
    <property name="java.vm.specification.name" value="Java Virtual Machine Specification"/>
    <property name="user.dir" value="C:\Automation Framework\ExampleAutomationFramework\mycucumber_serenity_arche\mySerenity"/>
    <property name="java.runtime.version" value="1.8.0_101-b13"/>
    <property name="java.awt.graphicsenv" value="sun.awt.Win32GraphicsEnvironment"/>
    <property name="java.endorsed.dirs" value="C:\Program Files\Java\jdk1.8.0_101\jre\lib\endorsed"/>
    <property name="os.arch" value="amd64"/>
    <property name="java.io.tmpdir" value="C:\Users\tolaf\AppData\Local\Temp\"/>
    <property name="line.separator" value="&#10;"/>
    <property name="java.vm.specification.vendor" value="Oracle Corporation"/>
    <property name="user.variant" value=""/>
    <property name="os.name" value="Windows 10"/>
    <property name="classworlds.conf" value="C:\Automation Framework\apache-maven-3.3.9\bin\m2.conf"/>
    <property name="sun.jnu.encoding" value="Cp1252"/>
    <property name="java.library.path" value="C:\Program Files\Java\jdk1.8.0_101\bin;C:\windows\Sun\Java\bin;C:\windows\system32;C:\windows;C:\ProgramData\Oracle\Java\javapath;C:\Program Files (x86)\Intel\iCLS Client\;C:\Program Files\Intel\iCLS Client\;C:\windows\system32;C:\windows;C:\windows\System32\Wbem;C:\windows\System32\WindowsPowerShell\v1.0\;C:\Program Files (x86)\Intel\Intel(R) Management Engine Components\DAL;C:\Program Files\Intel\Intel(R) Management Engine Components\DAL;C:\Program Files (x86)\Intel\Intel(R) Management Engine Components\IPT;C:\Program Files\Intel\Intel(R) Management Engine Components\IPT;C:\Program Files\Intel\WiFi\bin\;C:\Program Files\Common Files\Intel\WirelessCommon\;C:\Program Files (x86)\Skype\Phone\;C:\Program Files\Git\cmd;C:\Automation Framework\apache-maven-3.3.9\bin;C:\Automation Framework\gradle-2.14.1\bin;."/>
    <property name="java.specification.name" value="Java Platform API Specification"/>
    <property name="java.class.version" value="52.0"/>
    <property name="sun.management.compiler" value="HotSpot 64-Bit Tiered Compilers"/>
    <property name="os.version" value="10.0"/>
    <property name="user.home" value="C:\Users\tolaf"/>
    <property name="user.timezone" value="Europe/London"/>
    <property name="java.awt.printerjob" value="sun.awt.windows.WPrinterJob"/>
    <property name="java.specification.version" value="1.8"/>
    <property name="file.encoding" value="Cp1252"/>
    <property name="user.name" value="tolaf"/>
    <property name="java.class.path" value="C:\Automation Framework\apache-maven-3.3.9\boot\plexus-classworlds-2.5.2.jar"/>
    <property name="java.vm.specification.version" value="1.8"/>
    <property name="sun.arch.data.model" value="64"/>
    <property name="java.home" value="C:\Program Files\Java\jdk1.8.0_101\jre"/>
    <property name="sun.java.command" value="org.codehaus.plexus.classworlds.launcher.Launcher verify"/>
    <property name="java.specification.vendor" value="Oracle Corporation"/>
    <property name="user.language" value="en"/>
    <property name="awt.toolkit" value="sun.awt.windows.WToolkit"/>
    <property name="java.vm.info" value="mixed mode"/>
    <property name="java.version" value="1.8.0_101"/>
    <property name="java.ext.dirs" value="C:\Program Files\Java\jdk1.8.0_101\jre\lib\ext;C:\windows\Sun\Java\lib\ext"/>
    <property name="sun.boot.class.path" value="C:\Program Files\Java\jdk1.8.0_101\jre\lib\resources.jar;C:\Program Files\Java\jdk1.8.0_101\jre\lib\rt.jar;C:\Program Files\Java\jdk1.8.0_101\jre\lib\sunrsasign.jar;C:\Program Files\Java\jdk1.8.0_101\jre\lib\jsse.jar;C:\Program Files\Java\jdk1.8.0_101\jre\lib\jce.jar;C:\Program Files\Java\jdk1.8.0_101\jre\lib\charsets.jar;C:\Program Files\Java\jdk1.8.0_101\jre\lib\jfr.jar;C:\Program Files\Java\jdk1.8.0_101\jre\classes"/>
    <property name="sun.stderr.encoding" value="cp850"/>
    <property name="java.vendor" value="Oracle Corporation"/>
    <property name="maven.home" value="C:\Automation Framework\apache-maven-3.3.9"/>
    <property name="file.separator" value="\"/>
    <property name="java.vendor.url.bug" value="http://bugreport.sun.com/bugreport/"/>
    <property name="sun.cpu.endian" value="little"/>
    <property name="sun.io.unicode.encoding" value="UnicodeLittle"/>
    <property name="sun.stdout.encoding" value="cp850"/>
    <property name="sun.desktop" value="windows"/>
    <property name="sun.cpu.isalist" value="amd64"/>
  </properties>
  <testcase name="Given Luma Home Page" classname="Scenario: Home Page Browse Header" time="0.001"/>
  <testcase name="When User Explores Home Page" classname="Scenario: Home Page Browse Header" time="0"/>
  <testcase name="Then Header Elements are Interactive" classname="Scenario: Home Page Browse Header" time="0"/>
  <testcase name="Scenario: Home Page Browse Header" classname="Scenario: Home Page Browse Header" time="3.091"/>
  <testcase name="Given Luma Home Page" classname="Scenario: Home Page Browse Footer" time="0"/>
  <testcase name="When User Explores Home Page" classname="Scenario: Home Page Browse Footer" time="0"/>
  <testcase name="Then Footer Elements are Interactive" classname="Scenario: Home Page Browse Footer" time="0"/>
  <testcase name="Scenario: Home Page Browse Footer" classname="Scenario: Home Page Browse Footer" time="2.288"/>
  <testcase name="Given Luma Home Page" classname="| Default welcome msg! | Welcome, BDD1001 Duduosun! |" time="0"/>
  <testcase name="When User Interact with Luma Website" classname="| Default welcome msg! | Welcome, BDD1001 Duduosun! |" time="0"/>
  <testcase name="Then Luma Module for Guest &quot;Default welcome msg!&quot; is available" classname="| Default welcome msg! | Welcome, BDD1001 Duduosun! |" time="0"/>
  <testcase name="But Luma Modules for Registered &quot;Welcome, BDD1001 Duduosun!&quot; is not available" classname="| Default welcome msg! | Welcome, BDD1001 Duduosun! |" time="0"/>
  <testcase name="| Default welcome msg! | Welcome, BDD1001 Duduosun! |" classname="| Default welcome msg! | Welcome, BDD1001 Duduosun! |" time="4.121"/>
  <testcase name="Given Luma Home Page" classname="| Sign In | BDD1002 Duduosun |" time="0.001"/>
  <testcase name="When User Interact with Luma Website" classname="| Sign In | BDD1002 Duduosun |" time="0"/>
  <testcase name="Then Luma Module for Guest &quot;Sign In&quot; is available" classname="| Sign In | BDD1002 Duduosun |" time="0"/>
  <testcase name="But Luma Modules for Registered &quot;BDD1002 Duduosun&quot; is not available" classname="| Sign In | BDD1002 Duduosun |" time="0"/>
  <testcase name="| Sign In | BDD1002 Duduosun |" classname="| Sign In | BDD1002 Duduosun |" time="3.676"/>
  <testcase name="Given Luma Home Page" classname="| Create an Account | Welcome Pinguino Volante! |" time="0"/>
  <testcase name="When User Interact with Luma Website" classname="| Create an Account | Welcome Pinguino Volante! |" time="0"/>
  <testcase name="Then Luma Module for Guest &quot;Create an Account&quot; is available" classname="| Create an Account | Welcome Pinguino Volante! |" time="0"/>
  <testcase name="But Luma Modules for Registered &quot;Welcome Pinguino Volante!&quot; is not available" classname="| Create an Account | Welcome Pinguino Volante! |" time="0"/>
  <testcase name="| Create an Account | Welcome Pinguino Volante! |" classname="| Create an Account | Welcome Pinguino Volante! |" time="4.025"/>
  <testcase name="Given Luma Home Page" classname="| Welcome, bdd1002 Serenity! | bdd1002@duduosun.com | salmon02 | Sign In |" time="0"/>
  <testcase name="When User Interact with Luma Website" classname="| Welcome, bdd1002 Serenity! | bdd1002@duduosun.com | salmon02 | Sign In |" time="0"/>
  <testcase name="And Trigger Registered &quot;Welcome, bdd1002 Serenity!&quot; Action with &quot;bdd1002@duduosun.com&quot; and &quot;salmon02&quot;" classname="| Welcome, bdd1002 Serenity! | bdd1002@duduosun.com | salmon02 | Sign In |" time="0"/>
  <testcase name="Then Luma Module for Registered &quot;Welcome, bdd1002 Serenity!&quot; is available" classname="| Welcome, bdd1002 Serenity! | bdd1002@duduosun.com | salmon02 | Sign In |" time="0"/>
  <testcase name="But Luma Modules for Guest &quot;Sign In&quot; is not available" classname="| Welcome, bdd1002 Serenity! | bdd1002@duduosun.com | salmon02 | Sign In |" time="0"/>
  <testcase name="| Welcome, bdd1002 Serenity! | bdd1002@duduosun.com | salmon02 | Sign In |" classname="| Welcome, bdd1002 Serenity! | bdd1002@duduosun.com | salmon02 | Sign In |" time="1.286"/>
  <testcase name="Given Luma Home Page" classname="| What&apos;s New | Overnight Duffle |" time="0"/>
  <testcase name="When User Trigger Top Level Entry &quot;What&apos;s New&quot;" classname="| What&apos;s New | Overnight Duffle |" time="0"/>
  <testcase name="And User Click Simple Product &quot;Overnight Duffle&quot;" classname="| What&apos;s New | Overnight Duffle |" time="0"/>
  <testcase name="Then PDP for Simple Product &quot;Overnight Duffle&quot; is Displayed" classname="| What&apos;s New | Overnight Duffle |" time="0"/>
  <testcase name="| What&apos;s New | Overnight Duffle |" classname="| What&apos;s New | Overnight Duffle |" time="1.184"/>
  <testcase name="Given Luma Home Page" classname="| Gear | Push It Messenger Bag |" time="0"/>
  <testcase name="When User Trigger Top Level Entry &quot;Gear&quot;" classname="| Gear | Push It Messenger Bag |" time="0"/>
  <testcase name="And User Click Simple Product &quot;Push It Messenger Bag&quot;" classname="| Gear | Push It Messenger Bag |" time="0"/>
  <testcase name="Then PDP for Simple Product &quot;Push It Messenger Bag&quot; is Displayed" classname="| Gear | Push It Messenger Bag |" time="0"/>
  <testcase name="| Gear | Push It Messenger Bag |" classname="| Gear | Push It Messenger Bag |" time="1.133"/>
  <testcase name="Given Luma Home Page" classname="| Training | LifeLong Fitness IV |" time="0"/>
  <testcase name="When User Trigger Top Level Entry &quot;Training&quot;" classname="| Training | LifeLong Fitness IV |" time="0"/>
  <testcase name="And User Click Simple Product &quot;LifeLong Fitness IV&quot;" classname="| Training | LifeLong Fitness IV |" time="0"/>
  <testcase name="Then PDP for Simple Product &quot;LifeLong Fitness IV&quot; is Displayed" classname="| Training | LifeLong Fitness IV |" time="0"/>
  <testcase name="| Training | LifeLong Fitness IV |" classname="| Training | LifeLong Fitness IV |" time="1.779"/>
  <testcase name="Given Luma Home Page" classname="| Training | Video Download | Luma Yoga For Life |" time="0"/>
  <testcase name="When User Trigger Top Level &quot;Training&quot; then Sub Category Level &quot;Video Download&quot;" classname="| Training | Video Download | Luma Yoga For Life |" time="0"/>
  <testcase name="And User Click Simple Product &quot;Luma Yoga For Life&quot;" classname="| Training | Video Download | Luma Yoga For Life |" time="0"/>
  <testcase name="Then PDP for Simple Product &quot;Luma Yoga For Life&quot; is Displayed" classname="| Training | Video Download | Luma Yoga For Life |" time="0"/>
  <testcase name="| Training | Video Download | Luma Yoga For Life |" classname="| Training | Video Download | Luma Yoga For Life |" time="1.485"/>
  <testcase name="Given Luma Home Page" classname="| Gear | Bags | Endeavor Daytrip Backpack |" time="0"/>
  <testcase name="When User Trigger Top Level &quot;Gear&quot; then Sub Category Level &quot;Bags&quot;" classname="| Gear | Bags | Endeavor Daytrip Backpack |" time="0"/>
  <testcase name="And User Click Simple Product &quot;Endeavor Daytrip Backpack&quot;" classname="| Gear | Bags | Endeavor Daytrip Backpack |" time="0"/>
  <testcase name="Then PDP for Simple Product &quot;Endeavor Daytrip Backpack&quot; is Displayed" classname="| Gear | Bags | Endeavor Daytrip Backpack |" time="0"/>
  <testcase name="| Gear | Bags | Endeavor Daytrip Backpack |" classname="| Gear | Bags | Endeavor Daytrip Backpack |" time="1.508"/>
  <testcase name="Given Luma Home Page" classname="| Gear | Fitness Equipment | Sprite Foam Roller |" time="0"/>
  <testcase name="When User Trigger Top Level &quot;Gear&quot; then Sub Category Level &quot;Fitness Equipment&quot;" classname="| Gear | Fitness Equipment | Sprite Foam Roller |" time="0"/>
  <testcase name="And User Click Simple Product &quot;Sprite Foam Roller&quot;" classname="| Gear | Fitness Equipment | Sprite Foam Roller |" time="0"/>
  <testcase name="Then PDP for Simple Product &quot;Sprite Foam Roller&quot; is Displayed" classname="| Gear | Fitness Equipment | Sprite Foam Roller |" time="0"/>
  <testcase name="| Gear | Fitness Equipment | Sprite Foam Roller |" classname="| Gear | Fitness Equipment | Sprite Foam Roller |" time="1.317"/>
  <testcase name="Given Luma Home Page" classname="| Gear | Watches | Bolo Sport Watch |" time="0"/>
  <testcase name="When User Trigger Top Level &quot;Gear&quot; then Sub Category Level &quot;Watches&quot;" classname="| Gear | Watches | Bolo Sport Watch |" time="0"/>
  <testcase name="And User Click Simple Product &quot;Bolo Sport Watch&quot;" classname="| Gear | Watches | Bolo Sport Watch |" time="0"/>
  <testcase name="Then PDP for Simple Product &quot;Bolo Sport Watch&quot; is Displayed" classname="| Gear | Watches | Bolo Sport Watch |" time="0"/>
  <testcase name="| Gear | Watches | Bolo Sport Watch |" classname="| Gear | Watches | Bolo Sport Watch |" time="2.003"/>
  <testcase name="Given Luma Home Page" classname="| Men | Geo Insulated Jogging Pant |" time="0"/>
  <testcase name="Given Luma Home Page" classname="| Men | Geo Insulated Jogging Pant |" time="0"/>
  <testcase name="When User Trigger Top Level Entry &quot;Men&quot;" classname="| Men | Geo Insulated Jogging Pant |" time="0"/>
  <testcase name="When User Trigger Top Level Entry &quot;Men&quot;" classname="| Men | Geo Insulated Jogging Pant |" time="0"/>
  <testcase name="And User Click Configurable Product &quot;Geo Insulated Jogging Pant&quot;" classname="| Men | Geo Insulated Jogging Pant |" time="0"/>
  <testcase name="Then PDP for Configurable Product &quot;Geo Insulated Jogging Pant&quot; is Displayed" classname="| Men | Geo Insulated Jogging Pant |" time="0"/>
  <testcase name="| Men | Geo Insulated Jogging Pant |" classname="| Men | Geo Insulated Jogging Pant |" time="1.268"/>
  <testcase name="| Men | Geo Insulated Jogging Pant |" classname="| Men | Geo Insulated Jogging Pant |" time="3.729"/>
  <testcase name="Given Luma Home Page" classname="| Women | Deirdre Relaxed-Fit Capri |" time="0"/>
  <testcase name="When User Trigger Top Level Entry &quot;Women&quot;" classname="| Women | Deirdre Relaxed-Fit Capri |" time="0"/>
  <testcase name="And User Click Configurable Product &quot;Deirdre Relaxed-Fit Capri&quot;" classname="| Women | Deirdre Relaxed-Fit Capri |" time="0"/>
  <testcase name="Then PDP for Configurable Product &quot;Deirdre Relaxed-Fit Capri&quot; is Displayed" classname="| Women | Deirdre Relaxed-Fit Capri |" time="0"/>
  <testcase name="| Women | Deirdre Relaxed-Fit Capri |" classname="| Women | Deirdre Relaxed-Fit Capri |" time="3.414"/>
  <testcase name="Given Luma Home Page" classname="| Women | Women Tops | Karissa V-Neck Tee |" time="0.001"/>
  <testcase name="When User Trigger Top Level &quot;Women&quot; then Sub Category Level &quot;Women Tops&quot;" classname="| Women | Women Tops | Karissa V-Neck Tee |" time="0"/>
  <testcase name="And User Click Configurable Product &quot;Karissa V-Neck Tee&quot;" classname="| Women | Women Tops | Karissa V-Neck Tee |" time="0"/>
  <testcase name="Then PDP for Configurable Product &quot;Karissa V-Neck Tee&quot; is Displayed" classname="| Women | Women Tops | Karissa V-Neck Tee |" time="0"/>
  <testcase name="| Women | Women Tops | Karissa V-Neck Tee |" classname="| Women | Women Tops | Karissa V-Neck Tee |" time="1.2"/>
  <testcase name="Given Luma Home Page" classname="| Men | Men Bottoms | Hawkeye Yoga Short |" time="0"/>
  <testcase name="When User Trigger Top Level &quot;Men&quot; then Sub Category Level &quot;Men Bottoms&quot;" classname="| Men | Men Bottoms | Hawkeye Yoga Short |" time="0"/>
  <testcase name="And User Click Configurable Product &quot;Hawkeye Yoga Short&quot;" classname="| Men | Men Bottoms | Hawkeye Yoga Short |" time="0"/>
  <testcase name="Then PDP for Configurable Product &quot;Hawkeye Yoga Short&quot; is Displayed" classname="| Men | Men Bottoms | Hawkeye Yoga Short |" time="0"/>
  <testcase name="| Men | Men Bottoms | Hawkeye Yoga Short |" classname="| Men | Men Bottoms | Hawkeye Yoga Short |" time="1.302"/>
  <testcase name="Given Luma Home Page" classname="| Women | Women Bottoms | Gwen Drawstring Bike Short |" time="0"/>
  <testcase name="When User Trigger Top Level &quot;Women&quot; then Sub Category Level &quot;Women Bottoms&quot;" classname="| Women | Women Bottoms | Gwen Drawstring Bike Short |" time="0"/>
  <testcase name="And User Click Configurable Product &quot;Gwen Drawstring Bike Short&quot;" classname="| Women | Women Bottoms | Gwen Drawstring Bike Short |" time="0"/>
  <testcase name="Then PDP for Configurable Product &quot;Gwen Drawstring Bike Short&quot; is Displayed" classname="| Women | Women Bottoms | Gwen Drawstring Bike Short |" time="0"/>
  <testcase name="| Women | Women Bottoms | Gwen Drawstring Bike Short |" classname="| Women | Women Bottoms | Gwen Drawstring Bike Short |" time="1.285"/>
  <testcase name="Given Luma Home Page" classname="| Men | Men Tops | Cassius Sparring Tank |" time="0"/>
  <testcase name="When User Trigger Top Level &quot;Men&quot; then Sub Category Level &quot;Men Tops&quot;" classname="| Men | Men Tops | Cassius Sparring Tank |" time="0"/>
  <testcase name="And User Click Configurable Product &quot;Cassius Sparring Tank&quot;" classname="| Men | Men Tops | Cassius Sparring Tank |" time="0"/>
  <testcase name="Then PDP for Configurable Product &quot;Cassius Sparring Tank&quot; is Displayed" classname="| Men | Men Tops | Cassius Sparring Tank |" time="0"/>
  <testcase name="| Men | Men Tops | Cassius Sparring Tank |" classname="| Men | Men Tops | Cassius Sparring Tank |" time="2.187"/>
  <testcase name="Given Luma Home Page" classname="| Gear | Bags | Voyage Yoga Bag |" time="0"/>
  <testcase name="When User Trigger Top Level &quot;Gear&quot; then Sub Category Level &quot;Bags&quot;" classname="| Gear | Bags | Voyage Yoga Bag |" time="0"/>
  <testcase name="Then Simple Products &quot;Voyage Yoga Bag&quot; are Displayed in Grid View" classname="| Gear | Bags | Voyage Yoga Bag |" time="0"/>
  <testcase name="| Gear | Bags | Voyage Yoga Bag |" classname="| Gear | Bags | Voyage Yoga Bag |" time="1.339"/>
  <testcase name="Given Luma Home Page" classname="| Training | Video Download | Solo Power Circuit |" time="0"/>
  <testcase name="When User Trigger Top Level &quot;Training&quot; then Sub Category Level &quot;Video Download&quot;" classname="| Training | Video Download | Solo Power Circuit |" time="0.001"/>
  <testcase name="Then Simple Products &quot;Solo Power Circuit&quot; are Displayed in Grid View" classname="| Training | Video Download | Solo Power Circuit |" time="0"/>
  <testcase name="| Training | Video Download | Solo Power Circuit |" classname="| Training | Video Download | Solo Power Circuit |" time="1.922"/>
  <testcase name="Given Luma Home Page" classname="| Women | Women Tops | Diva Gym Tee |" time="0"/>
  <testcase name="When User Trigger Top Level &quot;Women&quot; then Sub Category Level &quot;Women Tops&quot;" classname="| Women | Women Tops | Diva Gym Tee |" time="0"/>
  <testcase name="Then Configurable Products &quot;Diva Gym Tee&quot; are Displayed in Grid View" classname="| Women | Women Tops | Diva Gym Tee |" time="0"/>
  <testcase name="| Women | Women Tops | Diva Gym Tee |" classname="| Women | Women Tops | Diva Gym Tee |" time="1.514"/>
  <testcase name="Given Luma Home Page" classname="| Men | Men Bottoms | Rapha Sports Short |" time="0"/>
  <testcase name="When User Trigger Top Level &quot;Men&quot; then Sub Category Level &quot;Men Bottoms&quot;" classname="| Men | Men Bottoms | Rapha Sports Short |" time="0"/>
  <testcase name="Then Configurable Products &quot;Rapha Sports Short&quot; are Displayed in Grid View" classname="| Men | Men Bottoms | Rapha Sports Short |" time="0"/>
  <testcase name="| Men | Men Bottoms | Rapha Sports Short |" classname="| Men | Men Bottoms | Rapha Sports Short |" time="2.393"/>
  <testcase name="Given Luma Home Page" classname="| Gear | Fitness Equipment | Sprite Foam Yoga Brick |" time="0"/>
  <testcase name="When User Trigger Top Level &quot;Gear&quot; then Sub Category Level &quot;Fitness Equipment&quot;" classname="| Gear | Fitness Equipment | Sprite Foam Yoga Brick |" time="0"/>
  <testcase name="And User Click Switch View CTA" classname="| Gear | Fitness Equipment | Sprite Foam Yoga Brick |" time="0"/>
  <testcase name="Then Simple Products &quot;Sprite Foam Yoga Brick&quot; are Displayed in List View" classname="| Gear | Fitness Equipment | Sprite Foam Yoga Brick |" time="0"/>
  <testcase name="| Gear | Fitness Equipment | Sprite Foam Yoga Brick |" classname="| Gear | Fitness Equipment | Sprite Foam Yoga Brick |" time="1.718"/>
  <testcase name="Given Luma Home Page" classname="| Gear | Watches | Cruise Dual Analog Watch |" time="0"/>
  <testcase name="When User Trigger Top Level &quot;Gear&quot; then Sub Category Level &quot;Watches&quot;" classname="| Gear | Watches | Cruise Dual Analog Watch |" time="0"/>
  <testcase name="And User Click Switch View CTA" classname="| Gear | Watches | Cruise Dual Analog Watch |" time="0"/>
  <testcase name="Then Simple Products &quot;Cruise Dual Analog Watch&quot; are Displayed in List View" classname="| Gear | Watches | Cruise Dual Analog Watch |" time="0"/>
  <testcase name="| Gear | Watches | Cruise Dual Analog Watch |" classname="| Gear | Watches | Cruise Dual Analog Watch |" time="2.26"/>
  <testcase name="Given Luma Home Page" classname="| Women | Women Bottoms | Echo Fit Compression Short |" time="0"/>
  <testcase name="When User Trigger Top Level &quot;Women&quot; then Sub Category Level &quot;Women Bottoms&quot;" classname="| Women | Women Bottoms | Echo Fit Compression Short |" time="0"/>
  <testcase name="And User Click Switch View CTA" classname="| Women | Women Bottoms | Echo Fit Compression Short |" time="0"/>
  <testcase name="Then Configurable Products &quot;Echo Fit Compression Short&quot; are Displayed in List View" classname="| Women | Women Bottoms | Echo Fit Compression Short |" time="0"/>
  <testcase name="| Women | Women Bottoms | Echo Fit Compression Short |" classname="| Women | Women Bottoms | Echo Fit Compression Short |" time="1.909"/>
  <testcase name="Given Luma Home Page" classname="| Men | Men Tops | Aero Daily Fitness Tee |" time="0.003"/>
  <testcase name="When User Trigger Top Level &quot;Men&quot; then Sub Category Level &quot;Men Tops&quot;" classname="| Men | Men Tops | Aero Daily Fitness Tee |" time="0"/>
  <testcase name="And User Click Switch View CTA" classname="| Men | Men Tops | Aero Daily Fitness Tee |" time="0"/>
  <testcase name="Then Configurable Products &quot;Aero Daily Fitness Tee&quot; are Displayed in List View" classname="| Men | Men Tops | Aero Daily Fitness Tee |" time="0"/>
  <testcase name="| Men | Men Tops | Aero Daily Fitness Tee |" classname="| Men | Men Tops | Aero Daily Fitness Tee |" time="2.626"/>
  <testcase name="Given Luma Home Page" classname="| bdd1003 | Serenity | bdd1003@duduosun.com | salmon03 | bdd1003 Serenity |" time="0"/>
  <testcase name="When User Trigger Sign Up Action with &quot;bdd1003&quot;,&quot;Serenity&quot;,&quot;bdd1003@duduosun.com&quot;,&quot;salmon03&quot; Details" classname="| bdd1003 | Serenity | bdd1003@duduosun.com | salmon03 | bdd1003 Serenity |" time="0"/>
  <testcase name="Then New User &quot;bdd1003 Serenity&quot; is active" classname="| bdd1003 | Serenity | bdd1003@duduosun.com | salmon03 | bdd1003 Serenity |" time="0"/>
  <testcase name="| bdd1003 | Serenity | bdd1003@duduosun.com | salmon03 | bdd1003 Serenity |" classname="| bdd1003 | Serenity | bdd1003@duduosun.com | salmon03 | bdd1003 Serenity |" time="1.216"/>
  <testcase name="Given Luma Home Page" classname="| bdd1004 | Serenity | bdd1004@duduosun.com | salmon04 | bdd1004 Serenity |" time="0"/>
  <testcase name="When User Trigger Sign Up Action with &quot;bdd1004&quot;,&quot;Serenity&quot;,&quot;bdd1004@duduosun.com&quot;,&quot;salmon04&quot; Details" classname="| bdd1004 | Serenity | bdd1004@duduosun.com | salmon04 | bdd1004 Serenity |" time="0"/>
  <testcase name="Then New User &quot;bdd1004 Serenity&quot; is active" classname="| bdd1004 | Serenity | bdd1004@duduosun.com | salmon04 | bdd1004 Serenity |" time="0"/>
  <testcase name="| bdd1004 | Serenity | bdd1004@duduosun.com | salmon04 | bdd1004 Serenity |" classname="| bdd1004 | Serenity | bdd1004@duduosun.com | salmon04 | bdd1004 Serenity |" time="2.162"/>
  <testcase name="Given Luma Home Page" classname="| bdd1004 Serenity | bdd1004@duduosun.com | salmon04 |" time="0"/>
  <testcase name="When User Interact with Luma Website" classname="| bdd1004 Serenity | bdd1004@duduosun.com | salmon04 |" time="0"/>
  <testcase name="And Trigger Registered &quot;bdd1004 Serenity&quot; Action with &quot;bdd1004@duduosun.com&quot; and &quot;salmon04&quot;" classname="| bdd1004 Serenity | bdd1004@duduosun.com | salmon04 |" time="0"/>
  <testcase name="Then Luma Module for Registered &quot;bdd1004 Serenity&quot; is available" classname="| bdd1004 Serenity | bdd1004@duduosun.com | salmon04 |" time="0"/>
  <testcase name="Then User &quot;bdd1004 Serenity&quot; is active" classname="| bdd1004 Serenity | bdd1004@duduosun.com | salmon04 |" time="0"/>
  <testcase name="| bdd1004 Serenity | bdd1004@duduosun.com | salmon04 |" classname="| bdd1004 Serenity | bdd1004@duduosun.com | salmon04 |" time="2.623"/>
  <testcase name="Given Luma Home Page" classname="| backpack | Crown Summit Backpack |" time="0"/>
  <testcase name="When User Search Luma with String &quot;backpack&quot;" classname="| backpack | Crown Summit Backpack |" time="0"/>
  <testcase name="Then Search Results for &quot;Crown Summit Backpack&quot; are Displayed in Grid View" classname="| backpack | Crown Summit Backpack |" time="0"/>
  <testcase name="| backpack | Crown Summit Backpack |" classname="| backpack | Crown Summit Backpack |" time="1.091"/>
  <testcase name="Given Luma Home Page(| video | Advanced Pilates &amp; Yoga " classname="Given Luma Home Page(| video | Advanced Pilates &amp; Yoga (Strength) |)" time="0"/>
  <testcase name="When User Search Luma with String &quot;video&quot;(| video | Advanced Pilates &amp; Yoga " classname="When User Search Luma with String &quot;video&quot;(| video | Advanced Pilates &amp; Yoga (Strength) |)" time="0"/>
  <testcase name="Then Search Results for &quot;Advanced Pilates &amp; Yoga (Strength)&quot; are Displayed in Grid View(| video | Advanced Pilates &amp; Yoga " classname="Then Search Results for &quot;Advanced Pilates &amp; Yoga (Strength)&quot; are Displayed in Grid View(| video | Advanced Pilates &amp; Yoga (Strength) |)" time="0"/>
  <testcase name="| video | Advanced Pilates &amp; Yoga " classname="| video | Advanced Pilates &amp; Yoga (Strength) |" time="1.684"/>
  <testcase name="Given Luma Home Page" classname="| tees on sale | Deion Long-Sleeve EverCool™ Tee |" time="0"/>
  <testcase name="When User Search Luma with String &quot;tees on sale&quot;" classname="| tees on sale | Deion Long-Sleeve EverCool™ Tee |" time="0"/>
  <testcase name="And User Click Switch View CTA" classname="| tees on sale | Deion Long-Sleeve EverCool™ Tee |" time="0"/>
  <testcase name="Then Search Results for &quot;Deion Long-Sleeve EverCool™ Tee&quot; are Displayed in List View" classname="| tees on sale | Deion Long-Sleeve EverCool™ Tee |" time="0"/>
  <testcase name="| tees on sale | Deion Long-Sleeve EverCool™ Tee |" classname="| tees on sale | Deion Long-Sleeve EverCool™ Tee |" time="1.103"/>
  <testcase name="Given Luma Home Page" classname="| new yoga | Zeppelin Yoga Pant |" time="0"/>
  <testcase name="When User Search Luma with String &quot;new yoga&quot;" classname="| new yoga | Zeppelin Yoga Pant |" time="0"/>
  <testcase name="And User Click Switch View CTA" classname="| new yoga | Zeppelin Yoga Pant |" time="0"/>
  <testcase name="Then Search Results for &quot;Zeppelin Yoga Pant&quot; are Displayed in List View" classname="| new yoga | Zeppelin Yoga Pant |" time="0"/>
  <testcase name="| new yoga | Zeppelin Yoga Pant |" classname="| new yoga | Zeppelin Yoga Pant |" time="3.464"/>
  <testcase name="Given Luma Home Page" classname="| children | Your search returned no results |" time="0"/>
  <testcase name="When User Search Luma with String &quot;children&quot;" classname="| children | Your search returned no results |" time="0"/>
  <testcase name="Then Empty Search Result &quot;Your search returned no results&quot; is Displayed" classname="| children | Your search returned no results |" time="0"/>
  <testcase name="| children | Your search returned no results |" classname="| children | Your search returned no results |" time="1.433"/>
  <testcase name="Given Luma Home Page" classname="| bottle | Affirm Water Bottle |" time="0"/>
  <testcase name="When User Search Luma with String &quot;bottle&quot;" classname="| bottle | Affirm Water Bottle |" time="0"/>
  <testcase name="And User Click Simple Product &quot;Affirm Water Bottle&quot;" classname="| bottle | Affirm Water Bottle |" time="0"/>
  <testcase name="Then PDP for Simple Product &quot;Affirm Water Bottle&quot; is Displayed" classname="| bottle | Affirm Water Bottle |" time="0"/>
  <testcase name="| bottle | Affirm Water Bottle |" classname="| bottle | Affirm Water Bottle |" time="1.715"/>
  <testcase name="Given Luma Home Page" classname="| jog | Geo Insulated Jogging Pant |" time="0.001"/>
  <testcase name="When User Search Luma with String &quot;jog&quot;" classname="| jog | Geo Insulated Jogging Pant |" time="0"/>
  <testcase name="And User Click Configurable Product &quot;Geo Insulated Jogging Pant&quot;" classname="| jog | Geo Insulated Jogging Pant |" time="0.016"/>
  <testcase name="Then PDP for Configurable Product &quot;Geo Insulated Jogging Pant&quot; is Displayed" classname="| jog | Geo Insulated Jogging Pant |" time="0"/>
  <testcase name="| jog | Geo Insulated Jogging Pant |" classname="| jog | Geo Insulated Jogging Pant |" time="2.155"/>
  <testcase name="Given Luma Home Page" classname="| What&apos;s New | Wayfarer Messenger Bag |" time="0.001"/>
  <testcase name="When User Trigger Top Level Entry &quot;What&apos;s New&quot;" classname="| What&apos;s New | Wayfarer Messenger Bag |" time="0"/>
  <testcase name="Then Page &quot;What&apos;s New&quot; Header and Footer Elements are Interactive" classname="| What&apos;s New | Wayfarer Messenger Bag |" time="0"/>
  <testcase name="And Complete LHS and Promo Module is Visible" classname="| What&apos;s New | Wayfarer Messenger Bag |" time="0"/>
  <testcase name="And Product List is Displayed with &quot;Wayfarer Messenger Bag&quot;" classname="| What&apos;s New | Wayfarer Messenger Bag |" time="0"/>
  <testcase name="| What&apos;s New | Wayfarer Messenger Bag |" classname="| What&apos;s New | Wayfarer Messenger Bag |" time="2.83"/>
  <testcase name="Given Luma Home Page" classname="| Women | Selene Yoga Hoodie |" time="0"/>
  <testcase name="When User Trigger Top Level Entry &quot;Women&quot;" classname="| Women | Selene Yoga Hoodie |" time="0"/>
  <testcase name="Then Page &quot;Women&quot; Header and Footer Elements are Interactive" classname="| Women | Selene Yoga Hoodie |" time="0"/>
  <testcase name="And Complete LHS and Promo Module is Visible" classname="| Women | Selene Yoga Hoodie |" time="0"/>
  <testcase name="And Product List is Displayed with &quot;Selene Yoga Hoodie&quot;" classname="| Women | Selene Yoga Hoodie |" time="0"/>
  <testcase name="| Women | Selene Yoga Hoodie |" classname="| Women | Selene Yoga Hoodie |" time="2.6"/>
  <testcase name="Then Page &quot;Men&quot; Header and Footer Elements are Interactive" classname="| Men | Geo Insulated Jogging Pant |" time="0"/>
  <testcase name="And Complete LHS and Promo Module is Visible" classname="| Men | Geo Insulated Jogging Pant |" time="0"/>
  <testcase name="And Product List is Displayed with &quot;Geo Insulated Jogging Pant&quot;" classname="| Men | Geo Insulated Jogging Pant |" time="0"/>
  <testcase name="Given Luma Home Page" classname="| Gear | Sprite Yoga Companion Kit |" time="0"/>
  <testcase name="When User Trigger Top Level Entry &quot;Gear&quot;" classname="| Gear | Sprite Yoga Companion Kit |" time="0"/>
  <testcase name="Then Page &quot;Gear&quot; Header and Footer Elements are Interactive" classname="| Gear | Sprite Yoga Companion Kit |" time="0"/>
  <testcase name="And Empty LHS and Promo Module is Visible" classname="| Gear | Sprite Yoga Companion Kit |" time="0"/>
  <testcase name="And Product List is Displayed with &quot;Sprite Yoga Companion Kit&quot;" classname="| Gear | Sprite Yoga Companion Kit |" time="0"/>
  <testcase name="| Gear | Sprite Yoga Companion Kit |" classname="| Gear | Sprite Yoga Companion Kit |" time="3.368"/>
  <testcase name="Given Luma Home Page" classname="| Training | Luma Yoga For Life |" time="0"/>
  <testcase name="When User Trigger Top Level Entry &quot;Training&quot;" classname="| Training | Luma Yoga For Life |" time="0"/>
  <testcase name="Then Page &quot;Training&quot; Header and Footer Elements are Interactive" classname="| Training | Luma Yoga For Life |" time="0"/>
  <testcase name="And Single LHS and Promo Module is Visible" classname="| Training | Luma Yoga For Life |" time="0"/>
  <testcase name="And Product List is Displayed with &quot;Luma Yoga For Life&quot;" classname="| Training | Luma Yoga For Life |" time="0"/>
  <testcase name="| Training | Luma Yoga For Life |" classname="| Training | Luma Yoga For Life |" time="3.192"/>
  <testcase name="Given Luma Home Page" classname="| Sale |" time="0"/>
  <testcase name="When User Trigger Top Level Entry &quot;Sale&quot;" classname="| Sale |" time="0"/>
  <testcase name="Then Page &quot;Sale&quot; Header and Footer Elements are Interactive" classname="| Sale |" time="0"/>
  <testcase name="And Complete LHS and Promo Module is Visible" classname="| Sale |" time="0"/>
  <testcase name="| Sale |" classname="| Sale |" time="3.344"/>
</testsuite>