<?xml version="1.0" encoding="UTF-8"?>
<testsuite name="com.orevan.serenity.DefinitionTestSuite" time="17.965" tests="36" errors="0" skipped="0" failures="0">
  <properties>
    <property name="java.runtime.name" value="Java(TM) SE Runtime Environment"/>
    <property name="sun.boot.library.path" value="C:\Program Files\Java\jdk1.8.0_101\jre\bin"/>
    <property name="java.vm.version" value="25.101-b13"/>
    <property name="java.vm.vendor" value="Oracle Corporation"/>
    <property name="maven.multiModuleProjectDirectory" value="C:\Automation Framework\ExampleAutomationFramework\mycucumber_serenity_arche\mySerenity"/>
    <property name="java.vendor.url" value="http://java.oracle.com/"/>
    <property name="path.separator" value=";"/>
    <property name="guice.disable.misplaced.annotation.check" value="true"/>
    <property name="java.vm.name" value="Java HotSpot(TM) 64-Bit Server VM"/>
    <property name="file.encoding.pkg" value="sun.io"/>
    <property name="user.script" value=""/>
    <property name="user.country" value="GB"/>
    <property name="sun.java.launcher" value="SUN_STANDARD"/>
    <property name="sun.os.patch.level" value=""/>
    <property name="java.vm.specification.name" value="Java Virtual Machine Specification"/>
    <property name="user.dir" value="C:\Automation Framework\ExampleAutomationFramework\mycucumber_serenity_arche\mySerenity"/>
    <property name="java.runtime.version" value="1.8.0_101-b13"/>
    <property name="java.awt.graphicsenv" value="sun.awt.Win32GraphicsEnvironment"/>
    <property name="java.endorsed.dirs" value="C:\Program Files\Java\jdk1.8.0_101\jre\lib\endorsed"/>
    <property name="os.arch" value="amd64"/>
    <property name="java.io.tmpdir" value="C:\Users\tolaf\AppData\Local\Temp\"/>
    <property name="line.separator" value="&#10;"/>
    <property name="java.vm.specification.vendor" value="Oracle Corporation"/>
    <property name="user.variant" value=""/>
    <property name="os.name" value="Windows 10"/>
    <property name="classworlds.conf" value="C:\Automation Framework\apache-maven-3.3.9\bin\m2.conf"/>
    <property name="sun.jnu.encoding" value="Cp1252"/>
    <property name="java.library.path" value="C:\Program Files\Java\jdk1.8.0_101\bin;C:\WINDOWS\Sun\Java\bin;C:\WINDOWS\system32;C:\WINDOWS;C:\ProgramData\Oracle\Java\javapath;C:\Program Files (x86)\Intel\iCLS Client\;C:\Program Files\Intel\iCLS Client\;C:\WINDOWS\system32;C:\WINDOWS;C:\WINDOWS\System32\Wbem;C:\WINDOWS\System32\WindowsPowerShell\v1.0\;C:\Program Files (x86)\Intel\Intel(R) Management Engine Components\DAL;C:\Program Files\Intel\Intel(R) Management Engine Components\DAL;C:\Program Files (x86)\Intel\Intel(R) Management Engine Components\IPT;C:\Program Files\Intel\Intel(R) Management Engine Components\IPT;C:\Program Files\Intel\WiFi\bin\;C:\Program Files\Common Files\Intel\WirelessCommon\;C:\Program Files (x86)\Skype\Phone\;C:\Program Files\Git\cmd;C:\Automation Framework\apache-maven-3.3.9\bin;C:\Automation Framework\gradle-2.14.1\bin;C:\WINDOWS\system32\config\systemprofile\.dnx\bin;C:\Program Files\Microsoft DNX\Dnvm\;C:\Program Files\Microsoft SQL Server\130\Tools\Binn\;C:\galenframework\;C:\Users\tolaf\AppData\Local\Microsoft\WindowsApps;;."/>
    <property name="java.specification.name" value="Java Platform API Specification"/>
    <property name="java.class.version" value="52.0"/>
    <property name="sun.management.compiler" value="HotSpot 64-Bit Tiered Compilers"/>
    <property name="os.version" value="10.0"/>
    <property name="user.home" value="C:\Users\tolaf"/>
    <property name="user.timezone" value="Europe/London"/>
    <property name="java.awt.printerjob" value="sun.awt.windows.WPrinterJob"/>
    <property name="java.specification.version" value="1.8"/>
    <property name="file.encoding" value="Cp1252"/>
    <property name="user.name" value="tolaf"/>
    <property name="java.class.path" value="C:\Automation Framework\apache-maven-3.3.9\boot\plexus-classworlds-2.5.2.jar"/>
    <property name="java.vm.specification.version" value="1.8"/>
    <property name="sun.arch.data.model" value="64"/>
    <property name="java.home" value="C:\Program Files\Java\jdk1.8.0_101\jre"/>
    <property name="sun.java.command" value="org.codehaus.plexus.classworlds.launcher.Launcher verify"/>
    <property name="java.specification.vendor" value="Oracle Corporation"/>
    <property name="user.language" value="en"/>
    <property name="awt.toolkit" value="sun.awt.windows.WToolkit"/>
    <property name="java.vm.info" value="mixed mode"/>
    <property name="java.version" value="1.8.0_101"/>
    <property name="java.ext.dirs" value="C:\Program Files\Java\jdk1.8.0_101\jre\lib\ext;C:\WINDOWS\Sun\Java\lib\ext"/>
    <property name="sun.boot.class.path" value="C:\Program Files\Java\jdk1.8.0_101\jre\lib\resources.jar;C:\Program Files\Java\jdk1.8.0_101\jre\lib\rt.jar;C:\Program Files\Java\jdk1.8.0_101\jre\lib\sunrsasign.jar;C:\Program Files\Java\jdk1.8.0_101\jre\lib\jsse.jar;C:\Program Files\Java\jdk1.8.0_101\jre\lib\jce.jar;C:\Program Files\Java\jdk1.8.0_101\jre\lib\charsets.jar;C:\Program Files\Java\jdk1.8.0_101\jre\lib\jfr.jar;C:\Program Files\Java\jdk1.8.0_101\jre\classes"/>
    <property name="sun.stderr.encoding" value="cp850"/>
    <property name="java.vendor" value="Oracle Corporation"/>
    <property name="maven.home" value="C:\Automation Framework\apache-maven-3.3.9"/>
    <property name="file.separator" value="\"/>
    <property name="java.vendor.url.bug" value="http://bugreport.sun.com/bugreport/"/>
    <property name="sun.cpu.endian" value="little"/>
    <property name="sun.io.unicode.encoding" value="UnicodeLittle"/>
    <property name="sun.stdout.encoding" value="cp850"/>
    <property name="sun.desktop" value="windows"/>
    <property name="sun.cpu.isalist" value="amd64"/>
  </properties>
  <testcase name="Given Luma Home Page" classname="| Gear | Bags | Voyage Yoga Bag |" time="0.002"/>
  <testcase name="When User Trigger Top Level &quot;Gear&quot; then Sub Category Level &quot;Bags&quot;" classname="| Gear | Bags | Voyage Yoga Bag |" time="0"/>
  <testcase name="Then Simple Products &quot;Voyage Yoga Bag&quot; are Displayed in Grid View" classname="| Gear | Bags | Voyage Yoga Bag |" time="0"/>
  <testcase name="| Gear | Bags | Voyage Yoga Bag |" classname="| Gear | Bags | Voyage Yoga Bag |" time="1.408"/>
  <testcase name="Given Luma Home Page" classname="| Training | Video Download | Solo Power Circuit |" time="0"/>
  <testcase name="When User Trigger Top Level &quot;Training&quot; then Sub Category Level &quot;Video Download&quot;" classname="| Training | Video Download | Solo Power Circuit |" time="0"/>
  <testcase name="Then Simple Products &quot;Solo Power Circuit&quot; are Displayed in Grid View" classname="| Training | Video Download | Solo Power Circuit |" time="0"/>
  <testcase name="| Training | Video Download | Solo Power Circuit |" classname="| Training | Video Download | Solo Power Circuit |" time="2.921"/>
  <testcase name="Given Luma Home Page" classname="| Women | Women Tops | Diva Gym Tee |" time="0"/>
  <testcase name="When User Trigger Top Level &quot;Women&quot; then Sub Category Level &quot;Women Tops&quot;" classname="| Women | Women Tops | Diva Gym Tee |" time="0"/>
  <testcase name="Then Configurable Products &quot;Diva Gym Tee&quot; are Displayed in Grid View" classname="| Women | Women Tops | Diva Gym Tee |" time="0"/>
  <testcase name="| Women | Women Tops | Diva Gym Tee |" classname="| Women | Women Tops | Diva Gym Tee |" time="1.397"/>
  <testcase name="Given Luma Home Page" classname="| Men | Men Bottoms | Rapha Sports Short |" time="0"/>
  <testcase name="When User Trigger Top Level &quot;Men&quot; then Sub Category Level &quot;Men Bottoms&quot;" classname="| Men | Men Bottoms | Rapha Sports Short |" time="0"/>
  <testcase name="Then Configurable Products &quot;Rapha Sports Short&quot; are Displayed in Grid View" classname="| Men | Men Bottoms | Rapha Sports Short |" time="0"/>
  <testcase name="| Men | Men Bottoms | Rapha Sports Short |" classname="| Men | Men Bottoms | Rapha Sports Short |" time="2.464"/>
  <testcase name="Given Luma Home Page" classname="| Gear | Fitness Equipment | Sprite Foam Yoga Brick |" time="0"/>
  <testcase name="When User Trigger Top Level &quot;Gear&quot; then Sub Category Level &quot;Fitness Equipment&quot;" classname="| Gear | Fitness Equipment | Sprite Foam Yoga Brick |" time="0"/>
  <testcase name="And User Click Switch View CTA" classname="| Gear | Fitness Equipment | Sprite Foam Yoga Brick |" time="0"/>
  <testcase name="Then Simple Products &quot;Sprite Foam Yoga Brick&quot; are Displayed in List View" classname="| Gear | Fitness Equipment | Sprite Foam Yoga Brick |" time="0"/>
  <testcase name="| Gear | Fitness Equipment | Sprite Foam Yoga Brick |" classname="| Gear | Fitness Equipment | Sprite Foam Yoga Brick |" time="1.695"/>
  <testcase name="Given Luma Home Page" classname="| Gear | Watches | Cruise Dual Analog Watch |" time="0"/>
  <testcase name="When User Trigger Top Level &quot;Gear&quot; then Sub Category Level &quot;Watches&quot;" classname="| Gear | Watches | Cruise Dual Analog Watch |" time="0"/>
  <testcase name="And User Click Switch View CTA" classname="| Gear | Watches | Cruise Dual Analog Watch |" time="0"/>
  <testcase name="Then Simple Products &quot;Cruise Dual Analog Watch&quot; are Displayed in List View" classname="| Gear | Watches | Cruise Dual Analog Watch |" time="0"/>
  <testcase name="| Gear | Watches | Cruise Dual Analog Watch |" classname="| Gear | Watches | Cruise Dual Analog Watch |" time="3.486"/>
  <testcase name="Given Luma Home Page" classname="| Women | Women Bottoms | Echo Fit Compression Short |" time="0"/>
  <testcase name="When User Trigger Top Level &quot;Women&quot; then Sub Category Level &quot;Women Bottoms&quot;" classname="| Women | Women Bottoms | Echo Fit Compression Short |" time="0"/>
  <testcase name="And User Click Switch View CTA" classname="| Women | Women Bottoms | Echo Fit Compression Short |" time="0"/>
  <testcase name="Then Configurable Products &quot;Echo Fit Compression Short&quot; are Displayed in List View" classname="| Women | Women Bottoms | Echo Fit Compression Short |" time="0"/>
  <testcase name="| Women | Women Bottoms | Echo Fit Compression Short |" classname="| Women | Women Bottoms | Echo Fit Compression Short |" time="1.687"/>
  <testcase name="Given Luma Home Page" classname="| Men | Men Tops | Aero Daily Fitness Tee |" time="0"/>
  <testcase name="When User Trigger Top Level &quot;Men&quot; then Sub Category Level &quot;Men Tops&quot;" classname="| Men | Men Tops | Aero Daily Fitness Tee |" time="0"/>
  <testcase name="And User Click Switch View CTA" classname="| Men | Men Tops | Aero Daily Fitness Tee |" time="0"/>
  <testcase name="Then Configurable Products &quot;Aero Daily Fitness Tee&quot; are Displayed in List View" classname="| Men | Men Tops | Aero Daily Fitness Tee |" time="0"/>
  <testcase name="| Men | Men Tops | Aero Daily Fitness Tee |" classname="| Men | Men Tops | Aero Daily Fitness Tee |" time="2.905"/>
</testsuite>