<?xml version="1.0" encoding="UTF-8"?>
<testsuite name="com.orevan.serenity.DefinitionTestSuite" time="3.158" tests="29" errors="2" skipped="2" failures="0">
  <properties>
    <property name="java.runtime.name" value="Java(TM) SE Runtime Environment"/>
    <property name="cucumber.options" value="--tags @users"/>
    <property name="sun.boot.library.path" value="C:\Program Files\Java\jdk1.8.0_101\jre\bin"/>
    <property name="java.vm.version" value="25.101-b13"/>
    <property name="java.vm.vendor" value="Oracle Corporation"/>
    <property name="maven.multiModuleProjectDirectory" value="C:/Automation Framework/ExampleAutomationFramework/mycucumber_serenity_arche/mySerenity"/>
    <property name="java.vendor.url" value="http://java.oracle.com/"/>
    <property name="path.separator" value=";"/>
    <property name="guice.disable.misplaced.annotation.check" value="true"/>
    <property name="java.vm.name" value="Java HotSpot(TM) 64-Bit Server VM"/>
    <property name="file.encoding.pkg" value="sun.io"/>
    <property name="user.script" value=""/>
    <property name="user.country" value="GB"/>
    <property name="sun.java.launcher" value="SUN_STANDARD"/>
    <property name="sun.os.patch.level" value=""/>
    <property name="java.vm.specification.name" value="Java Virtual Machine Specification"/>
    <property name="user.dir" value="C:\Automation Framework\ExampleAutomationFramework\mycucumber_serenity_arche\mySerenity"/>
    <property name="java.runtime.version" value="1.8.0_101-b13"/>
    <property name="java.awt.graphicsenv" value="sun.awt.Win32GraphicsEnvironment"/>
    <property name="java.endorsed.dirs" value="C:\Program Files\Java\jdk1.8.0_101\jre\lib\endorsed"/>
    <property name="os.arch" value="amd64"/>
    <property name="java.io.tmpdir" value="C:\Users\tolaf\AppData\Local\Temp\"/>
    <property name="line.separator" value="&#10;"/>
    <property name="java.vm.specification.vendor" value="Oracle Corporation"/>
    <property name="user.variant" value=""/>
    <property name="os.name" value="Windows 10"/>
    <property name="classworlds.conf" value="C:/Automation Framework/apache-maven-3.3.9/bin/m2.conf"/>
    <property name="sun.jnu.encoding" value="Cp1252"/>
    <property name="java.library.path" value="C:\Program Files\Java\jdk1.8.0_101\bin;C:\WINDOWS\Sun\Java\bin;C:\WINDOWS\system32;C:\WINDOWS;C:\Users\tolaf\bin;C:\Program Files\Git\mingw64\bin;C:\Program Files\Git\usr\local\bin;C:\Program Files\Git\usr\bin;C:\Program Files\Git\usr\bin;C:\Program Files\Git\mingw64\bin;C:\Program Files\Git\usr\bin;C:\Users\tolaf\bin;C:\Program Files\Docker\Docker\Resources\bin;C:\ProgramData\Oracle\Java\javapath;C:\Program Files (x86)\Intel\iCLS Client;C:\Program Files\Intel\iCLS Client;C:\WINDOWS\system32;C:\WINDOWS;C:\WINDOWS\System32\Wbem;C:\WINDOWS\System32\WindowsPowerShell\v1.0;C:\Program Files\Intel\WiFi\bin;C:\Program Files\Common Files\Intel\WirelessCommon;C:\Automation Framework\apache-maven-3.3.9\bin;C:\Automation Framework\gradle-2.14.1\bin;C:\Users\tolaf\.dnx\bin;C:\Program Files\Microsoft DNX\Dnvm;C:\Program Files\Microsoft SQL Server\130\Tools\Binn;C:\galenframework;C:\Program Files (x86)\Appium;C:\Users\tolaf\AppData\Local\Android\sdk\tools;C:\Users\tolaf\AppData\Local\Android\sdk\platform-tools;C:\Program Files (x86)\Windows Kits\8.1\Windows Performance Toolkit;C:\Program Files (x86)\nodejs;C:\Program Files\Git\cmd;C:\Program Files (x86)\Intel\Intel(R) Management Engine Components\DAL;C:\Program Files\Intel\Intel(R) Management Engine Components\DAL;C:\Program Files (x86)\Intel\Intel(R) Management Engine Compon;C:\Users\tolaf\AppData\Local\Microsoft\WindowsApps;C:\Users\tolaf\AppData\Roaming\npm;C:\Users\tolaf\AppData\Local\Google\Cloud SDK\google-cloud-sdk\bin;C:\Program Files\Git\usr\bin\vendor_perl;C:\Program Files\Git\usr\bin\core_perl;."/>
    <property name="java.specification.name" value="Java Platform API Specification"/>
    <property name="java.class.version" value="52.0"/>
    <property name="sun.management.compiler" value="HotSpot 64-Bit Tiered Compilers"/>
    <property name="os.version" value="10.0"/>
    <property name="user.home" value="C:\Users\tolaf"/>
    <property name="user.timezone" value="Europe/London"/>
    <property name="java.awt.printerjob" value="sun.awt.windows.WPrinterJob"/>
    <property name="java.specification.version" value="1.8"/>
    <property name="file.encoding" value="Cp1252"/>
    <property name="user.name" value="tolaf"/>
    <property name="java.class.path" value="C:/Automation Framework/apache-maven-3.3.9/boot/plexus-classworlds-2.5.2.jar"/>
    <property name="java.vm.specification.version" value="1.8"/>
    <property name="sun.arch.data.model" value="64"/>
    <property name="java.home" value="C:\Program Files\Java\jdk1.8.0_101\jre"/>
    <property name="sun.java.command" value="org.codehaus.plexus.classworlds.launcher.Launcher clean verify -Dcucumber.options=--tags @users"/>
    <property name="java.specification.vendor" value="Oracle Corporation"/>
    <property name="user.language" value="en"/>
    <property name="awt.toolkit" value="sun.awt.windows.WToolkit"/>
    <property name="java.vm.info" value="mixed mode"/>
    <property name="java.version" value="1.8.0_101"/>
    <property name="java.ext.dirs" value="C:\Program Files\Java\jdk1.8.0_101\jre\lib\ext;C:\WINDOWS\Sun\Java\lib\ext"/>
    <property name="sun.boot.class.path" value="C:\Program Files\Java\jdk1.8.0_101\jre\lib\resources.jar;C:\Program Files\Java\jdk1.8.0_101\jre\lib\rt.jar;C:\Program Files\Java\jdk1.8.0_101\jre\lib\sunrsasign.jar;C:\Program Files\Java\jdk1.8.0_101\jre\lib\jsse.jar;C:\Program Files\Java\jdk1.8.0_101\jre\lib\jce.jar;C:\Program Files\Java\jdk1.8.0_101\jre\lib\charsets.jar;C:\Program Files\Java\jdk1.8.0_101\jre\lib\jfr.jar;C:\Program Files\Java\jdk1.8.0_101\jre\classes"/>
    <property name="java.vendor" value="Oracle Corporation"/>
    <property name="maven.home" value="C:\Automation Framework\apache-maven-3.3.9"/>
    <property name="file.separator" value="\"/>
    <property name="java.vendor.url.bug" value="http://bugreport.sun.com/bugreport/"/>
    <property name="sun.cpu.endian" value="little"/>
    <property name="sun.io.unicode.encoding" value="UnicodeLittle"/>
    <property name="sun.desktop" value="windows"/>
    <property name="sun.cpu.isalist" value="amd64"/>
  </properties>
  <testcase name="Given Luma Home Page" classname="Scenario: Home Page Browse Header" time="0"/>
  <testcase name="When User Explores Home Page" classname="Scenario: Home Page Browse Header" time="0"/>
  <testcase name="Then Header Elements are Interactive" classname="Scenario: Home Page Browse Header" time="0"/>
  <testcase name="Scenario: Home Page Browse Header" classname="Scenario: Home Page Browse Header" time="0.522"/>
  <testcase name="Given Luma Home Page" classname="Scenario: Home Page Browse Footer" time="0"/>
  <testcase name="When User Explores Home Page" classname="Scenario: Home Page Browse Footer" time="0"/>
  <testcase name="Then Footer Elements are Interactive" classname="Scenario: Home Page Browse Footer" time="0"/>
  <testcase name="Scenario: Home Page Browse Footer" classname="Scenario: Home Page Browse Footer" time="0.566"/>
  <testcase name="Given Luma Home Page" classname="| Default welcome msg! | Welcome, BDD1001 Duduosun! |" time="0"/>
  <testcase name="When User Interact with Luma Website" classname="| Default welcome msg! | Welcome, BDD1001 Duduosun! |" time="0"/>
  <testcase name="Then Luma Module for Guest &quot;Default welcome msg!&quot; is available" classname="| Default welcome msg! | Welcome, BDD1001 Duduosun! |" time="0"/>
  <testcase name="But Luma Modules for Registered &quot;Welcome, BDD1001 Duduosun!&quot; is not available" classname="| Default welcome msg! | Welcome, BDD1001 Duduosun! |" time="0"/>
  <testcase name="| Default welcome msg! | Welcome, BDD1001 Duduosun! |" classname="| Default welcome msg! | Welcome, BDD1001 Duduosun! |" time="0.781"/>
  <testcase name="Given Luma Home Page" classname="| Sign In | BDD1002 Duduosun |" time="0"/>
  <testcase name="When User Interact with Luma Website" classname="| Sign In | BDD1002 Duduosun |" time="0"/>
  <testcase name="Then Luma Module for Guest &quot;Sign In&quot; is available" classname="| Sign In | BDD1002 Duduosun |" time="0"/>
  <testcase name="But Luma Modules for Registered &quot;BDD1002 Duduosun&quot; is not available" classname="| Sign In | BDD1002 Duduosun |" time="0.001"/>
  <testcase name="| Sign In | BDD1002 Duduosun |" classname="| Sign In | BDD1002 Duduosun |" time="0.772"/>
  <testcase name="Given Luma Home Page" classname="| Create an Account | Welcome Pinguino Volante! |" time="0"/>
  <testcase name="When User Interact with Luma Website" classname="| Create an Account | Welcome Pinguino Volante! |" time="0.007">
    <error message="Timed out after 5 seconds waiting for visibility of element located by By.cssSelector: #ui-id-2&gt;li&gt;a&#10;Build info: version: &apos;2.53.1&apos;, revision: &apos;a36b8b1cd5757287168e54b817830adce9b0158d&apos;, time: &apos;2016-06-30 19:26:09&apos;&#10;System info: host: &apos;Duduosun&apos;, ip: &apos;169.254.80.80&apos;, os.name: &apos;Windows 10&apos;, os.arch: &apos;amd64&apos;, os.version: &apos;10.0&apos;, java.version: &apos;1.8.0_101&apos;&#10;Driver info: net.thucydides.core.webdriver.WebDriverFacade" type="net.serenitybdd.core.exceptions.SerenityManagedException"><![CDATA[net.serenitybdd.core.exceptions.SerenityManagedException: Timed out after 5 seconds waiting for visibility of element located by By.cssSelector: #ui-id-2>li>a
Build info: version: '2.53.1', revision: 'a36b8b1cd5757287168e54b817830adce9b0158d', time: '2016-06-30 19:26:09'
System info: host: 'Duduosun', ip: '169.254.80.80', os.name: 'Windows 10', os.arch: 'amd64', os.version: '10.0', java.version: '1.8.0_101'
Driver info: net.thucydides.core.webdriver.WebDriverFacade
	at org.openqa.selenium.support.ui.WebDriverWait.timeoutException(WebDriverWait.java:80)
	at org.openqa.selenium.support.ui.FluentWait.until(FluentWait.java:261)
	at net.serenitybdd.core.pages.PageObject.shouldBeVisible(PageObject.java:586)
	at com.orevan.serenity.pages.luma.LumaBasePage$$EnhancerByCGLIB$$cdaf118c.CGLIB$shouldBeVisible$63(<generated>)
	at com.orevan.serenity.pages.luma.LumaBasePage$$EnhancerByCGLIB$$cdaf118c$$FastClassByCGLIB$$6ce2c89c.invoke(<generated>)
	at net.sf.cglib.proxy.MethodProxy.invokeSuper(MethodProxy.java:228)
	at net.thucydides.core.steps.StepInterceptor.invokeMethod(StepInterceptor.java:372)
	at net.thucydides.core.steps.StepInterceptor.runBaseObjectMethod(StepInterceptor.java:259)
	at net.thucydides.core.steps.StepInterceptor.intercept(StepInterceptor.java:59)
	at com.orevan.serenity.pages.luma.LumaBasePage$$EnhancerByCGLIB$$cdaf118c.shouldBeVisible(<generated>)
	at com.orevan.serenity.pages.luma.LumaBasePage.verifyHomePageBody(LumaBasePage.java:84)
	at com.orevan.serenity.pages.luma.LumaBasePage$$EnhancerByCGLIB$$cdaf118c.CGLIB$verifyHomePageBody$33(<generated>)
	at com.orevan.serenity.pages.luma.LumaBasePage$$EnhancerByCGLIB$$cdaf118c$$FastClassByCGLIB$$6ce2c89c.invoke(<generated>)
	at net.sf.cglib.proxy.MethodProxy.invokeSuper(MethodProxy.java:228)
	at net.thucydides.core.steps.BaseMethodRunner.invokeMethod(BaseMethodRunner.java:10)
	at net.thucydides.core.steps.NormalMethodRunner.invokeMethodAndNotifyFailures(NormalMethodRunner.java:20)
	at net.thucydides.core.steps.StepInterceptor.runNormalMethod(StepInterceptor.java:272)
	at net.thucydides.core.steps.StepInterceptor.testStepResult(StepInterceptor.java:127)
	at net.thucydides.core.steps.StepInterceptor.intercept(StepInterceptor.java:61)
	at com.orevan.serenity.pages.luma.LumaBasePage$$EnhancerByCGLIB$$cdaf118c.verifyHomePageBody(<generated>)
	at com.orevan.serenity.steps.luma.LumaHomePageSteps.userInteractWithLumaWebsite(LumaHomePageSteps.java:22)
	at sun.reflect.NativeMethodAccessorImpl.invoke0(Native Method)
	at sun.reflect.NativeMethodAccessorImpl.invoke(NativeMethodAccessorImpl.java:62)
	at sun.reflect.DelegatingMethodAccessorImpl.invoke(DelegatingMethodAccessorImpl.java:43)
	at java.lang.reflect.Method.invoke(Method.java:498)
	at cucumber.runtime.Utils$1.call(Utils.java:37)
	at cucumber.runtime.Timeout.timeout(Timeout.java:13)
	at cucumber.runtime.Utils.invoke(Utils.java:31)
	at cucumber.runtime.java.JavaStepDefinition.execute(JavaStepDefinition.java:38)
	at cucumber.runtime.StepDefinitionMatch.runStep(StepDefinitionMatch.java:37)
	at cucumber.runtime.Runtime.runStep(Runtime.java:299)
	at cucumber.runtime.model.StepContainer.runStep(StepContainer.java:44)
	at cucumber.runtime.model.StepContainer.runSteps(StepContainer.java:39)
	at cucumber.runtime.model.CucumberScenario.run(CucumberScenario.java:44)
	at cucumber.runtime.junit.ExecutionUnitRunner.run(ExecutionUnitRunner.java:91)
	at org.junit.runners.Suite.runChild(Suite.java:128)
	at org.junit.runners.Suite.runChild(Suite.java:27)
	at org.junit.runners.ParentRunner$3.run(ParentRunner.java:290)
	at org.junit.runners.ParentRunner$1.schedule(ParentRunner.java:71)
	at org.junit.runners.ParentRunner.runChildren(ParentRunner.java:288)
	at org.junit.runners.ParentRunner.access$000(ParentRunner.java:58)
	at org.junit.runners.ParentRunner$2.evaluate(ParentRunner.java:268)
	at org.junit.runners.ParentRunner.run(ParentRunner.java:363)
	at cucumber.runtime.junit.ExamplesRunner.run(ExamplesRunner.java:59)
	at org.junit.runners.Suite.runChild(Suite.java:128)
	at org.junit.runners.Suite.runChild(Suite.java:27)
	at org.junit.runners.ParentRunner$3.run(ParentRunner.java:290)
	at org.junit.runners.ParentRunner$1.schedule(ParentRunner.java:71)
	at org.junit.runners.ParentRunner.runChildren(ParentRunner.java:288)
	at org.junit.runners.ParentRunner.access$000(ParentRunner.java:58)
	at org.junit.runners.ParentRunner$2.evaluate(ParentRunner.java:268)
	at org.junit.runners.ParentRunner.run(ParentRunner.java:363)
	at cucumber.runtime.junit.ScenarioOutlineRunner.run(ScenarioOutlineRunner.java:53)
	at cucumber.runtime.junit.FeatureRunner.runChild(FeatureRunner.java:63)
	at cucumber.runtime.junit.FeatureRunner.runChild(FeatureRunner.java:18)
	at org.junit.runners.ParentRunner$3.run(ParentRunner.java:290)
	at org.junit.runners.ParentRunner$1.schedule(ParentRunner.java:71)
	at org.junit.runners.ParentRunner.runChildren(ParentRunner.java:288)
	at org.junit.runners.ParentRunner.access$000(ParentRunner.java:58)
	at org.junit.runners.ParentRunner$2.evaluate(ParentRunner.java:268)
	at org.junit.runners.ParentRunner.run(ParentRunner.java:363)
	at cucumber.runtime.junit.FeatureRunner.run(FeatureRunner.java:70)
	at cucumber.api.junit.Cucumber.runChild(Cucumber.java:93)
	at cucumber.api.junit.Cucumber.runChild(Cucumber.java:37)
	at org.junit.runners.ParentRunner$3.run(ParentRunner.java:290)
	at org.junit.runners.ParentRunner$1.schedule(ParentRunner.java:71)
	at org.junit.runners.ParentRunner.runChildren(ParentRunner.java:288)
	at org.junit.runners.ParentRunner.access$000(ParentRunner.java:58)
	at org.junit.runners.ParentRunner$2.evaluate(ParentRunner.java:268)
	at org.junit.runners.ParentRunner.run(ParentRunner.java:363)
	at cucumber.api.junit.Cucumber.run(Cucumber.java:98)
	at org.apache.maven.surefire.junit4.JUnit4Provider.execute(JUnit4Provider.java:283)
	at org.apache.maven.surefire.junit4.JUnit4Provider.executeWithRerun(JUnit4Provider.java:173)
	at org.apache.maven.surefire.junit4.JUnit4Provider.executeTestSet(JUnit4Provider.java:153)
	at org.apache.maven.surefire.junit4.JUnit4Provider.invoke(JUnit4Provider.java:128)
	at org.apache.maven.surefire.booter.ForkedBooter.invokeProviderInSameClassLoader(ForkedBooter.java:203)
	at org.apache.maven.surefire.booter.ForkedBooter.runSuitesInProcess(ForkedBooter.java:155)
	at org.apache.maven.surefire.booter.ForkedBooter.main(ForkedBooter.java:103)
Caused by: org.openqa.selenium.NoSuchElementException: Unable to locate element: #ui-id-2>li>a
For documentation on this error, please visit: http://seleniumhq.org/exceptions/no_such_element.html
Build info: version: '3.0.1', revision: '1969d75', time: '2016-10-18 09:48:19 -0700'
System info: host: '8df1352af0cf', ip: '172.17.0.4', os.name: 'Linux', os.arch: 'amd64', os.version: '4.9.13-moby', java.version: '1.8.0_121'
Driver info: org.openqa.selenium.firefox.FirefoxDriver
Capabilities [{rotatable=false, raisesAccessibilityExceptions=false, record-screenshots=false, firefoxOptions={args=[], profile=UEsDBBQACAgIACy+jUoAAAAAAAAAAAAAAAAHAAAAdXNlci5qc51XTW/jNhC991cUPrVATSSb7qHbU5pNgQKLplgj2CNBUSOLMUWy/LDs/voOKWn9JVF2fLElD8mZN+/NDIMDS42F6qdFYXWLT8SxCtJvodakYbJlFggoVkgoF7/8WDHp4OfffwiHlSXzaGO09XFJDUz6unsmaLQVfGa9At9quyG194aYWrh6v4x/G+bcUoJa+xoXfvj48XTZ4LAFVuJXCR64h/JPYZ1/RF+4BFzmbTh3VzcY147y2uoGqONWGE9tUNSLJi55uBs/yLPCEYRDvagnqR2MRzNYl7pVUrMSz1JsHYGtdfutBrVCtCJS48sNOmW8i4fRRpdMzmAPW6+1dASs1ZZr5bQ8hvsyfCfWSitErYGmALtKjy6fGXRqtydO842jMa9o/Rt+xgN34JzALb1G4lhwAUGuMCrKLXN1HjQp1IZoA4rCzoNVTMbM30y3KnLga1Djh7VQlFZs8ZlxDpj7oBAmh9yhHKx3o7B9T6twRrI9lM/3d6u/NdIs8uDXcWN8Vb6ob0IhGdz9HRF4kH79+gVXLFihg/9USKY2i0uCdgFRJiV9cwhG9FN0ebr0bWcEwo22pK2FBymcxw3+DcJO0SZyZiM86RM8UBSDi8TJAiAZJgbVkueliyQPhtQoMYN70xYkj3ILNqZ0cRZyzLZKrCHBYIKBKIS22r+iycQBwIMVfp8ESbcCWmQDbcQOyqQ0qhWfUGiGQMFEyT5nIxsO7uKnb2zLZiwrIQF/Eeet4J5qK9ZCoZCk4PsJF5ECfTJom+iDxWALFOUk/pspPApaLB6kBzpDsxMYOm9IfLkKRSOShv9JLx+TSq6r/qPbZPH8XjZ6xkS2oOVEDT4UCAyzQ+ayQuiqQjtYMmMcQVkgesWellCxIP14URxSxZ3pE3sN7UChFiLvWmCb8QWXzM7qZhAmqhgLtLd70jWEZP9hzjYvyXHX02uY08yA//Prl0fyQNiBEpdgRkV0XTXbiM4TP5SKPGsvg7bwlhp/9pBOFHH7W0CSwLbXY3SUaha8/tzpd8WRrrFu359R+tCG+kqimMdHClvMTb4JHU0iL6iFWXcKia07tYV3B39zFZ5ROzDL614Sc4NUQzqlkzI0JsspVPxVMjuhMxZWa0U53vYuivh59X4YH5m6lrocShGS3IeJKWtwpred7ghxap0fV4/GG5eGr8N4g+U4pIaaRS6Sd9yJI2Xrbh5JmvhLPXWD5+jOJ+M9hrDEKVWhYuPypQG7jFNb8upcIdmKNd84U5soQ1oT2/rNFf3aouhqwNmL18A3n7sm80f3z+2zEWFlKSI0bKZ7j17X3ntNk3q9ji/7+0O2Xx+VlRTxE7YnLFyFkBFEJda1lxNTzSnULs4HnuLomsnn0WmDk+/pKXTQOGnwXpI0togXHzx2apSO9yTULE5cM7P0oaTJygXTzZGHKfd/UEsHCBtBVpYxBAAAYw8AAFBLAQIUABQACAgIACy+jUobQVaWMQQAAGMPAAAHAAAAAAAAAAAAAAAAAAAAAAB1c2VyLmpzUEsFBgAAAAABAAEANQAAAGYEAAAAAA==}, appBuildId=20170125094131, version=51.0.1, platform=LINUX, proxy={}, command_id=1, specificationLevel=0, acceptSslCerts=false, processId=430, browserVersion=51.0.1, platformVersion=4.9.13-moby, XULappId={ec8030f7-c20a-464f-9b0e-13a3a9e97384}, browserName=firefox, takesScreenshot=true, idle-timeout=180, takesElementScreenshot=true, platformName=linux, firefox_profile=UEsDBBQACAgIACwGjkoAAAAAAAAAA...}]
Session ID: 068dab9c-9fbb-4871-8629-55e1f159dea0
*** Element info: {Using=css selector, value=#ui-id-2>li>a}
Command duration or timeout: 2.50 seconds
For documentation on this error, please visit: http://seleniumhq.org/exceptions/no_such_element.html
Build info: version: '2.53.1', revision: 'a36b8b1cd5757287168e54b817830adce9b0158d', time: '2016-06-30 19:26:09'
System info: host: 'Duduosun', ip: '169.254.80.80', os.name: 'Windows 10', os.arch: 'amd64', os.version: '10.0', java.version: '1.8.0_101'
Driver info: org.openqa.selenium.remote.RemoteWebDriver
Capabilities [{rotatable=false, raisesAccessibilityExceptions=false, record-screenshots=false, firefoxOptions={args=[], profile=UEsDBBQACAgIACy+jUoAAAAAAAAAAAAAAAAHAAAAdXNlci5qc51XTW/jNhC991cUPrVATSSb7qHbU5pNgQKLplgj2CNBUSOLMUWy/LDs/voOKWn9JVF2fLElD8mZN+/NDIMDS42F6qdFYXWLT8SxCtJvodakYbJlFggoVkgoF7/8WDHp4OfffwiHlSXzaGO09XFJDUz6unsmaLQVfGa9At9quyG194aYWrh6v4x/G+bcUoJa+xoXfvj48XTZ4LAFVuJXCR64h/JPYZ1/RF+4BFzmbTh3VzcY147y2uoGqONWGE9tUNSLJi55uBs/yLPCEYRDvagnqR2MRzNYl7pVUrMSz1JsHYGtdfutBrVCtCJS48sNOmW8i4fRRpdMzmAPW6+1dASs1ZZr5bQ8hvsyfCfWSitErYGmALtKjy6fGXRqtydO842jMa9o/Rt+xgN34JzALb1G4lhwAUGuMCrKLXN1HjQp1IZoA4rCzoNVTMbM30y3KnLga1Djh7VQlFZs8ZlxDpj7oBAmh9yhHKx3o7B9T6twRrI9lM/3d6u/NdIs8uDXcWN8Vb6ob0IhGdz9HRF4kH79+gVXLFihg/9USKY2i0uCdgFRJiV9cwhG9FN0ebr0bWcEwo22pK2FBymcxw3+DcJO0SZyZiM86RM8UBSDi8TJAiAZJgbVkueliyQPhtQoMYN70xYkj3ILNqZ0cRZyzLZKrCHBYIKBKIS22r+iycQBwIMVfp8ESbcCWmQDbcQOyqQ0qhWfUGiGQMFEyT5nIxsO7uKnb2zLZiwrIQF/Eeet4J5qK9ZCoZCk4PsJF5ECfTJom+iDxWALFOUk/pspPApaLB6kBzpDsxMYOm9IfLkKRSOShv9JLx+TSq6r/qPbZPH8XjZ6xkS2oOVEDT4UCAyzQ+ayQuiqQjtYMmMcQVkgesWellCxIP14URxSxZ3pE3sN7UChFiLvWmCb8QWXzM7qZhAmqhgLtLd70jWEZP9hzjYvyXHX02uY08yA//Prl0fyQNiBEpdgRkV0XTXbiM4TP5SKPGsvg7bwlhp/9pBOFHH7W0CSwLbXY3SUaha8/tzpd8WRrrFu359R+tCG+kqimMdHClvMTb4JHU0iL6iFWXcKia07tYV3B39zFZ5ROzDL614Sc4NUQzqlkzI0JsspVPxVMjuhMxZWa0U53vYuivh59X4YH5m6lrocShGS3IeJKWtwpred7ghxap0fV4/GG5eGr8N4g+U4pIaaRS6Sd9yJI2Xrbh5JmvhLPXWD5+jOJ+M9hrDEKVWhYuPypQG7jFNb8upcIdmKNd84U5soQ1oT2/rNFf3aouhqwNmL18A3n7sm80f3z+2zEWFlKSI0bKZ7j17X3ntNk3q9ji/7+0O2Xx+VlRTxE7YnLFyFkBFEJda1lxNTzSnULs4HnuLomsnn0WmDk+/pKXTQOGnwXpI0togXHzx2apSO9yTULE5cM7P0oaTJygXTzZGHKfd/UEsHCBtBVpYxBAAAYw8AAFBLAQIUABQACAgIACy+jUobQVaWMQQAAGMPAAAHAAAAAAAAAAAAAAAAAAAAAAB1c2VyLmpzUEsFBgAAAAABAAEANQAAAGYEAAAAAA==}, appBuildId=20170125094131, version=51.0.1, platform=LINUX, proxy={}, command_id=1, specificationLevel=0, acceptSslCerts=false, processId=430, webdriver.remote.sessionid=fec18a6e-0a4e-48ef-8e1a-d6a278ed3a67, browserVersion=51.0.1, platformVersion=4.9.13-moby, XULappId={ec8030f7-c20a-464f-9b0e-13a3a9e97384}, browserName=firefox, takesScreenshot=true, idle-timeout=180, takesElementScreenshot=true, javascriptEnabled=true, platformName=linux, cssSelectorsEnabled=true, firefox_profile=UEsDBBQACAgIACwGjkoAAAAAAAAAA...}]
Session ID: fec18a6e-0a4e-48ef-8e1a-d6a278ed3a67
*** Element info: {Using=css selector, value=#ui-id-2>li>a}
	at sun.reflect.NativeConstructorAccessorImpl.newInstance0(Native Method)
	at sun.reflect.NativeConstructorAccessorImpl.newInstance(NativeConstructorAccessorImpl.java:62)
	at sun.reflect.DelegatingConstructorAccessorImpl.newInstance(DelegatingConstructorAccessorImpl.java:45)
	at java.lang.reflect.Constructor.newInstance(Constructor.java:423)
	at org.openqa.selenium.remote.ErrorHandler.createThrowable(ErrorHandler.java:206)
	at org.openqa.selenium.remote.ErrorHandler.throwIfResponseFailed(ErrorHandler.java:158)
	at org.openqa.selenium.remote.RemoteWebDriver.execute(RemoteWebDriver.java:678)
	at org.openqa.selenium.remote.RemoteWebDriver.findElement(RemoteWebDriver.java:363)
	at org.openqa.selenium.remote.RemoteWebDriver.findElementByCssSelector(RemoteWebDriver.java:492)
	at org.openqa.selenium.By$ByCssSelector.findElement(By.java:430)
	at org.openqa.selenium.remote.RemoteWebDriver.findElement(RemoteWebDriver.java:355)
	at sun.reflect.GeneratedMethodAccessor33.invoke(Unknown Source)
	at sun.reflect.DelegatingMethodAccessorImpl.invoke(DelegatingMethodAccessorImpl.java:43)
	at java.lang.reflect.Method.invoke(Method.java:498)
	at org.openqa.selenium.remote.Augmenter$CompoundHandler.intercept(Augmenter.java:191)
	at org.openqa.selenium.remote.RemoteWebDriver$$EnhancerByCGLIB$$74ef6c7.findElement(<generated>)
	at net.thucydides.core.webdriver.WebDriverFacade.findElement(WebDriverFacade.java:241)
	at org.openqa.selenium.support.ui.ExpectedConditions.findElement(ExpectedConditions.java:899)
	at org.openqa.selenium.support.ui.ExpectedConditions.access$000(ExpectedConditions.java:41)
	at org.openqa.selenium.support.ui.ExpectedConditions$7.apply(ExpectedConditions.java:205)
	at org.openqa.selenium.support.ui.ExpectedConditions$7.apply(ExpectedConditions.java:201)
	at org.openqa.selenium.support.ui.FluentWait.until(FluentWait.java:238)
	at net.serenitybdd.core.pages.PageObject.shouldBeVisible(PageObject.java:586)
	at com.orevan.serenity.pages.luma.LumaBasePage$$EnhancerByCGLIB$$cdaf118c.CGLIB$shouldBeVisible$63(<generated>)
	at com.orevan.serenity.pages.luma.LumaBasePage$$EnhancerByCGLIB$$cdaf118c$$FastClassByCGLIB$$6ce2c89c.invoke(<generated>)
	at net.sf.cglib.proxy.MethodProxy.invokeSuper(MethodProxy.java:228)
	at net.thucydides.core.steps.StepInterceptor.invokeMethod(StepInterceptor.java:372)
	at net.thucydides.core.steps.StepInterceptor.runBaseObjectMethod(StepInterceptor.java:259)
	at net.thucydides.core.steps.StepInterceptor.intercept(StepInterceptor.java:59)
	at com.orevan.serenity.pages.luma.LumaBasePage$$EnhancerByCGLIB$$cdaf118c.shouldBeVisible(<generated>)
	at com.orevan.serenity.pages.luma.LumaBasePage.verifyHomePageBody(LumaBasePage.java:84)
	at com.orevan.serenity.pages.luma.LumaBasePage$$EnhancerByCGLIB$$cdaf118c.CGLIB$verifyHomePageBody$33(<generated>)
	at com.orevan.serenity.pages.luma.LumaBasePage$$EnhancerByCGLIB$$cdaf118c$$FastClassByCGLIB$$6ce2c89c.invoke(<generated>)
	at net.sf.cglib.proxy.MethodProxy.invokeSuper(MethodProxy.java:228)
	at net.thucydides.core.steps.BaseMethodRunner.invokeMethod(BaseMethodRunner.java:10)
	at net.thucydides.core.steps.NormalMethodRunner.invokeMethodAndNotifyFailures(NormalMethodRunner.java:20)
	at net.thucydides.core.steps.StepInterceptor.runNormalMethod(StepInterceptor.java:272)
	at net.thucydides.core.steps.StepInterceptor.testStepResult(StepInterceptor.java:127)
	at net.thucydides.core.steps.StepInterceptor.intercept(StepInterceptor.java:61)
	at com.orevan.serenity.pages.luma.LumaBasePage$$EnhancerByCGLIB$$cdaf118c.verifyHomePageBody(<generated>)
	at com.orevan.serenity.steps.luma.LumaHomePageSteps.userInteractWithLumaWebsite(LumaHomePageSteps.java:22)
	at sun.reflect.NativeMethodAccessorImpl.invoke0(Native Method)
	at sun.reflect.NativeMethodAccessorImpl.invoke(NativeMethodAccessorImpl.java:62)
	at sun.reflect.DelegatingMethodAccessorImpl.invoke(DelegatingMethodAccessorImpl.java:43)
	at java.lang.reflect.Method.invoke(Method.java:498)
	at cucumber.runtime.Utils$1.call(Utils.java:37)
	at cucumber.runtime.Timeout.timeout(Timeout.java:13)
	at cucumber.runtime.Utils.invoke(Utils.java:31)
	at cucumber.runtime.java.JavaStepDefinition.execute(JavaStepDefinition.java:38)
	at cucumber.runtime.StepDefinitionMatch.runStep(StepDefinitionMatch.java:37)
	at cucumber.runtime.Runtime.runStep(Runtime.java:299)
	at cucumber.runtime.model.StepContainer.runStep(StepContainer.java:44)
	at cucumber.runtime.model.StepContainer.runSteps(StepContainer.java:39)
	at cucumber.runtime.model.CucumberScenario.run(CucumberScenario.java:44)
	at cucumber.runtime.junit.ExecutionUnitRunner.run(ExecutionUnitRunner.java:91)
	at org.junit.runners.Suite.runChild(Suite.java:128)
	at org.junit.runners.Suite.runChild(Suite.java:27)
	at org.junit.runners.ParentRunner$3.run(ParentRunner.java:290)
	at org.junit.runners.ParentRunner$1.schedule(ParentRunner.java:71)
	at org.junit.runners.ParentRunner.runChildren(ParentRunner.java:288)
	at org.junit.runners.ParentRunner.access$000(ParentRunner.java:58)
	at org.junit.runners.ParentRunner$2.evaluate(ParentRunner.java:268)
	at org.junit.runners.ParentRunner.run(ParentRunner.java:363)
	at cucumber.runtime.junit.ExamplesRunner.run(ExamplesRunner.java:59)
	at org.junit.runners.Suite.runChild(Suite.java:128)
	at org.junit.runners.Suite.runChild(Suite.java:27)
	at org.junit.runners.ParentRunner$3.run(ParentRunner.java:290)
	at org.junit.runners.ParentRunner$1.schedule(ParentRunner.java:71)
	at org.junit.runners.ParentRunner.runChildren(ParentRunner.java:288)
	at org.junit.runners.ParentRunner.access$000(ParentRunner.java:58)
	at org.junit.runners.ParentRunner$2.evaluate(ParentRunner.java:268)
	at org.junit.runners.ParentRunner.run(ParentRunner.java:363)
	at cucumber.runtime.junit.ScenarioOutlineRunner.run(ScenarioOutlineRunner.java:53)
	at cucumber.runtime.junit.FeatureRunner.runChild(FeatureRunner.java:63)
	at cucumber.runtime.junit.FeatureRunner.runChild(FeatureRunner.java:18)
	at org.junit.runners.ParentRunner$3.run(ParentRunner.java:290)
	at org.junit.runners.ParentRunner$1.schedule(ParentRunner.java:71)
	at org.junit.runners.ParentRunner.runChildren(ParentRunner.java:288)
	at org.junit.runners.ParentRunner.access$000(ParentRunner.java:58)
	at org.junit.runners.ParentRunner$2.evaluate(ParentRunner.java:268)
	at org.junit.runners.ParentRunner.run(ParentRunner.java:363)
	at cucumber.runtime.junit.FeatureRunner.run(FeatureRunner.java:70)
	at cucumber.api.junit.Cucumber.runChild(Cucumber.java:93)
	at cucumber.api.junit.Cucumber.runChild(Cucumber.java:37)
	at org.junit.runners.ParentRunner$3.run(ParentRunner.java:290)
	at org.junit.runners.ParentRunner$1.schedule(ParentRunner.java:71)
	at org.junit.runners.ParentRunner.runChildren(ParentRunner.java:288)
	at org.junit.runners.ParentRunner.access$000(ParentRunner.java:58)
	at org.junit.runners.ParentRunner$2.evaluate(ParentRunner.java:268)
	at org.junit.runners.ParentRunner.run(ParentRunner.java:363)
	at cucumber.api.junit.Cucumber.run(Cucumber.java:98)
	at org.apache.maven.surefire.junit4.JUnit4Provider.execute(JUnit4Provider.java:283)
	at org.apache.maven.surefire.junit4.JUnit4Provider.executeWithRerun(JUnit4Provider.java:173)
	at org.apache.maven.surefire.junit4.JUnit4Provider.executeTestSet(JUnit4Provider.java:153)
	at org.apache.maven.surefire.junit4.JUnit4Provider.invoke(JUnit4Provider.java:128)
	at org.apache.maven.surefire.booter.ForkedBooter.invokeProviderInSameClassLoader(ForkedBooter.java:203)
	at org.apache.maven.surefire.booter.ForkedBooter.runSuitesInProcess(ForkedBooter.java:155)
	at org.apache.maven.surefire.booter.ForkedBooter.main(ForkedBooter.java:103)
Caused by: org.openqa.selenium.remote.ScreenshotException: Screen shot has been taken
Build info: version: '2.53.1', revision: 'a36b8b1cd5757287168e54b817830adce9b0158d', time: '2016-06-30 19:26:09'
System info: host: 'Duduosun', ip: '169.254.80.80', os.name: 'Windows 10', os.arch: 'amd64', os.version: '10.0', java.version: '1.8.0_101'
Driver info: driver.version: RemoteWebDriver
	at org.openqa.selenium.remote.ErrorHandler.throwIfResponseFailed(ErrorHandler.java:138)
	at org.openqa.selenium.remote.RemoteWebDriver.execute(RemoteWebDriver.java:678)
	at org.openqa.selenium.remote.RemoteWebDriver.findElement(RemoteWebDriver.java:363)
	at org.openqa.selenium.remote.RemoteWebDriver.findElementByCssSelector(RemoteWebDriver.java:492)
	at org.openqa.selenium.By$ByCssSelector.findElement(By.java:430)
	at org.openqa.selenium.remote.RemoteWebDriver.findElement(RemoteWebDriver.java:355)
	at sun.reflect.GeneratedMethodAccessor33.invoke(Unknown Source)
	at sun.reflect.DelegatingMethodAccessorImpl.invoke(DelegatingMethodAccessorImpl.java:43)
	at java.lang.reflect.Method.invoke(Method.java:498)
	at org.openqa.selenium.remote.Augmenter$CompoundHandler.intercept(Augmenter.java:191)
	at org.openqa.selenium.remote.RemoteWebDriver$$EnhancerByCGLIB$$74ef6c7.findElement(<generated>)
	at net.thucydides.core.webdriver.WebDriverFacade.findElement(WebDriverFacade.java:241)
	at org.openqa.selenium.support.ui.ExpectedConditions.findElement(ExpectedConditions.java:899)
	at org.openqa.selenium.support.ui.ExpectedConditions.access$000(ExpectedConditions.java:41)
	at org.openqa.selenium.support.ui.ExpectedConditions$7.apply(ExpectedConditions.java:205)
	at org.openqa.selenium.support.ui.ExpectedConditions$7.apply(ExpectedConditions.java:201)
	at org.openqa.selenium.support.ui.FluentWait.until(FluentWait.java:238)
	at net.serenitybdd.core.pages.PageObject.shouldBeVisible(PageObject.java:586)
	at com.orevan.serenity.pages.luma.LumaBasePage$$EnhancerByCGLIB$$cdaf118c.CGLIB$shouldBeVisible$63(<generated>)
	at com.orevan.serenity.pages.luma.LumaBasePage$$EnhancerByCGLIB$$cdaf118c$$FastClassByCGLIB$$6ce2c89c.invoke(<generated>)
	at net.sf.cglib.proxy.MethodProxy.invokeSuper(MethodProxy.java:228)
	at net.thucydides.core.steps.StepInterceptor.invokeMethod(StepInterceptor.java:372)
	at net.thucydides.core.steps.StepInterceptor.runBaseObjectMethod(StepInterceptor.java:259)
	at net.thucydides.core.steps.StepInterceptor.intercept(StepInterceptor.java:59)
	at com.orevan.serenity.pages.luma.LumaBasePage$$EnhancerByCGLIB$$cdaf118c.shouldBeVisible(<generated>)
	at com.orevan.serenity.pages.luma.LumaBasePage.verifyHomePageBody(LumaBasePage.java:84)
	at com.orevan.serenity.pages.luma.LumaBasePage$$EnhancerByCGLIB$$cdaf118c.CGLIB$verifyHomePageBody$33(<generated>)
	at com.orevan.serenity.pages.luma.LumaBasePage$$EnhancerByCGLIB$$cdaf118c$$FastClassByCGLIB$$6ce2c89c.invoke(<generated>)
	at net.sf.cglib.proxy.MethodProxy.invokeSuper(MethodProxy.java:228)
	at net.thucydides.core.steps.BaseMethodRunner.invokeMethod(BaseMethodRunner.java:10)
	at net.thucydides.core.steps.NormalMethodRunner.invokeMethodAndNotifyFailures(NormalMethodRunner.java:20)
	at net.thucydides.core.steps.StepInterceptor.runNormalMethod(StepInterceptor.java:272)
	at net.thucydides.core.steps.StepInterceptor.testStepResult(StepInterceptor.java:127)
	at net.thucydides.core.steps.StepInterceptor.intercept(StepInterceptor.java:61)
	at com.orevan.serenity.pages.luma.LumaBasePage$$EnhancerByCGLIB$$cdaf118c.verifyHomePageBody(<generated>)
	at com.orevan.serenity.steps.luma.LumaHomePageSteps.userInteractWithLumaWebsite(LumaHomePageSteps.java:22)
	at sun.reflect.NativeMethodAccessorImpl.invoke0(Native Method)
	at sun.reflect.NativeMethodAccessorImpl.invoke(NativeMethodAccessorImpl.java:62)
	at sun.reflect.DelegatingMethodAccessorImpl.invoke(DelegatingMethodAccessorImpl.java:43)
	at java.lang.reflect.Method.invoke(Method.java:498)
	at cucumber.runtime.Utils$1.call(Utils.java:37)
	at cucumber.runtime.Timeout.timeout(Timeout.java:13)
	at cucumber.runtime.Utils.invoke(Utils.java:31)
	at cucumber.runtime.java.JavaStepDefinition.execute(JavaStepDefinition.java:38)
	at cucumber.runtime.StepDefinitionMatch.runStep(StepDefinitionMatch.java:37)
	at cucumber.runtime.Runtime.runStep(Runtime.java:299)
	at cucumber.runtime.model.StepContainer.runStep(StepContainer.java:44)
	at cucumber.runtime.model.StepContainer.runSteps(StepContainer.java:39)
	at cucumber.runtime.model.CucumberScenario.run(CucumberScenario.java:44)
	at cucumber.runtime.junit.ExecutionUnitRunner.run(ExecutionUnitRunner.java:91)
	at org.junit.runners.Suite.runChild(Suite.java:128)
	at org.junit.runners.Suite.runChild(Suite.java:27)
	at org.junit.runners.ParentRunner$3.run(ParentRunner.java:290)
	at org.junit.runners.ParentRunner$1.schedule(ParentRunner.java:71)
	at org.junit.runners.ParentRunner.runChildren(ParentRunner.java:288)
	at org.junit.runners.ParentRunner.access$000(ParentRunner.java:58)
	at org.junit.runners.ParentRunner$2.evaluate(ParentRunner.java:268)
	at org.junit.runners.ParentRunner.run(ParentRunner.java:363)
	at cucumber.runtime.junit.ExamplesRunner.run(ExamplesRunner.java:59)
	at org.junit.runners.Suite.runChild(Suite.java:128)
	at org.junit.runners.Suite.runChild(Suite.java:27)
	at org.junit.runners.ParentRunner$3.run(ParentRunner.java:290)
	at org.junit.runners.ParentRunner$1.schedule(ParentRunner.java:71)
	at org.junit.runners.ParentRunner.runChildren(ParentRunner.java:288)
	at org.junit.runners.ParentRunner.access$000(ParentRunner.java:58)
	at org.junit.runners.ParentRunner$2.evaluate(ParentRunner.java:268)
	at org.junit.runners.ParentRunner.run(ParentRunner.java:363)
	at cucumber.runtime.junit.ScenarioOutlineRunner.run(ScenarioOutlineRunner.java:53)
	at cucumber.runtime.junit.FeatureRunner.runChild(FeatureRunner.java:63)
	at cucumber.runtime.junit.FeatureRunner.runChild(FeatureRunner.java:18)
	at org.junit.runners.ParentRunner$3.run(ParentRunner.java:290)
	at org.junit.runners.ParentRunner$1.schedule(ParentRunner.java:71)
	at org.junit.runners.ParentRunner.runChildren(ParentRunner.java:288)
	at org.junit.runners.ParentRunner.access$000(ParentRunner.java:58)
	at org.junit.runners.ParentRunner$2.evaluate(ParentRunner.java:268)
	at org.junit.runners.ParentRunner.run(ParentRunner.java:363)
	at cucumber.runtime.junit.FeatureRunner.run(FeatureRunner.java:70)
	at cucumber.api.junit.Cucumber.runChild(Cucumber.java:93)
	at cucumber.api.junit.Cucumber.runChild(Cucumber.java:37)
	at org.junit.runners.ParentRunner$3.run(ParentRunner.java:290)
	at org.junit.runners.ParentRunner$1.schedule(ParentRunner.java:71)
	at org.junit.runners.ParentRunner.runChildren(ParentRunner.java:288)
	at org.junit.runners.ParentRunner.access$000(ParentRunner.java:58)
	at org.junit.runners.ParentRunner$2.evaluate(ParentRunner.java:268)
	at org.junit.runners.ParentRunner.run(ParentRunner.java:363)
	at cucumber.api.junit.Cucumber.run(Cucumber.java:98)
	at org.apache.maven.surefire.junit4.JUnit4Provider.execute(JUnit4Provider.java:283)
	at org.apache.maven.surefire.junit4.JUnit4Provider.executeWithRerun(JUnit4Provider.java:173)
	at org.apache.maven.surefire.junit4.JUnit4Provider.executeTestSet(JUnit4Provider.java:153)
	at org.apache.maven.surefire.junit4.JUnit4Provider.invoke(JUnit4Provider.java:128)
	at org.apache.maven.surefire.booter.ForkedBooter.invokeProviderInSameClassLoader(ForkedBooter.java:203)
	at org.apache.maven.surefire.booter.ForkedBooter.runSuitesInProcess(ForkedBooter.java:155)
	at org.apache.maven.surefire.booter.ForkedBooter.main(ForkedBooter.java:103)
Caused by: org.openqa.selenium.NoSuchElementException: Unable to locate element: #ui-id-2>li>a
For documentation on this error, please visit: http://seleniumhq.org/exceptions/no_such_element.html
Build info: version: '3.0.1', revision: '1969d75', time: '2016-10-18 09:48:19 -0700'
System info: host: '8df1352af0cf', ip: '172.17.0.4', os.name: 'Linux', os.arch: 'amd64', os.version: '4.9.13-moby', java.version: '1.8.0_121'
Driver info: org.openqa.selenium.firefox.FirefoxDriver
Capabilities [{rotatable=false, raisesAccessibilityExceptions=false, record-screenshots=false, firefoxOptions={args=[], profile=UEsDBBQACAgIACy+jUoAAAAAAAAAAAAAAAAHAAAAdXNlci5qc51XTW/jNhC991cUPrVATSSb7qHbU5pNgQKLplgj2CNBUSOLMUWy/LDs/voOKWn9JVF2fLElD8mZN+/NDIMDS42F6qdFYXWLT8SxCtJvodakYbJlFggoVkgoF7/8WDHp4OfffwiHlSXzaGO09XFJDUz6unsmaLQVfGa9At9quyG194aYWrh6v4x/G+bcUoJa+xoXfvj48XTZ4LAFVuJXCR64h/JPYZ1/RF+4BFzmbTh3VzcY147y2uoGqONWGE9tUNSLJi55uBs/yLPCEYRDvagnqR2MRzNYl7pVUrMSz1JsHYGtdfutBrVCtCJS48sNOmW8i4fRRpdMzmAPW6+1dASs1ZZr5bQ8hvsyfCfWSitErYGmALtKjy6fGXRqtydO842jMa9o/Rt+xgN34JzALb1G4lhwAUGuMCrKLXN1HjQp1IZoA4rCzoNVTMbM30y3KnLga1Djh7VQlFZs8ZlxDpj7oBAmh9yhHKx3o7B9T6twRrI9lM/3d6u/NdIs8uDXcWN8Vb6ob0IhGdz9HRF4kH79+gVXLFihg/9USKY2i0uCdgFRJiV9cwhG9FN0ebr0bWcEwo22pK2FBymcxw3+DcJO0SZyZiM86RM8UBSDi8TJAiAZJgbVkueliyQPhtQoMYN70xYkj3ILNqZ0cRZyzLZKrCHBYIKBKIS22r+iycQBwIMVfp8ESbcCWmQDbcQOyqQ0qhWfUGiGQMFEyT5nIxsO7uKnb2zLZiwrIQF/Eeet4J5qK9ZCoZCk4PsJF5ECfTJom+iDxWALFOUk/pspPApaLB6kBzpDsxMYOm9IfLkKRSOShv9JLx+TSq6r/qPbZPH8XjZ6xkS2oOVEDT4UCAyzQ+ayQuiqQjtYMmMcQVkgesWellCxIP14URxSxZ3pE3sN7UChFiLvWmCb8QWXzM7qZhAmqhgLtLd70jWEZP9hzjYvyXHX02uY08yA//Prl0fyQNiBEpdgRkV0XTXbiM4TP5SKPGsvg7bwlhp/9pBOFHH7W0CSwLbXY3SUaha8/tzpd8WRrrFu359R+tCG+kqimMdHClvMTb4JHU0iL6iFWXcKia07tYV3B39zFZ5ROzDL614Sc4NUQzqlkzI0JsspVPxVMjuhMxZWa0U53vYuivh59X4YH5m6lrocShGS3IeJKWtwpred7ghxap0fV4/GG5eGr8N4g+U4pIaaRS6Sd9yJI2Xrbh5JmvhLPXWD5+jOJ+M9hrDEKVWhYuPypQG7jFNb8upcIdmKNd84U5soQ1oT2/rNFf3aouhqwNmL18A3n7sm80f3z+2zEWFlKSI0bKZ7j17X3ntNk3q9ji/7+0O2Xx+VlRTxE7YnLFyFkBFEJda1lxNTzSnULs4HnuLomsnn0WmDk+/pKXTQOGnwXpI0togXHzx2apSO9yTULE5cM7P0oaTJygXTzZGHKfd/UEsHCBtBVpYxBAAAYw8AAFBLAQIUABQACAgIACy+jUobQVaWMQQAAGMPAAAHAAAAAAAAAAAAAAAAAAAAAAB1c2VyLmpzUEsFBgAAAAABAAEANQAAAGYEAAAAAA==}, appBuildId=20170125094131, version=51.0.1, platform=LINUX, proxy={}, command_id=1, specificationLevel=0, acceptSslCerts=false, processId=430, browserVersion=51.0.1, platformVersion=4.9.13-moby, XULappId={ec8030f7-c20a-464f-9b0e-13a3a9e97384}, browserName=firefox, takesScreenshot=true, idle-timeout=180, takesElementScreenshot=true, platformName=linux, firefox_profile=UEsDBBQACAgIACwGjkoAAAAAAAAAA...}]
Session ID: 068dab9c-9fbb-4871-8629-55e1f159dea0
*** Element info: {Using=css selector, value=#ui-id-2>li>a}
For documentation on this error, please visit: http://seleniumhq.org/exceptions/no_such_element.html
Build info: version: '2.53.1', revision: 'a36b8b1cd5757287168e54b817830adce9b0158d', time: '2016-06-30 19:26:09'
System info: host: 'Duduosun', ip: '169.254.80.80', os.name: 'Windows 10', os.arch: 'amd64', os.version: '10.0', java.version: '1.8.0_101'
Driver info: driver.version: EventFiringWebDriver
	at sun.reflect.NativeConstructorAccessorImpl.newInstance0(Native Method)
	at sun.reflect.NativeConstructorAccessorImpl.newInstance(NativeConstructorAccessorImpl.java:62)
	at sun.reflect.DelegatingConstructorAccessorImpl.newInstance(DelegatingConstructorAccessorImpl.java:45)
	at java.lang.reflect.Constructor.newInstance(Constructor.java:423)
	at org.openqa.selenium.remote.http.W3CHttpResponseCodec.createException(W3CHttpResponseCodec.java:127)
	at org.openqa.selenium.remote.http.W3CHttpResponseCodec.decode(W3CHttpResponseCodec.java:93)
	at org.openqa.selenium.remote.http.W3CHttpResponseCodec.decode(W3CHttpResponseCodec.java:42)
	at org.openqa.selenium.remote.HttpCommandExecutor.execute(HttpCommandExecutor.java:163)
	at org.openqa.selenium.remote.service.DriverCommandExecutor.execute(DriverCommandExecutor.java:82)
	at org.openqa.selenium.remote.RemoteWebDriver.execute(RemoteWebDriver.java:601)
	at org.openqa.selenium.remote.RemoteWebDriver.findElement(RemoteWebDriver.java:368)
	at org.openqa.selenium.remote.RemoteWebDriver.findElementByCssSelector(RemoteWebDriver.java:465)
	at org.openqa.selenium.By$ByCssSelector.findElement(By.java:430)
	at org.openqa.selenium.remote.RemoteWebDriver.findElement(RemoteWebDriver.java:360)
	at sun.reflect.GeneratedMethodAccessor9.invoke(Unknown Source)
	at sun.reflect.DelegatingMethodAccessorImpl.invoke(DelegatingMethodAccessorImpl.java:43)
	at java.lang.reflect.Method.invoke(Method.java:498)
	at org.openqa.selenium.support.events.EventFiringWebDriver$2.invoke(EventFiringWebDriver.java:103)
	at com.sun.proxy.$Proxy6.findElement(Unknown Source)
	at org.openqa.selenium.support.events.EventFiringWebDriver.findElement(EventFiringWebDriver.java:187)
	at org.openqa.selenium.remote.server.handler.FindElement.call(FindElement.java:48)
	at org.openqa.selenium.remote.server.handler.FindElement.call(FindElement.java:33)
	at java.util.concurrent.FutureTask.run(FutureTask.java:266)
	at org.openqa.selenium.remote.server.DefaultSession$1.run(DefaultSession.java:176)
	at java.util.concurrent.ThreadPoolExecutor.runWorker(ThreadPoolExecutor.java:1142)
	at java.util.concurrent.ThreadPoolExecutor$Worker.run(ThreadPoolExecutor.java:617)
	at java.lang.Thread.run(Thread.java:745)
]]></error>
  </testcase>
  <testcase name="| Create an Account | Welcome Pinguino Volante! |" classname="| Create an Account | Welcome Pinguino Volante! |" time="0.008">
    <error message="Timed out after 5 seconds waiting for visibility of element located by By.cssSelector: #ui-id-2&gt;li&gt;a&#10;Build info: version: &apos;2.53.1&apos;, revision: &apos;a36b8b1cd5757287168e54b817830adce9b0158d&apos;, time: &apos;2016-06-30 19:26:09&apos;&#10;System info: host: &apos;Duduosun&apos;, ip: &apos;169.254.80.80&apos;, os.name: &apos;Windows 10&apos;, os.arch: &apos;amd64&apos;, os.version: &apos;10.0&apos;, java.version: &apos;1.8.0_101&apos;&#10;Driver info: net.thucydides.core.webdriver.WebDriverFacade" type="net.serenitybdd.core.exceptions.SerenityManagedException"><![CDATA[net.serenitybdd.core.exceptions.SerenityManagedException: Timed out after 5 seconds waiting for visibility of element located by By.cssSelector: #ui-id-2>li>a
Build info: version: '2.53.1', revision: 'a36b8b1cd5757287168e54b817830adce9b0158d', time: '2016-06-30 19:26:09'
System info: host: 'Duduosun', ip: '169.254.80.80', os.name: 'Windows 10', os.arch: 'amd64', os.version: '10.0', java.version: '1.8.0_101'
Driver info: net.thucydides.core.webdriver.WebDriverFacade
	at org.openqa.selenium.support.ui.WebDriverWait.timeoutException(WebDriverWait.java:80)
	at org.openqa.selenium.support.ui.FluentWait.until(FluentWait.java:261)
	at net.serenitybdd.core.pages.PageObject.shouldBeVisible(PageObject.java:586)
	at com.orevan.serenity.pages.luma.LumaBasePage$$EnhancerByCGLIB$$cdaf118c.CGLIB$shouldBeVisible$63(<generated>)
	at com.orevan.serenity.pages.luma.LumaBasePage$$EnhancerByCGLIB$$cdaf118c$$FastClassByCGLIB$$6ce2c89c.invoke(<generated>)
	at net.sf.cglib.proxy.MethodProxy.invokeSuper(MethodProxy.java:228)
	at net.thucydides.core.steps.StepInterceptor.invokeMethod(StepInterceptor.java:372)
	at net.thucydides.core.steps.StepInterceptor.runBaseObjectMethod(StepInterceptor.java:259)
	at net.thucydides.core.steps.StepInterceptor.intercept(StepInterceptor.java:59)
	at com.orevan.serenity.pages.luma.LumaBasePage$$EnhancerByCGLIB$$cdaf118c.shouldBeVisible(<generated>)
	at com.orevan.serenity.pages.luma.LumaBasePage.verifyHomePageBody(LumaBasePage.java:84)
	at com.orevan.serenity.pages.luma.LumaBasePage$$EnhancerByCGLIB$$cdaf118c.CGLIB$verifyHomePageBody$33(<generated>)
	at com.orevan.serenity.pages.luma.LumaBasePage$$EnhancerByCGLIB$$cdaf118c$$FastClassByCGLIB$$6ce2c89c.invoke(<generated>)
	at net.sf.cglib.proxy.MethodProxy.invokeSuper(MethodProxy.java:228)
	at net.thucydides.core.steps.BaseMethodRunner.invokeMethod(BaseMethodRunner.java:10)
	at net.thucydides.core.steps.NormalMethodRunner.invokeMethodAndNotifyFailures(NormalMethodRunner.java:20)
	at net.thucydides.core.steps.StepInterceptor.runNormalMethod(StepInterceptor.java:272)
	at net.thucydides.core.steps.StepInterceptor.testStepResult(StepInterceptor.java:127)
	at net.thucydides.core.steps.StepInterceptor.intercept(StepInterceptor.java:61)
	at com.orevan.serenity.pages.luma.LumaBasePage$$EnhancerByCGLIB$$cdaf118c.verifyHomePageBody(<generated>)
	at com.orevan.serenity.steps.luma.LumaHomePageSteps.userInteractWithLumaWebsite(LumaHomePageSteps.java:22)
	at sun.reflect.NativeMethodAccessorImpl.invoke0(Native Method)
	at sun.reflect.NativeMethodAccessorImpl.invoke(NativeMethodAccessorImpl.java:62)
	at sun.reflect.DelegatingMethodAccessorImpl.invoke(DelegatingMethodAccessorImpl.java:43)
	at java.lang.reflect.Method.invoke(Method.java:498)
	at cucumber.runtime.Utils$1.call(Utils.java:37)
	at cucumber.runtime.Timeout.timeout(Timeout.java:13)
	at cucumber.runtime.Utils.invoke(Utils.java:31)
	at cucumber.runtime.java.JavaStepDefinition.execute(JavaStepDefinition.java:38)
	at cucumber.runtime.StepDefinitionMatch.runStep(StepDefinitionMatch.java:37)
	at cucumber.runtime.Runtime.runStep(Runtime.java:299)
	at cucumber.runtime.model.StepContainer.runStep(StepContainer.java:44)
	at cucumber.runtime.model.StepContainer.runSteps(StepContainer.java:39)
	at cucumber.runtime.model.CucumberScenario.run(CucumberScenario.java:44)
	at cucumber.runtime.junit.ExecutionUnitRunner.run(ExecutionUnitRunner.java:91)
	at org.junit.runners.Suite.runChild(Suite.java:128)
	at org.junit.runners.Suite.runChild(Suite.java:27)
	at org.junit.runners.ParentRunner$3.run(ParentRunner.java:290)
	at org.junit.runners.ParentRunner$1.schedule(ParentRunner.java:71)
	at org.junit.runners.ParentRunner.runChildren(ParentRunner.java:288)
	at org.junit.runners.ParentRunner.access$000(ParentRunner.java:58)
	at org.junit.runners.ParentRunner$2.evaluate(ParentRunner.java:268)
	at org.junit.runners.ParentRunner.run(ParentRunner.java:363)
	at cucumber.runtime.junit.ExamplesRunner.run(ExamplesRunner.java:59)
	at org.junit.runners.Suite.runChild(Suite.java:128)
	at org.junit.runners.Suite.runChild(Suite.java:27)
	at org.junit.runners.ParentRunner$3.run(ParentRunner.java:290)
	at org.junit.runners.ParentRunner$1.schedule(ParentRunner.java:71)
	at org.junit.runners.ParentRunner.runChildren(ParentRunner.java:288)
	at org.junit.runners.ParentRunner.access$000(ParentRunner.java:58)
	at org.junit.runners.ParentRunner$2.evaluate(ParentRunner.java:268)
	at org.junit.runners.ParentRunner.run(ParentRunner.java:363)
	at cucumber.runtime.junit.ScenarioOutlineRunner.run(ScenarioOutlineRunner.java:53)
	at cucumber.runtime.junit.FeatureRunner.runChild(FeatureRunner.java:63)
	at cucumber.runtime.junit.FeatureRunner.runChild(FeatureRunner.java:18)
	at org.junit.runners.ParentRunner$3.run(ParentRunner.java:290)
	at org.junit.runners.ParentRunner$1.schedule(ParentRunner.java:71)
	at org.junit.runners.ParentRunner.runChildren(ParentRunner.java:288)
	at org.junit.runners.ParentRunner.access$000(ParentRunner.java:58)
	at org.junit.runners.ParentRunner$2.evaluate(ParentRunner.java:268)
	at org.junit.runners.ParentRunner.run(ParentRunner.java:363)
	at cucumber.runtime.junit.FeatureRunner.run(FeatureRunner.java:70)
	at cucumber.api.junit.Cucumber.runChild(Cucumber.java:93)
	at cucumber.api.junit.Cucumber.runChild(Cucumber.java:37)
	at org.junit.runners.ParentRunner$3.run(ParentRunner.java:290)
	at org.junit.runners.ParentRunner$1.schedule(ParentRunner.java:71)
	at org.junit.runners.ParentRunner.runChildren(ParentRunner.java:288)
	at org.junit.runners.ParentRunner.access$000(ParentRunner.java:58)
	at org.junit.runners.ParentRunner$2.evaluate(ParentRunner.java:268)
	at org.junit.runners.ParentRunner.run(ParentRunner.java:363)
	at cucumber.api.junit.Cucumber.run(Cucumber.java:98)
	at org.apache.maven.surefire.junit4.JUnit4Provider.execute(JUnit4Provider.java:283)
	at org.apache.maven.surefire.junit4.JUnit4Provider.executeWithRerun(JUnit4Provider.java:173)
	at org.apache.maven.surefire.junit4.JUnit4Provider.executeTestSet(JUnit4Provider.java:153)
	at org.apache.maven.surefire.junit4.JUnit4Provider.invoke(JUnit4Provider.java:128)
	at org.apache.maven.surefire.booter.ForkedBooter.invokeProviderInSameClassLoader(ForkedBooter.java:203)
	at org.apache.maven.surefire.booter.ForkedBooter.runSuitesInProcess(ForkedBooter.java:155)
	at org.apache.maven.surefire.booter.ForkedBooter.main(ForkedBooter.java:103)
Caused by: org.openqa.selenium.NoSuchElementException: Unable to locate element: #ui-id-2>li>a
For documentation on this error, please visit: http://seleniumhq.org/exceptions/no_such_element.html
Build info: version: '3.0.1', revision: '1969d75', time: '2016-10-18 09:48:19 -0700'
System info: host: '8df1352af0cf', ip: '172.17.0.4', os.name: 'Linux', os.arch: 'amd64', os.version: '4.9.13-moby', java.version: '1.8.0_121'
Driver info: org.openqa.selenium.firefox.FirefoxDriver
Capabilities [{rotatable=false, raisesAccessibilityExceptions=false, record-screenshots=false, firefoxOptions={args=[], profile=UEsDBBQACAgIACy+jUoAAAAAAAAAAAAAAAAHAAAAdXNlci5qc51XTW/jNhC991cUPrVATSSb7qHbU5pNgQKLplgj2CNBUSOLMUWy/LDs/voOKWn9JVF2fLElD8mZN+/NDIMDS42F6qdFYXWLT8SxCtJvodakYbJlFggoVkgoF7/8WDHp4OfffwiHlSXzaGO09XFJDUz6unsmaLQVfGa9At9quyG194aYWrh6v4x/G+bcUoJa+xoXfvj48XTZ4LAFVuJXCR64h/JPYZ1/RF+4BFzmbTh3VzcY147y2uoGqONWGE9tUNSLJi55uBs/yLPCEYRDvagnqR2MRzNYl7pVUrMSz1JsHYGtdfutBrVCtCJS48sNOmW8i4fRRpdMzmAPW6+1dASs1ZZr5bQ8hvsyfCfWSitErYGmALtKjy6fGXRqtydO842jMa9o/Rt+xgN34JzALb1G4lhwAUGuMCrKLXN1HjQp1IZoA4rCzoNVTMbM30y3KnLga1Djh7VQlFZs8ZlxDpj7oBAmh9yhHKx3o7B9T6twRrI9lM/3d6u/NdIs8uDXcWN8Vb6ob0IhGdz9HRF4kH79+gVXLFihg/9USKY2i0uCdgFRJiV9cwhG9FN0ebr0bWcEwo22pK2FBymcxw3+DcJO0SZyZiM86RM8UBSDi8TJAiAZJgbVkueliyQPhtQoMYN70xYkj3ILNqZ0cRZyzLZKrCHBYIKBKIS22r+iycQBwIMVfp8ESbcCWmQDbcQOyqQ0qhWfUGiGQMFEyT5nIxsO7uKnb2zLZiwrIQF/Eeet4J5qK9ZCoZCk4PsJF5ECfTJom+iDxWALFOUk/pspPApaLB6kBzpDsxMYOm9IfLkKRSOShv9JLx+TSq6r/qPbZPH8XjZ6xkS2oOVEDT4UCAyzQ+ayQuiqQjtYMmMcQVkgesWellCxIP14URxSxZ3pE3sN7UChFiLvWmCb8QWXzM7qZhAmqhgLtLd70jWEZP9hzjYvyXHX02uY08yA//Prl0fyQNiBEpdgRkV0XTXbiM4TP5SKPGsvg7bwlhp/9pBOFHH7W0CSwLbXY3SUaha8/tzpd8WRrrFu359R+tCG+kqimMdHClvMTb4JHU0iL6iFWXcKia07tYV3B39zFZ5ROzDL614Sc4NUQzqlkzI0JsspVPxVMjuhMxZWa0U53vYuivh59X4YH5m6lrocShGS3IeJKWtwpred7ghxap0fV4/GG5eGr8N4g+U4pIaaRS6Sd9yJI2Xrbh5JmvhLPXWD5+jOJ+M9hrDEKVWhYuPypQG7jFNb8upcIdmKNd84U5soQ1oT2/rNFf3aouhqwNmL18A3n7sm80f3z+2zEWFlKSI0bKZ7j17X3ntNk3q9ji/7+0O2Xx+VlRTxE7YnLFyFkBFEJda1lxNTzSnULs4HnuLomsnn0WmDk+/pKXTQOGnwXpI0togXHzx2apSO9yTULE5cM7P0oaTJygXTzZGHKfd/UEsHCBtBVpYxBAAAYw8AAFBLAQIUABQACAgIACy+jUobQVaWMQQAAGMPAAAHAAAAAAAAAAAAAAAAAAAAAAB1c2VyLmpzUEsFBgAAAAABAAEANQAAAGYEAAAAAA==}, appBuildId=20170125094131, version=51.0.1, platform=LINUX, proxy={}, command_id=1, specificationLevel=0, acceptSslCerts=false, processId=430, browserVersion=51.0.1, platformVersion=4.9.13-moby, XULappId={ec8030f7-c20a-464f-9b0e-13a3a9e97384}, browserName=firefox, takesScreenshot=true, idle-timeout=180, takesElementScreenshot=true, platformName=linux, firefox_profile=UEsDBBQACAgIACwGjkoAAAAAAAAAA...}]
Session ID: 068dab9c-9fbb-4871-8629-55e1f159dea0
*** Element info: {Using=css selector, value=#ui-id-2>li>a}
Command duration or timeout: 2.50 seconds
For documentation on this error, please visit: http://seleniumhq.org/exceptions/no_such_element.html
Build info: version: '2.53.1', revision: 'a36b8b1cd5757287168e54b817830adce9b0158d', time: '2016-06-30 19:26:09'
System info: host: 'Duduosun', ip: '169.254.80.80', os.name: 'Windows 10', os.arch: 'amd64', os.version: '10.0', java.version: '1.8.0_101'
Driver info: org.openqa.selenium.remote.RemoteWebDriver
Capabilities [{rotatable=false, raisesAccessibilityExceptions=false, record-screenshots=false, firefoxOptions={args=[], profile=UEsDBBQACAgIACy+jUoAAAAAAAAAAAAAAAAHAAAAdXNlci5qc51XTW/jNhC991cUPrVATSSb7qHbU5pNgQKLplgj2CNBUSOLMUWy/LDs/voOKWn9JVF2fLElD8mZN+/NDIMDS42F6qdFYXWLT8SxCtJvodakYbJlFggoVkgoF7/8WDHp4OfffwiHlSXzaGO09XFJDUz6unsmaLQVfGa9At9quyG194aYWrh6v4x/G+bcUoJa+xoXfvj48XTZ4LAFVuJXCR64h/JPYZ1/RF+4BFzmbTh3VzcY147y2uoGqONWGE9tUNSLJi55uBs/yLPCEYRDvagnqR2MRzNYl7pVUrMSz1JsHYGtdfutBrVCtCJS48sNOmW8i4fRRpdMzmAPW6+1dASs1ZZr5bQ8hvsyfCfWSitErYGmALtKjy6fGXRqtydO842jMa9o/Rt+xgN34JzALb1G4lhwAUGuMCrKLXN1HjQp1IZoA4rCzoNVTMbM30y3KnLga1Djh7VQlFZs8ZlxDpj7oBAmh9yhHKx3o7B9T6twRrI9lM/3d6u/NdIs8uDXcWN8Vb6ob0IhGdz9HRF4kH79+gVXLFihg/9USKY2i0uCdgFRJiV9cwhG9FN0ebr0bWcEwo22pK2FBymcxw3+DcJO0SZyZiM86RM8UBSDi8TJAiAZJgbVkueliyQPhtQoMYN70xYkj3ILNqZ0cRZyzLZKrCHBYIKBKIS22r+iycQBwIMVfp8ESbcCWmQDbcQOyqQ0qhWfUGiGQMFEyT5nIxsO7uKnb2zLZiwrIQF/Eeet4J5qK9ZCoZCk4PsJF5ECfTJom+iDxWALFOUk/pspPApaLB6kBzpDsxMYOm9IfLkKRSOShv9JLx+TSq6r/qPbZPH8XjZ6xkS2oOVEDT4UCAyzQ+ayQuiqQjtYMmMcQVkgesWellCxIP14URxSxZ3pE3sN7UChFiLvWmCb8QWXzM7qZhAmqhgLtLd70jWEZP9hzjYvyXHX02uY08yA//Prl0fyQNiBEpdgRkV0XTXbiM4TP5SKPGsvg7bwlhp/9pBOFHH7W0CSwLbXY3SUaha8/tzpd8WRrrFu359R+tCG+kqimMdHClvMTb4JHU0iL6iFWXcKia07tYV3B39zFZ5ROzDL614Sc4NUQzqlkzI0JsspVPxVMjuhMxZWa0U53vYuivh59X4YH5m6lrocShGS3IeJKWtwpred7ghxap0fV4/GG5eGr8N4g+U4pIaaRS6Sd9yJI2Xrbh5JmvhLPXWD5+jOJ+M9hrDEKVWhYuPypQG7jFNb8upcIdmKNd84U5soQ1oT2/rNFf3aouhqwNmL18A3n7sm80f3z+2zEWFlKSI0bKZ7j17X3ntNk3q9ji/7+0O2Xx+VlRTxE7YnLFyFkBFEJda1lxNTzSnULs4HnuLomsnn0WmDk+/pKXTQOGnwXpI0togXHzx2apSO9yTULE5cM7P0oaTJygXTzZGHKfd/UEsHCBtBVpYxBAAAYw8AAFBLAQIUABQACAgIACy+jUobQVaWMQQAAGMPAAAHAAAAAAAAAAAAAAAAAAAAAAB1c2VyLmpzUEsFBgAAAAABAAEANQAAAGYEAAAAAA==}, appBuildId=20170125094131, version=51.0.1, platform=LINUX, proxy={}, command_id=1, specificationLevel=0, acceptSslCerts=false, processId=430, webdriver.remote.sessionid=fec18a6e-0a4e-48ef-8e1a-d6a278ed3a67, browserVersion=51.0.1, platformVersion=4.9.13-moby, XULappId={ec8030f7-c20a-464f-9b0e-13a3a9e97384}, browserName=firefox, takesScreenshot=true, idle-timeout=180, takesElementScreenshot=true, javascriptEnabled=true, platformName=linux, cssSelectorsEnabled=true, firefox_profile=UEsDBBQACAgIACwGjkoAAAAAAAAAA...}]
Session ID: fec18a6e-0a4e-48ef-8e1a-d6a278ed3a67
*** Element info: {Using=css selector, value=#ui-id-2>li>a}
	at sun.reflect.NativeConstructorAccessorImpl.newInstance0(Native Method)
	at sun.reflect.NativeConstructorAccessorImpl.newInstance(NativeConstructorAccessorImpl.java:62)
	at sun.reflect.DelegatingConstructorAccessorImpl.newInstance(DelegatingConstructorAccessorImpl.java:45)
	at java.lang.reflect.Constructor.newInstance(Constructor.java:423)
	at org.openqa.selenium.remote.ErrorHandler.createThrowable(ErrorHandler.java:206)
	at org.openqa.selenium.remote.ErrorHandler.throwIfResponseFailed(ErrorHandler.java:158)
	at org.openqa.selenium.remote.RemoteWebDriver.execute(RemoteWebDriver.java:678)
	at org.openqa.selenium.remote.RemoteWebDriver.findElement(RemoteWebDriver.java:363)
	at org.openqa.selenium.remote.RemoteWebDriver.findElementByCssSelector(RemoteWebDriver.java:492)
	at org.openqa.selenium.By$ByCssSelector.findElement(By.java:430)
	at org.openqa.selenium.remote.RemoteWebDriver.findElement(RemoteWebDriver.java:355)
	at sun.reflect.GeneratedMethodAccessor33.invoke(Unknown Source)
	at sun.reflect.DelegatingMethodAccessorImpl.invoke(DelegatingMethodAccessorImpl.java:43)
	at java.lang.reflect.Method.invoke(Method.java:498)
	at org.openqa.selenium.remote.Augmenter$CompoundHandler.intercept(Augmenter.java:191)
	at org.openqa.selenium.remote.RemoteWebDriver$$EnhancerByCGLIB$$74ef6c7.findElement(<generated>)
	at net.thucydides.core.webdriver.WebDriverFacade.findElement(WebDriverFacade.java:241)
	at org.openqa.selenium.support.ui.ExpectedConditions.findElement(ExpectedConditions.java:899)
	at org.openqa.selenium.support.ui.ExpectedConditions.access$000(ExpectedConditions.java:41)
	at org.openqa.selenium.support.ui.ExpectedConditions$7.apply(ExpectedConditions.java:205)
	at org.openqa.selenium.support.ui.ExpectedConditions$7.apply(ExpectedConditions.java:201)
	at org.openqa.selenium.support.ui.FluentWait.until(FluentWait.java:238)
	at net.serenitybdd.core.pages.PageObject.shouldBeVisible(PageObject.java:586)
	at com.orevan.serenity.pages.luma.LumaBasePage$$EnhancerByCGLIB$$cdaf118c.CGLIB$shouldBeVisible$63(<generated>)
	at com.orevan.serenity.pages.luma.LumaBasePage$$EnhancerByCGLIB$$cdaf118c$$FastClassByCGLIB$$6ce2c89c.invoke(<generated>)
	at net.sf.cglib.proxy.MethodProxy.invokeSuper(MethodProxy.java:228)
	at net.thucydides.core.steps.StepInterceptor.invokeMethod(StepInterceptor.java:372)
	at net.thucydides.core.steps.StepInterceptor.runBaseObjectMethod(StepInterceptor.java:259)
	at net.thucydides.core.steps.StepInterceptor.intercept(StepInterceptor.java:59)
	at com.orevan.serenity.pages.luma.LumaBasePage$$EnhancerByCGLIB$$cdaf118c.shouldBeVisible(<generated>)
	at com.orevan.serenity.pages.luma.LumaBasePage.verifyHomePageBody(LumaBasePage.java:84)
	at com.orevan.serenity.pages.luma.LumaBasePage$$EnhancerByCGLIB$$cdaf118c.CGLIB$verifyHomePageBody$33(<generated>)
	at com.orevan.serenity.pages.luma.LumaBasePage$$EnhancerByCGLIB$$cdaf118c$$FastClassByCGLIB$$6ce2c89c.invoke(<generated>)
	at net.sf.cglib.proxy.MethodProxy.invokeSuper(MethodProxy.java:228)
	at net.thucydides.core.steps.BaseMethodRunner.invokeMethod(BaseMethodRunner.java:10)
	at net.thucydides.core.steps.NormalMethodRunner.invokeMethodAndNotifyFailures(NormalMethodRunner.java:20)
	at net.thucydides.core.steps.StepInterceptor.runNormalMethod(StepInterceptor.java:272)
	at net.thucydides.core.steps.StepInterceptor.testStepResult(StepInterceptor.java:127)
	at net.thucydides.core.steps.StepInterceptor.intercept(StepInterceptor.java:61)
	at com.orevan.serenity.pages.luma.LumaBasePage$$EnhancerByCGLIB$$cdaf118c.verifyHomePageBody(<generated>)
	at com.orevan.serenity.steps.luma.LumaHomePageSteps.userInteractWithLumaWebsite(LumaHomePageSteps.java:22)
	at sun.reflect.NativeMethodAccessorImpl.invoke0(Native Method)
	at sun.reflect.NativeMethodAccessorImpl.invoke(NativeMethodAccessorImpl.java:62)
	at sun.reflect.DelegatingMethodAccessorImpl.invoke(DelegatingMethodAccessorImpl.java:43)
	at java.lang.reflect.Method.invoke(Method.java:498)
	at cucumber.runtime.Utils$1.call(Utils.java:37)
	at cucumber.runtime.Timeout.timeout(Timeout.java:13)
	at cucumber.runtime.Utils.invoke(Utils.java:31)
	at cucumber.runtime.java.JavaStepDefinition.execute(JavaStepDefinition.java:38)
	at cucumber.runtime.StepDefinitionMatch.runStep(StepDefinitionMatch.java:37)
	at cucumber.runtime.Runtime.runStep(Runtime.java:299)
	at cucumber.runtime.model.StepContainer.runStep(StepContainer.java:44)
	at cucumber.runtime.model.StepContainer.runSteps(StepContainer.java:39)
	at cucumber.runtime.model.CucumberScenario.run(CucumberScenario.java:44)
	at cucumber.runtime.junit.ExecutionUnitRunner.run(ExecutionUnitRunner.java:91)
	at org.junit.runners.Suite.runChild(Suite.java:128)
	at org.junit.runners.Suite.runChild(Suite.java:27)
	at org.junit.runners.ParentRunner$3.run(ParentRunner.java:290)
	at org.junit.runners.ParentRunner$1.schedule(ParentRunner.java:71)
	at org.junit.runners.ParentRunner.runChildren(ParentRunner.java:288)
	at org.junit.runners.ParentRunner.access$000(ParentRunner.java:58)
	at org.junit.runners.ParentRunner$2.evaluate(ParentRunner.java:268)
	at org.junit.runners.ParentRunner.run(ParentRunner.java:363)
	at cucumber.runtime.junit.ExamplesRunner.run(ExamplesRunner.java:59)
	at org.junit.runners.Suite.runChild(Suite.java:128)
	at org.junit.runners.Suite.runChild(Suite.java:27)
	at org.junit.runners.ParentRunner$3.run(ParentRunner.java:290)
	at org.junit.runners.ParentRunner$1.schedule(ParentRunner.java:71)
	at org.junit.runners.ParentRunner.runChildren(ParentRunner.java:288)
	at org.junit.runners.ParentRunner.access$000(ParentRunner.java:58)
	at org.junit.runners.ParentRunner$2.evaluate(ParentRunner.java:268)
	at org.junit.runners.ParentRunner.run(ParentRunner.java:363)
	at cucumber.runtime.junit.ScenarioOutlineRunner.run(ScenarioOutlineRunner.java:53)
	at cucumber.runtime.junit.FeatureRunner.runChild(FeatureRunner.java:63)
	at cucumber.runtime.junit.FeatureRunner.runChild(FeatureRunner.java:18)
	at org.junit.runners.ParentRunner$3.run(ParentRunner.java:290)
	at org.junit.runners.ParentRunner$1.schedule(ParentRunner.java:71)
	at org.junit.runners.ParentRunner.runChildren(ParentRunner.java:288)
	at org.junit.runners.ParentRunner.access$000(ParentRunner.java:58)
	at org.junit.runners.ParentRunner$2.evaluate(ParentRunner.java:268)
	at org.junit.runners.ParentRunner.run(ParentRunner.java:363)
	at cucumber.runtime.junit.FeatureRunner.run(FeatureRunner.java:70)
	at cucumber.api.junit.Cucumber.runChild(Cucumber.java:93)
	at cucumber.api.junit.Cucumber.runChild(Cucumber.java:37)
	at org.junit.runners.ParentRunner$3.run(ParentRunner.java:290)
	at org.junit.runners.ParentRunner$1.schedule(ParentRunner.java:71)
	at org.junit.runners.ParentRunner.runChildren(ParentRunner.java:288)
	at org.junit.runners.ParentRunner.access$000(ParentRunner.java:58)
	at org.junit.runners.ParentRunner$2.evaluate(ParentRunner.java:268)
	at org.junit.runners.ParentRunner.run(ParentRunner.java:363)
	at cucumber.api.junit.Cucumber.run(Cucumber.java:98)
	at org.apache.maven.surefire.junit4.JUnit4Provider.execute(JUnit4Provider.java:283)
	at org.apache.maven.surefire.junit4.JUnit4Provider.executeWithRerun(JUnit4Provider.java:173)
	at org.apache.maven.surefire.junit4.JUnit4Provider.executeTestSet(JUnit4Provider.java:153)
	at org.apache.maven.surefire.junit4.JUnit4Provider.invoke(JUnit4Provider.java:128)
	at org.apache.maven.surefire.booter.ForkedBooter.invokeProviderInSameClassLoader(ForkedBooter.java:203)
	at org.apache.maven.surefire.booter.ForkedBooter.runSuitesInProcess(ForkedBooter.java:155)
	at org.apache.maven.surefire.booter.ForkedBooter.main(ForkedBooter.java:103)
Caused by: org.openqa.selenium.remote.ScreenshotException: Screen shot has been taken
Build info: version: '2.53.1', revision: 'a36b8b1cd5757287168e54b817830adce9b0158d', time: '2016-06-30 19:26:09'
System info: host: 'Duduosun', ip: '169.254.80.80', os.name: 'Windows 10', os.arch: 'amd64', os.version: '10.0', java.version: '1.8.0_101'
Driver info: driver.version: RemoteWebDriver
	at org.openqa.selenium.remote.ErrorHandler.throwIfResponseFailed(ErrorHandler.java:138)
	at org.openqa.selenium.remote.RemoteWebDriver.execute(RemoteWebDriver.java:678)
	at org.openqa.selenium.remote.RemoteWebDriver.findElement(RemoteWebDriver.java:363)
	at org.openqa.selenium.remote.RemoteWebDriver.findElementByCssSelector(RemoteWebDriver.java:492)
	at org.openqa.selenium.By$ByCssSelector.findElement(By.java:430)
	at org.openqa.selenium.remote.RemoteWebDriver.findElement(RemoteWebDriver.java:355)
	at sun.reflect.GeneratedMethodAccessor33.invoke(Unknown Source)
	at sun.reflect.DelegatingMethodAccessorImpl.invoke(DelegatingMethodAccessorImpl.java:43)
	at java.lang.reflect.Method.invoke(Method.java:498)
	at org.openqa.selenium.remote.Augmenter$CompoundHandler.intercept(Augmenter.java:191)
	at org.openqa.selenium.remote.RemoteWebDriver$$EnhancerByCGLIB$$74ef6c7.findElement(<generated>)
	at net.thucydides.core.webdriver.WebDriverFacade.findElement(WebDriverFacade.java:241)
	at org.openqa.selenium.support.ui.ExpectedConditions.findElement(ExpectedConditions.java:899)
	at org.openqa.selenium.support.ui.ExpectedConditions.access$000(ExpectedConditions.java:41)
	at org.openqa.selenium.support.ui.ExpectedConditions$7.apply(ExpectedConditions.java:205)
	at org.openqa.selenium.support.ui.ExpectedConditions$7.apply(ExpectedConditions.java:201)
	at org.openqa.selenium.support.ui.FluentWait.until(FluentWait.java:238)
	at net.serenitybdd.core.pages.PageObject.shouldBeVisible(PageObject.java:586)
	at com.orevan.serenity.pages.luma.LumaBasePage$$EnhancerByCGLIB$$cdaf118c.CGLIB$shouldBeVisible$63(<generated>)
	at com.orevan.serenity.pages.luma.LumaBasePage$$EnhancerByCGLIB$$cdaf118c$$FastClassByCGLIB$$6ce2c89c.invoke(<generated>)
	at net.sf.cglib.proxy.MethodProxy.invokeSuper(MethodProxy.java:228)
	at net.thucydides.core.steps.StepInterceptor.invokeMethod(StepInterceptor.java:372)
	at net.thucydides.core.steps.StepInterceptor.runBaseObjectMethod(StepInterceptor.java:259)
	at net.thucydides.core.steps.StepInterceptor.intercept(StepInterceptor.java:59)
	at com.orevan.serenity.pages.luma.LumaBasePage$$EnhancerByCGLIB$$cdaf118c.shouldBeVisible(<generated>)
	at com.orevan.serenity.pages.luma.LumaBasePage.verifyHomePageBody(LumaBasePage.java:84)
	at com.orevan.serenity.pages.luma.LumaBasePage$$EnhancerByCGLIB$$cdaf118c.CGLIB$verifyHomePageBody$33(<generated>)
	at com.orevan.serenity.pages.luma.LumaBasePage$$EnhancerByCGLIB$$cdaf118c$$FastClassByCGLIB$$6ce2c89c.invoke(<generated>)
	at net.sf.cglib.proxy.MethodProxy.invokeSuper(MethodProxy.java:228)
	at net.thucydides.core.steps.BaseMethodRunner.invokeMethod(BaseMethodRunner.java:10)
	at net.thucydides.core.steps.NormalMethodRunner.invokeMethodAndNotifyFailures(NormalMethodRunner.java:20)
	at net.thucydides.core.steps.StepInterceptor.runNormalMethod(StepInterceptor.java:272)
	at net.thucydides.core.steps.StepInterceptor.testStepResult(StepInterceptor.java:127)
	at net.thucydides.core.steps.StepInterceptor.intercept(StepInterceptor.java:61)
	at com.orevan.serenity.pages.luma.LumaBasePage$$EnhancerByCGLIB$$cdaf118c.verifyHomePageBody(<generated>)
	at com.orevan.serenity.steps.luma.LumaHomePageSteps.userInteractWithLumaWebsite(LumaHomePageSteps.java:22)
	at sun.reflect.NativeMethodAccessorImpl.invoke0(Native Method)
	at sun.reflect.NativeMethodAccessorImpl.invoke(NativeMethodAccessorImpl.java:62)
	at sun.reflect.DelegatingMethodAccessorImpl.invoke(DelegatingMethodAccessorImpl.java:43)
	at java.lang.reflect.Method.invoke(Method.java:498)
	at cucumber.runtime.Utils$1.call(Utils.java:37)
	at cucumber.runtime.Timeout.timeout(Timeout.java:13)
	at cucumber.runtime.Utils.invoke(Utils.java:31)
	at cucumber.runtime.java.JavaStepDefinition.execute(JavaStepDefinition.java:38)
	at cucumber.runtime.StepDefinitionMatch.runStep(StepDefinitionMatch.java:37)
	at cucumber.runtime.Runtime.runStep(Runtime.java:299)
	at cucumber.runtime.model.StepContainer.runStep(StepContainer.java:44)
	at cucumber.runtime.model.StepContainer.runSteps(StepContainer.java:39)
	at cucumber.runtime.model.CucumberScenario.run(CucumberScenario.java:44)
	at cucumber.runtime.junit.ExecutionUnitRunner.run(ExecutionUnitRunner.java:91)
	at org.junit.runners.Suite.runChild(Suite.java:128)
	at org.junit.runners.Suite.runChild(Suite.java:27)
	at org.junit.runners.ParentRunner$3.run(ParentRunner.java:290)
	at org.junit.runners.ParentRunner$1.schedule(ParentRunner.java:71)
	at org.junit.runners.ParentRunner.runChildren(ParentRunner.java:288)
	at org.junit.runners.ParentRunner.access$000(ParentRunner.java:58)
	at org.junit.runners.ParentRunner$2.evaluate(ParentRunner.java:268)
	at org.junit.runners.ParentRunner.run(ParentRunner.java:363)
	at cucumber.runtime.junit.ExamplesRunner.run(ExamplesRunner.java:59)
	at org.junit.runners.Suite.runChild(Suite.java:128)
	at org.junit.runners.Suite.runChild(Suite.java:27)
	at org.junit.runners.ParentRunner$3.run(ParentRunner.java:290)
	at org.junit.runners.ParentRunner$1.schedule(ParentRunner.java:71)
	at org.junit.runners.ParentRunner.runChildren(ParentRunner.java:288)
	at org.junit.runners.ParentRunner.access$000(ParentRunner.java:58)
	at org.junit.runners.ParentRunner$2.evaluate(ParentRunner.java:268)
	at org.junit.runners.ParentRunner.run(ParentRunner.java:363)
	at cucumber.runtime.junit.ScenarioOutlineRunner.run(ScenarioOutlineRunner.java:53)
	at cucumber.runtime.junit.FeatureRunner.runChild(FeatureRunner.java:63)
	at cucumber.runtime.junit.FeatureRunner.runChild(FeatureRunner.java:18)
	at org.junit.runners.ParentRunner$3.run(ParentRunner.java:290)
	at org.junit.runners.ParentRunner$1.schedule(ParentRunner.java:71)
	at org.junit.runners.ParentRunner.runChildren(ParentRunner.java:288)
	at org.junit.runners.ParentRunner.access$000(ParentRunner.java:58)
	at org.junit.runners.ParentRunner$2.evaluate(ParentRunner.java:268)
	at org.junit.runners.ParentRunner.run(ParentRunner.java:363)
	at cucumber.runtime.junit.FeatureRunner.run(FeatureRunner.java:70)
	at cucumber.api.junit.Cucumber.runChild(Cucumber.java:93)
	at cucumber.api.junit.Cucumber.runChild(Cucumber.java:37)
	at org.junit.runners.ParentRunner$3.run(ParentRunner.java:290)
	at org.junit.runners.ParentRunner$1.schedule(ParentRunner.java:71)
	at org.junit.runners.ParentRunner.runChildren(ParentRunner.java:288)
	at org.junit.runners.ParentRunner.access$000(ParentRunner.java:58)
	at org.junit.runners.ParentRunner$2.evaluate(ParentRunner.java:268)
	at org.junit.runners.ParentRunner.run(ParentRunner.java:363)
	at cucumber.api.junit.Cucumber.run(Cucumber.java:98)
	at org.apache.maven.surefire.junit4.JUnit4Provider.execute(JUnit4Provider.java:283)
	at org.apache.maven.surefire.junit4.JUnit4Provider.executeWithRerun(JUnit4Provider.java:173)
	at org.apache.maven.surefire.junit4.JUnit4Provider.executeTestSet(JUnit4Provider.java:153)
	at org.apache.maven.surefire.junit4.JUnit4Provider.invoke(JUnit4Provider.java:128)
	at org.apache.maven.surefire.booter.ForkedBooter.invokeProviderInSameClassLoader(ForkedBooter.java:203)
	at org.apache.maven.surefire.booter.ForkedBooter.runSuitesInProcess(ForkedBooter.java:155)
	at org.apache.maven.surefire.booter.ForkedBooter.main(ForkedBooter.java:103)
Caused by: org.openqa.selenium.NoSuchElementException: Unable to locate element: #ui-id-2>li>a
For documentation on this error, please visit: http://seleniumhq.org/exceptions/no_such_element.html
Build info: version: '3.0.1', revision: '1969d75', time: '2016-10-18 09:48:19 -0700'
System info: host: '8df1352af0cf', ip: '172.17.0.4', os.name: 'Linux', os.arch: 'amd64', os.version: '4.9.13-moby', java.version: '1.8.0_121'
Driver info: org.openqa.selenium.firefox.FirefoxDriver
Capabilities [{rotatable=false, raisesAccessibilityExceptions=false, record-screenshots=false, firefoxOptions={args=[], profile=UEsDBBQACAgIACy+jUoAAAAAAAAAAAAAAAAHAAAAdXNlci5qc51XTW/jNhC991cUPrVATSSb7qHbU5pNgQKLplgj2CNBUSOLMUWy/LDs/voOKWn9JVF2fLElD8mZN+/NDIMDS42F6qdFYXWLT8SxCtJvodakYbJlFggoVkgoF7/8WDHp4OfffwiHlSXzaGO09XFJDUz6unsmaLQVfGa9At9quyG194aYWrh6v4x/G+bcUoJa+xoXfvj48XTZ4LAFVuJXCR64h/JPYZ1/RF+4BFzmbTh3VzcY147y2uoGqONWGE9tUNSLJi55uBs/yLPCEYRDvagnqR2MRzNYl7pVUrMSz1JsHYGtdfutBrVCtCJS48sNOmW8i4fRRpdMzmAPW6+1dASs1ZZr5bQ8hvsyfCfWSitErYGmALtKjy6fGXRqtydO842jMa9o/Rt+xgN34JzALb1G4lhwAUGuMCrKLXN1HjQp1IZoA4rCzoNVTMbM30y3KnLga1Djh7VQlFZs8ZlxDpj7oBAmh9yhHKx3o7B9T6twRrI9lM/3d6u/NdIs8uDXcWN8Vb6ob0IhGdz9HRF4kH79+gVXLFihg/9USKY2i0uCdgFRJiV9cwhG9FN0ebr0bWcEwo22pK2FBymcxw3+DcJO0SZyZiM86RM8UBSDi8TJAiAZJgbVkueliyQPhtQoMYN70xYkj3ILNqZ0cRZyzLZKrCHBYIKBKIS22r+iycQBwIMVfp8ESbcCWmQDbcQOyqQ0qhWfUGiGQMFEyT5nIxsO7uKnb2zLZiwrIQF/Eeet4J5qK9ZCoZCk4PsJF5ECfTJom+iDxWALFOUk/pspPApaLB6kBzpDsxMYOm9IfLkKRSOShv9JLx+TSq6r/qPbZPH8XjZ6xkS2oOVEDT4UCAyzQ+ayQuiqQjtYMmMcQVkgesWellCxIP14URxSxZ3pE3sN7UChFiLvWmCb8QWXzM7qZhAmqhgLtLd70jWEZP9hzjYvyXHX02uY08yA//Prl0fyQNiBEpdgRkV0XTXbiM4TP5SKPGsvg7bwlhp/9pBOFHH7W0CSwLbXY3SUaha8/tzpd8WRrrFu359R+tCG+kqimMdHClvMTb4JHU0iL6iFWXcKia07tYV3B39zFZ5ROzDL614Sc4NUQzqlkzI0JsspVPxVMjuhMxZWa0U53vYuivh59X4YH5m6lrocShGS3IeJKWtwpred7ghxap0fV4/GG5eGr8N4g+U4pIaaRS6Sd9yJI2Xrbh5JmvhLPXWD5+jOJ+M9hrDEKVWhYuPypQG7jFNb8upcIdmKNd84U5soQ1oT2/rNFf3aouhqwNmL18A3n7sm80f3z+2zEWFlKSI0bKZ7j17X3ntNk3q9ji/7+0O2Xx+VlRTxE7YnLFyFkBFEJda1lxNTzSnULs4HnuLomsnn0WmDk+/pKXTQOGnwXpI0togXHzx2apSO9yTULE5cM7P0oaTJygXTzZGHKfd/UEsHCBtBVpYxBAAAYw8AAFBLAQIUABQACAgIACy+jUobQVaWMQQAAGMPAAAHAAAAAAAAAAAAAAAAAAAAAAB1c2VyLmpzUEsFBgAAAAABAAEANQAAAGYEAAAAAA==}, appBuildId=20170125094131, version=51.0.1, platform=LINUX, proxy={}, command_id=1, specificationLevel=0, acceptSslCerts=false, processId=430, browserVersion=51.0.1, platformVersion=4.9.13-moby, XULappId={ec8030f7-c20a-464f-9b0e-13a3a9e97384}, browserName=firefox, takesScreenshot=true, idle-timeout=180, takesElementScreenshot=true, platformName=linux, firefox_profile=UEsDBBQACAgIACwGjkoAAAAAAAAAA...}]
Session ID: 068dab9c-9fbb-4871-8629-55e1f159dea0
*** Element info: {Using=css selector, value=#ui-id-2>li>a}
For documentation on this error, please visit: http://seleniumhq.org/exceptions/no_such_element.html
Build info: version: '2.53.1', revision: 'a36b8b1cd5757287168e54b817830adce9b0158d', time: '2016-06-30 19:26:09'
System info: host: 'Duduosun', ip: '169.254.80.80', os.name: 'Windows 10', os.arch: 'amd64', os.version: '10.0', java.version: '1.8.0_101'
Driver info: driver.version: EventFiringWebDriver
	at sun.reflect.NativeConstructorAccessorImpl.newInstance0(Native Method)
	at sun.reflect.NativeConstructorAccessorImpl.newInstance(NativeConstructorAccessorImpl.java:62)
	at sun.reflect.DelegatingConstructorAccessorImpl.newInstance(DelegatingConstructorAccessorImpl.java:45)
	at java.lang.reflect.Constructor.newInstance(Constructor.java:423)
	at org.openqa.selenium.remote.http.W3CHttpResponseCodec.createException(W3CHttpResponseCodec.java:127)
	at org.openqa.selenium.remote.http.W3CHttpResponseCodec.decode(W3CHttpResponseCodec.java:93)
	at org.openqa.selenium.remote.http.W3CHttpResponseCodec.decode(W3CHttpResponseCodec.java:42)
	at org.openqa.selenium.remote.HttpCommandExecutor.execute(HttpCommandExecutor.java:163)
	at org.openqa.selenium.remote.service.DriverCommandExecutor.execute(DriverCommandExecutor.java:82)
	at org.openqa.selenium.remote.RemoteWebDriver.execute(RemoteWebDriver.java:601)
	at org.openqa.selenium.remote.RemoteWebDriver.findElement(RemoteWebDriver.java:368)
	at org.openqa.selenium.remote.RemoteWebDriver.findElementByCssSelector(RemoteWebDriver.java:465)
	at org.openqa.selenium.By$ByCssSelector.findElement(By.java:430)
	at org.openqa.selenium.remote.RemoteWebDriver.findElement(RemoteWebDriver.java:360)
	at sun.reflect.GeneratedMethodAccessor9.invoke(Unknown Source)
	at sun.reflect.DelegatingMethodAccessorImpl.invoke(DelegatingMethodAccessorImpl.java:43)
	at java.lang.reflect.Method.invoke(Method.java:498)
	at org.openqa.selenium.support.events.EventFiringWebDriver$2.invoke(EventFiringWebDriver.java:103)
	at com.sun.proxy.$Proxy6.findElement(Unknown Source)
	at org.openqa.selenium.support.events.EventFiringWebDriver.findElement(EventFiringWebDriver.java:187)
	at org.openqa.selenium.remote.server.handler.FindElement.call(FindElement.java:48)
	at org.openqa.selenium.remote.server.handler.FindElement.call(FindElement.java:33)
	at java.util.concurrent.FutureTask.run(FutureTask.java:266)
	at org.openqa.selenium.remote.server.DefaultSession$1.run(DefaultSession.java:176)
	at java.util.concurrent.ThreadPoolExecutor.runWorker(ThreadPoolExecutor.java:1142)
	at java.util.concurrent.ThreadPoolExecutor$Worker.run(ThreadPoolExecutor.java:617)
	at java.lang.Thread.run(Thread.java:745)
]]></error>
  </testcase>
  <testcase name="Then Luma Module for Guest &quot;Create an Account&quot; is available" classname="| Create an Account | Welcome Pinguino Volante! |" time="0">
    <skipped/>
  </testcase>
  <testcase name="But Luma Modules for Registered &quot;Welcome Pinguino Volante!&quot; is not available" classname="| Create an Account | Welcome Pinguino Volante! |" time="0">
    <skipped/>
  </testcase>
  <testcase name="Given Luma Home Page" classname="| Welcome, bdd1002! | bdd1002@duduosun.com | Salmon02 | Sign In |" time="0.001"/>
  <testcase name="When User Interact with Luma Website" classname="| Welcome, bdd1002! | bdd1002@duduosun.com | Salmon02 | Sign In |" time="0"/>
  <testcase name="And Trigger Registered &quot;Welcome, bdd1002!&quot; Action with &quot;bdd1002@duduosun.com&quot; and &quot;Salmon02&quot;" classname="| Welcome, bdd1002! | bdd1002@duduosun.com | Salmon02 | Sign In |" time="0"/>
  <testcase name="Then Luma Default for Registered &quot;Welcome, bdd1002!&quot; is available" classname="| Welcome, bdd1002! | bdd1002@duduosun.com | Salmon02 | Sign In |" time="0"/>
  <testcase name="But Luma Modules for Guest &quot;Sign In&quot; is not available" classname="| Welcome, bdd1002! | bdd1002@duduosun.com | Salmon02 | Sign In |" time="0"/>
  <testcase name="| Welcome, bdd1002! | bdd1002@duduosun.com | Salmon02 | Sign In |" classname="| Welcome, bdd1002! | bdd1002@duduosun.com | Salmon02 | Sign In |" time="0.5"/>
</testsuite>